2025-02-16 00:18:46,737 - INFO - Servo set to home position.
2025-02-16 00:19:09,843 - INFO - cp identified 1
2025-02-16 00:19:09,843 - INFO - cb
2025-02-16 00:19:09,844 - INFO - Cb Dimention wXh: (16.900000000000002, 24.1)
2025-02-16 00:19:09,844 - INFO - cp identified 2: False Class Name: cb
2025-02-16 00:19:09,844 - INFO - cp identified 3
2025-02-16 00:19:09,848 - INFO - _________CB START_________
2025-02-16 00:19:09,848 - INFO - defect : False
2025-02-16 00:19:09,848 - INFO - any_defect_identified : False
2025-02-16 00:19:09,848 - INFO - cb_on_cam : True
2025-02-16 00:19:09,849 - INFO - cb_identified : True
2025-02-16 00:19:09,850 - INFO - _________CB END_________
2025-02-16 00:19:10,131 - INFO - cp identified 1
2025-02-16 00:19:10,131 - INFO - cb
2025-02-16 00:19:10,131 - INFO - Cb Dimention wXh: (18.1, 31.1)
2025-02-16 00:19:10,131 - INFO - cp identified 2: False Class Name: cb
2025-02-16 00:19:10,131 - INFO - cp identified 3
2025-02-16 00:19:10,133 - INFO - _________CB START_________
2025-02-16 00:19:10,134 - INFO - defect : False
2025-02-16 00:19:10,134 - INFO - any_defect_identified : False
2025-02-16 00:19:10,134 - INFO - cb_on_cam : True
2025-02-16 00:19:10,134 - INFO - cb_identified : True
2025-02-16 00:19:10,134 - INFO - _________CB END_________
2025-02-16 00:19:10,417 - INFO - cp identified 1
2025-02-16 00:19:10,418 - INFO - cb
2025-02-16 00:19:10,418 - INFO - Cb Dimention wXh: (22.0, 37.4)
2025-02-16 00:19:10,418 - INFO - cp identified 2: False Class Name: cb
2025-02-16 00:19:10,418 - INFO - cp identified 3
2025-02-16 00:19:10,421 - INFO - _________CB START_________
2025-02-16 00:19:10,421 - INFO - defect : False
2025-02-16 00:19:10,421 - INFO - any_defect_identified : False
2025-02-16 00:19:10,421 - INFO - cb_on_cam : True
2025-02-16 00:19:10,421 - INFO - cb_identified : True
2025-02-16 00:19:10,421 - INFO - _________CB END_________
2025-02-16 00:19:10,706 - INFO - cp identified 1
2025-02-16 00:19:10,706 - INFO - cb
2025-02-16 00:19:10,706 - INFO - Cb Dimention wXh: (22.8, 36.1)
2025-02-16 00:19:10,706 - INFO - cp identified 2: False Class Name: cb
2025-02-16 00:19:10,707 - INFO - cp identified 3
2025-02-16 00:19:10,708 - INFO - _________CB START_________
2025-02-16 00:19:10,709 - INFO - defect : False
2025-02-16 00:19:10,709 - INFO - any_defect_identified : False
2025-02-16 00:19:10,709 - INFO - cb_on_cam : True
2025-02-16 00:19:10,709 - INFO - cb_identified : True
2025-02-16 00:19:10,709 - INFO - _________CB END_________
2025-02-16 00:19:10,994 - INFO - cp identified 1
2025-02-16 00:19:10,994 - INFO - cb
2025-02-16 00:19:10,994 - INFO - Cb Dimention wXh: (20.5, 32.4)
2025-02-16 00:19:10,995 - INFO - cp identified 2: False Class Name: cb
2025-02-16 00:19:10,995 - INFO - cp identified 3
2025-02-16 00:19:10,996 - INFO - _________CB START_________
2025-02-16 00:19:10,997 - INFO - defect : False
2025-02-16 00:19:10,997 - INFO - any_defect_identified : False
2025-02-16 00:19:10,997 - INFO - cb_on_cam : True
2025-02-16 00:19:10,997 - INFO - cb_identified : True
2025-02-16 00:19:10,997 - INFO - _________CB END_________
2025-02-16 00:19:12,803 - ERROR - Error in append_and_rotate - Brush Id not found
2025-02-16 00:19:12,803 - INFO - brush left




2025-02-16 00:19:14,685 - INFO - Closing All Cameras.
2025-02-16 00:19:15,354 - INFO - All camera daily operations are closed
