2025-02-16 00:27:58,527 - INFO - Servo set to home position.
2025-02-16 00:28:00,886 - INFO - cp identified 1
2025-02-16 00:28:00,887 - INFO - Decfect identified 1
2025-02-16 00:28:00,887 - INFO - cb
2025-02-16 00:28:00,887 - INFO - Cb Dimention wXh: (17.900000000000002, 25.200000000000003)
2025-02-16 00:28:00,887 - INFO - cp identified 2: False Class Name: cb
2025-02-16 00:28:00,887 - INFO - cp identified 3
2025-02-16 00:28:00,888 - INFO - ##############################Both identified####################################
2025-02-16 00:28:00,935 - INFO - _________CB START_________
2025-02-16 00:28:00,936 - INFO - defect : True
2025-02-16 00:28:00,936 - INFO - any_defect_identified : True
2025-02-16 00:28:00,936 - INFO - cb_on_cam : True
2025-02-16 00:28:00,936 - INFO - cb_identified : True
2025-02-16 00:28:00,936 - INFO - _________CB END_________
2025-02-16 00:28:00,936 - INFO - _________DEFECT START_________
2025-02-16 00:28:00,936 - INFO - defect : True
2025-02-16 00:28:00,936 - INFO - any_defect_identified : True
2025-02-16 00:28:00,936 - INFO - cb_on_cam : True
2025-02-16 00:28:00,936 - INFO - cb_identified : True
2025-02-16 00:28:00,936 - INFO - _________DEFECT END_________
2025-02-16 00:28:01,218 - INFO - cp identified 1
2025-02-16 00:28:01,218 - INFO - Decfect identified 1
2025-02-16 00:28:01,219 - INFO - cb
2025-02-16 00:28:01,219 - INFO - Cb Dimention wXh: (18.1, 25.200000000000003)
2025-02-16 00:28:01,219 - INFO - cp identified 2: False Class Name: cb
2025-02-16 00:28:01,219 - INFO - cp identified 3
2025-02-16 00:28:01,219 - INFO - ##############################Both identified####################################
2025-02-16 00:28:01,221 - INFO - _________CB START_________
2025-02-16 00:28:01,221 - INFO - defect : True
2025-02-16 00:28:01,221 - INFO - any_defect_identified : True
2025-02-16 00:28:01,221 - INFO - cb_on_cam : True
2025-02-16 00:28:01,221 - INFO - cb_identified : True
2025-02-16 00:28:01,221 - INFO - _________CB END_________
2025-02-16 00:28:01,221 - INFO - _________DEFECT START_________
2025-02-16 00:28:01,221 - INFO - defect : True
2025-02-16 00:28:01,221 - INFO - any_defect_identified : True
2025-02-16 00:28:01,221 - INFO - cb_on_cam : True
2025-02-16 00:28:01,221 - INFO - cb_identified : True
2025-02-16 00:28:01,221 - INFO - _________DEFECT END_________
2025-02-16 00:28:01,508 - INFO - cp identified 1
2025-02-16 00:28:01,508 - INFO - Decfect identified 1
2025-02-16 00:28:01,508 - INFO - cb
2025-02-16 00:28:01,508 - INFO - Cb Dimention wXh: (18.0, 25.200000000000003)
2025-02-16 00:28:01,509 - INFO - cp identified 2: False Class Name: cb
2025-02-16 00:28:01,509 - INFO - cp identified 3
2025-02-16 00:28:01,509 - INFO - ##############################Both identified####################################
2025-02-16 00:28:01,512 - INFO - _________CB START_________
2025-02-16 00:28:01,512 - INFO - defect : True
2025-02-16 00:28:01,512 - INFO - any_defect_identified : True
2025-02-16 00:28:01,512 - INFO - cb_on_cam : True
2025-02-16 00:28:01,512 - INFO - cb_identified : True
2025-02-16 00:28:01,512 - INFO - _________CB END_________
2025-02-16 00:28:01,512 - INFO - _________DEFECT START_________
2025-02-16 00:28:01,512 - INFO - defect : True
2025-02-16 00:28:01,512 - INFO - any_defect_identified : True
2025-02-16 00:28:01,512 - INFO - cb_on_cam : True
2025-02-16 00:28:01,512 - INFO - cb_identified : True
2025-02-16 00:28:01,512 - INFO - _________DEFECT END_________
2025-02-16 00:28:01,797 - INFO - cp identified 1
2025-02-16 00:28:01,798 - INFO - Decfect identified 1
2025-02-16 00:28:01,798 - INFO - cb
2025-02-16 00:28:01,798 - INFO - Cb Dimention wXh: (18.0, 25.200000000000003)
2025-02-16 00:28:01,798 - INFO - cp identified 2: False Class Name: cb
2025-02-16 00:28:01,798 - INFO - cp identified 3
2025-02-16 00:28:01,798 - INFO - ##############################Both identified####################################
2025-02-16 00:28:01,800 - INFO - _________CB START_________
2025-02-16 00:28:01,800 - INFO - defect : True
2025-02-16 00:28:01,800 - INFO - any_defect_identified : True
2025-02-16 00:28:01,800 - INFO - cb_on_cam : True
2025-02-16 00:28:01,800 - INFO - cb_identified : True
2025-02-16 00:28:01,800 - INFO - _________CB END_________
2025-02-16 00:28:01,801 - INFO - _________DEFECT START_________
2025-02-16 00:28:01,801 - INFO - defect : True
2025-02-16 00:28:01,801 - INFO - any_defect_identified : True
2025-02-16 00:28:01,801 - INFO - cb_on_cam : True
2025-02-16 00:28:01,801 - INFO - cb_identified : True
2025-02-16 00:28:01,801 - INFO - _________DEFECT END_________
2025-02-16 00:28:02,087 - INFO - cp identified 1
2025-02-16 00:28:02,088 - INFO - cb
2025-02-16 00:28:02,088 - INFO - Cb Dimention wXh: (18.0, 25.1)
2025-02-16 00:28:02,088 - INFO - cp identified 2: False Class Name: cb
2025-02-16 00:28:02,088 - INFO - cp identified 3
2025-02-16 00:28:02,091 - INFO - _________CB START_________
2025-02-16 00:28:02,091 - INFO - defect : False
2025-02-16 00:28:02,091 - INFO - any_defect_identified : True
2025-02-16 00:28:02,091 - INFO - cb_on_cam : True
2025-02-16 00:28:02,091 - INFO - cb_identified : True
2025-02-16 00:28:02,091 - INFO - _________CB END_________
2025-02-16 00:28:02,380 - INFO - cp identified 1
2025-02-16 00:28:02,381 - INFO - Decfect identified 1
2025-02-16 00:28:02,381 - INFO - cb
2025-02-16 00:28:02,381 - INFO - Cb Dimention wXh: (18.0, 25.200000000000003)
2025-02-16 00:28:02,381 - INFO - cp identified 2: False Class Name: cb
2025-02-16 00:28:02,381 - INFO - cp identified 3
2025-02-16 00:28:02,381 - INFO - ##############################Both identified####################################
2025-02-16 00:28:02,383 - INFO - _________CB START_________
2025-02-16 00:28:02,384 - INFO - defect : True
2025-02-16 00:28:02,384 - INFO - any_defect_identified : True
2025-02-16 00:28:02,384 - INFO - cb_on_cam : True
2025-02-16 00:28:02,384 - INFO - cb_identified : True
2025-02-16 00:28:02,384 - INFO - _________CB END_________
2025-02-16 00:28:02,384 - INFO - _________DEFECT START_________
2025-02-16 00:28:02,384 - INFO - defect : True
2025-02-16 00:28:02,384 - INFO - any_defect_identified : True
2025-02-16 00:28:02,384 - INFO - cb_on_cam : True
2025-02-16 00:28:02,384 - INFO - cb_identified : True
2025-02-16 00:28:02,384 - INFO - _________DEFECT END_________
2025-02-16 00:28:02,667 - INFO - cp identified 1
2025-02-16 00:28:02,668 - INFO - Decfect identified 1
2025-02-16 00:28:02,668 - INFO - cb
2025-02-16 00:28:02,668 - INFO - Cb Dimention wXh: (17.900000000000002, 25.200000000000003)
2025-02-16 00:28:02,668 - INFO - cp identified 2: False Class Name: cb
2025-02-16 00:28:02,668 - INFO - cp identified 3
2025-02-16 00:28:02,668 - INFO - ##############################Both identified####################################
2025-02-16 00:28:02,670 - INFO - _________CB START_________
2025-02-16 00:28:02,670 - INFO - defect : True
2025-02-16 00:28:02,670 - INFO - any_defect_identified : True
2025-02-16 00:28:02,671 - INFO - cb_on_cam : True
2025-02-16 00:28:02,671 - INFO - cb_identified : True
2025-02-16 00:28:02,671 - INFO - _________CB END_________
2025-02-16 00:28:02,671 - INFO - _________DEFECT START_________
2025-02-16 00:28:02,671 - INFO - defect : True
2025-02-16 00:28:02,671 - INFO - any_defect_identified : True
2025-02-16 00:28:02,671 - INFO - cb_on_cam : True
2025-02-16 00:28:02,671 - INFO - cb_identified : True
2025-02-16 00:28:02,671 - INFO - _________DEFECT END_________
2025-02-16 00:28:02,956 - INFO - cp identified 1
2025-02-16 00:28:02,956 - INFO - Decfect identified 1
2025-02-16 00:28:02,957 - INFO - cb
2025-02-16 00:28:02,957 - INFO - Cb Dimention wXh: (17.900000000000002, 25.200000000000003)
2025-02-16 00:28:02,957 - INFO - cp identified 2: False Class Name: cb
2025-02-16 00:28:02,957 - INFO - cp identified 3
2025-02-16 00:28:02,957 - INFO - ##############################Both identified####################################
2025-02-16 00:28:02,959 - INFO - _________CB START_________
2025-02-16 00:28:02,960 - INFO - defect : True
2025-02-16 00:28:02,960 - INFO - any_defect_identified : True
2025-02-16 00:28:02,960 - INFO - cb_on_cam : True
2025-02-16 00:28:02,960 - INFO - cb_identified : True
2025-02-16 00:28:02,960 - INFO - _________CB END_________
2025-02-16 00:28:02,960 - INFO - _________DEFECT START_________
2025-02-16 00:28:02,960 - INFO - defect : True
2025-02-16 00:28:02,960 - INFO - any_defect_identified : True
2025-02-16 00:28:02,960 - INFO - cb_on_cam : True
2025-02-16 00:28:02,960 - INFO - cb_identified : True
2025-02-16 00:28:02,960 - INFO - _________DEFECT END_________
2025-02-16 00:28:03,243 - INFO - cp identified 1
2025-02-16 00:28:03,244 - INFO - Decfect identified 1
2025-02-16 00:28:03,244 - INFO - cb
2025-02-16 00:28:03,244 - INFO - Cb Dimention wXh: (18.0, 25.3)
2025-02-16 00:28:03,245 - INFO - cp identified 2: False Class Name: cb
2025-02-16 00:28:03,245 - INFO - cp identified 3
2025-02-16 00:28:03,245 - INFO - ##############################Both identified####################################
2025-02-16 00:28:03,247 - INFO - _________CB START_________
2025-02-16 00:28:03,248 - INFO - defect : True
2025-02-16 00:28:03,248 - INFO - any_defect_identified : True
2025-02-16 00:28:03,248 - INFO - cb_on_cam : True
2025-02-16 00:28:03,248 - INFO - cb_identified : True
2025-02-16 00:28:03,248 - INFO - _________CB END_________
2025-02-16 00:28:03,248 - INFO - _________DEFECT START_________
2025-02-16 00:28:03,248 - INFO - defect : True
2025-02-16 00:28:03,248 - INFO - any_defect_identified : True
2025-02-16 00:28:03,248 - INFO - cb_on_cam : True
2025-02-16 00:28:03,248 - INFO - cb_identified : True
2025-02-16 00:28:03,248 - INFO - _________DEFECT END_________
2025-02-16 00:28:03,536 - INFO - cp identified 1
2025-02-16 00:28:03,536 - INFO - Decfect identified 1
2025-02-16 00:28:03,536 - INFO - cb
2025-02-16 00:28:03,536 - INFO - Cb Dimention wXh: (18.0, 25.200000000000003)
2025-02-16 00:28:03,536 - INFO - cp identified 2: False Class Name: cb
2025-02-16 00:28:03,537 - INFO - cp identified 3
2025-02-16 00:28:03,537 - INFO - ##############################Both identified####################################
2025-02-16 00:28:03,539 - INFO - _________CB START_________
2025-02-16 00:28:03,539 - INFO - defect : True
2025-02-16 00:28:03,539 - INFO - any_defect_identified : True
2025-02-16 00:28:03,539 - INFO - cb_on_cam : True
2025-02-16 00:28:03,539 - INFO - cb_identified : True
2025-02-16 00:28:03,539 - INFO - _________CB END_________
2025-02-16 00:28:03,539 - INFO - _________DEFECT START_________
2025-02-16 00:28:03,539 - INFO - defect : True
2025-02-16 00:28:03,539 - INFO - any_defect_identified : True
2025-02-16 00:28:03,539 - INFO - cb_on_cam : True
2025-02-16 00:28:03,539 - INFO - cb_identified : True
2025-02-16 00:28:03,539 - INFO - _________DEFECT END_________
2025-02-16 00:28:03,823 - INFO - cp identified 1
2025-02-16 00:28:03,824 - INFO - cb
2025-02-16 00:28:03,824 - INFO - Cb Dimention wXh: (18.0, 25.200000000000003)
2025-02-16 00:28:03,824 - INFO - cp identified 2: False Class Name: cb
2025-02-16 00:28:03,824 - INFO - cp identified 3
2025-02-16 00:28:03,828 - INFO - _________CB START_________
2025-02-16 00:28:03,828 - INFO - defect : False
2025-02-16 00:28:03,828 - INFO - any_defect_identified : True
2025-02-16 00:28:03,828 - INFO - cb_on_cam : True
2025-02-16 00:28:03,828 - INFO - cb_identified : True
2025-02-16 00:28:03,828 - INFO - _________CB END_________
2025-02-16 00:28:04,114 - INFO - cp identified 1
2025-02-16 00:28:04,115 - INFO - Decfect identified 1
2025-02-16 00:28:04,115 - INFO - cb
2025-02-16 00:28:04,115 - INFO - Cb Dimention wXh: (18.0, 25.200000000000003)
2025-02-16 00:28:04,115 - INFO - cp identified 2: False Class Name: cb
2025-02-16 00:28:04,115 - INFO - cp identified 3
2025-02-16 00:28:04,115 - INFO - ##############################Both identified####################################
2025-02-16 00:28:04,117 - INFO - _________CB START_________
2025-02-16 00:28:04,117 - INFO - defect : True
2025-02-16 00:28:04,117 - INFO - any_defect_identified : True
2025-02-16 00:28:04,117 - INFO - cb_on_cam : True
2025-02-16 00:28:04,117 - INFO - cb_identified : True
2025-02-16 00:28:04,117 - INFO - _________CB END_________
2025-02-16 00:28:04,117 - INFO - _________DEFECT START_________
2025-02-16 00:28:04,117 - INFO - defect : True
2025-02-16 00:28:04,117 - INFO - any_defect_identified : True
2025-02-16 00:28:04,117 - INFO - cb_on_cam : True
2025-02-16 00:28:04,117 - INFO - cb_identified : True
2025-02-16 00:28:04,118 - INFO - _________DEFECT END_________
2025-02-16 00:28:04,401 - INFO - cp identified 1
2025-02-16 00:28:04,402 - INFO - Decfect identified 1
2025-02-16 00:28:04,402 - INFO - cb
2025-02-16 00:28:04,402 - INFO - Cb Dimention wXh: (18.1, 25.200000000000003)
2025-02-16 00:28:04,402 - INFO - cp identified 2: False Class Name: cb
2025-02-16 00:28:04,402 - INFO - cp identified 3
2025-02-16 00:28:04,402 - INFO - ##############################Both identified####################################
2025-02-16 00:28:04,409 - INFO - _________CB START_________
2025-02-16 00:28:04,409 - INFO - defect : True
2025-02-16 00:28:04,409 - INFO - any_defect_identified : True
2025-02-16 00:28:04,409 - INFO - cb_on_cam : True
2025-02-16 00:28:04,409 - INFO - cb_identified : True
2025-02-16 00:28:04,409 - INFO - _________CB END_________
2025-02-16 00:28:04,409 - INFO - _________DEFECT START_________
2025-02-16 00:28:04,409 - INFO - defect : True
2025-02-16 00:28:04,410 - INFO - any_defect_identified : True
2025-02-16 00:28:04,410 - INFO - cb_on_cam : True
2025-02-16 00:28:04,410 - INFO - cb_identified : True
2025-02-16 00:28:04,410 - INFO - _________DEFECT END_________
2025-02-16 00:28:04,702 - INFO - cp identified 1
2025-02-16 00:28:04,702 - INFO - cb
2025-02-16 00:28:04,703 - INFO - Cb Dimention wXh: (17.900000000000002, 25.200000000000003)
2025-02-16 00:28:04,703 - INFO - cp identified 2: False Class Name: cb
2025-02-16 00:28:04,703 - INFO - cp identified 3
2025-02-16 00:28:05,764 - INFO - Closing All Cameras.
2025-02-16 00:28:06,454 - INFO - All camera daily operations are closed
