2025-02-15 20:09:06,988 - INFO - Servo set to home position.
2025-02-15 20:09:09,026 - INFO - Analys End
2025-02-15 20:09:09,088 - INFO - Analys End
2025-02-15 20:09:09,150 - INFO - Analys End
2025-02-15 20:09:09,217 - INFO - Analys End
2025-02-15 20:09:09,284 - INFO - Analys End
2025-02-15 20:09:09,348 - INFO - Analys End
2025-02-15 20:09:09,408 - INFO - Analys End
2025-02-15 20:09:09,464 - INFO - Analys End
2025-02-15 20:09:09,528 - INFO - Analys End
2025-02-15 20:09:09,587 - INFO - Analys End
2025-02-15 20:09:09,644 - INFO - Analys End
2025-02-15 20:09:09,694 - INFO - Analys End
2025-02-15 20:09:09,742 - INFO - Analys End
2025-02-15 20:09:09,792 - INFO - Analys End
2025-02-15 20:09:09,841 - INFO - Analys End
2025-02-15 20:09:09,890 - INFO - Analys End
2025-02-15 20:09:09,943 - INFO - Analys End
2025-02-15 20:09:09,991 - INFO - Analys End
2025-02-15 20:09:10,038 - INFO - Analys End
2025-02-15 20:09:10,088 - INFO - Analys End
2025-02-15 20:09:10,136 - INFO - Analys End
2025-02-15 20:09:10,185 - INFO - Analys End
2025-02-15 20:09:10,236 - INFO - Analys End
2025-02-15 20:09:10,285 - INFO - Analys End
2025-02-15 20:09:10,336 - INFO - Analys End
2025-02-15 20:09:10,393 - INFO - Analys End
2025-02-15 20:09:10,447 - INFO - Analys End
2025-02-15 20:09:10,502 - INFO - Analys End
2025-02-15 20:09:10,557 - INFO - Analys End
2025-02-15 20:09:10,604 - INFO - Analys End
2025-02-15 20:09:10,654 - INFO - Analys End
2025-02-15 20:09:10,702 - INFO - Analys End
2025-02-15 20:09:10,749 - INFO - Analys End
2025-02-15 20:09:10,797 - INFO - Analys End
2025-02-15 20:09:10,849 - INFO - Analys End
2025-02-15 20:09:10,898 - INFO - Analys End
2025-02-15 20:09:10,946 - INFO - Analys End
2025-02-15 20:09:10,993 - INFO - Analys End
2025-02-15 20:09:11,041 - INFO - Analys End
2025-02-15 20:09:11,088 - INFO - Analys End
2025-02-15 20:09:11,139 - INFO - Analys End
2025-02-15 20:09:11,187 - INFO - Analys End
2025-02-15 20:09:11,233 - INFO - Analys End
2025-02-15 20:09:11,280 - INFO - Analys End
2025-02-15 20:09:11,328 - INFO - Analys End
2025-02-15 20:09:11,375 - INFO - Analys End
2025-02-15 20:09:11,426 - INFO - Analys End
2025-02-15 20:09:11,473 - INFO - Analys End
2025-02-15 20:09:11,519 - INFO - Analys End
2025-02-15 20:09:11,567 - INFO - Analys End
2025-02-15 20:09:11,615 - INFO - Analys End
2025-02-15 20:09:11,662 - INFO - Analys End
2025-02-15 20:09:11,713 - INFO - Analys End
2025-02-15 20:09:11,761 - INFO - Analys End
2025-02-15 20:09:11,808 - INFO - Analys End
2025-02-15 20:09:11,855 - INFO - Analys End
2025-02-15 20:09:11,902 - INFO - Analys End
2025-02-15 20:09:11,949 - INFO - Analys End
2025-02-15 20:09:12,000 - INFO - Analys End
2025-02-15 20:09:12,048 - INFO - Analys End
2025-02-15 20:09:12,095 - INFO - Analys End
2025-02-15 20:09:12,142 - INFO - Analys End
2025-02-15 20:09:12,191 - INFO - Analys End
2025-02-15 20:09:12,238 - INFO - Analys End
2025-02-15 20:09:12,289 - INFO - Analys End
2025-02-15 20:09:12,336 - INFO - Analys End
2025-02-15 20:09:12,382 - INFO - Analys End
2025-02-15 20:09:12,429 - INFO - Analys End
2025-02-15 20:09:12,478 - INFO - Analys End
2025-02-15 20:09:12,525 - INFO - Analys End
2025-02-15 20:09:12,576 - INFO - Analys End
2025-02-15 20:09:12,625 - INFO - Analys End
2025-02-15 20:09:12,671 - INFO - Analys End
2025-02-15 20:09:12,721 - INFO - Analys End
2025-02-15 20:09:12,768 - INFO - Analys End
2025-02-15 20:09:12,815 - INFO - Analys End
2025-02-15 20:09:12,865 - INFO - Analys End
2025-02-15 20:09:12,914 - INFO - Analys End
2025-02-15 20:09:12,960 - INFO - Analys End
2025-02-15 20:09:13,008 - INFO - Analys End
2025-02-15 20:09:13,055 - INFO - Analys End
2025-02-15 20:09:13,102 - INFO - Analys End
2025-02-15 20:09:13,153 - INFO - Analys End
2025-02-15 20:09:13,200 - INFO - Analys End
2025-02-15 20:09:13,247 - INFO - Analys End
2025-02-15 20:09:13,295 - INFO - Analys End
2025-02-15 20:09:13,344 - INFO - Analys End
2025-02-15 20:09:13,391 - INFO - Analys End
2025-02-15 20:09:13,442 - INFO - Analys End
2025-02-15 20:09:13,490 - INFO - Analys End
2025-02-15 20:09:13,536 - INFO - Analys End
2025-02-15 20:09:13,583 - INFO - Analys End
2025-02-15 20:09:13,630 - INFO - Analys End
2025-02-15 20:09:13,678 - INFO - Analys End
2025-02-15 20:09:13,729 - INFO - Analys End
2025-02-15 20:09:13,778 - INFO - Analys End
2025-02-15 20:09:13,824 - INFO - Analys End
2025-02-15 20:09:13,871 - INFO - Analys End
2025-02-15 20:09:13,920 - INFO - Analys End
2025-02-15 20:09:13,966 - INFO - Analys End
2025-02-15 20:09:14,016 - INFO - Analys End
2025-02-15 20:09:14,064 - INFO - Analys End
2025-02-15 20:09:14,110 - INFO - Analys End
2025-02-15 20:09:14,157 - INFO - Analys End
2025-02-15 20:09:14,205 - INFO - Analys End
2025-02-15 20:09:14,251 - INFO - Analys End
2025-02-15 20:09:14,301 - INFO - Analys End
2025-02-15 20:09:14,349 - INFO - Analys End
2025-02-15 20:09:14,395 - INFO - Analys End
2025-02-15 20:09:14,442 - INFO - Analys End
2025-02-15 20:09:14,490 - INFO - Analys End
2025-02-15 20:09:14,536 - INFO - Analys End
2025-02-15 20:09:14,588 - INFO - Analys End
2025-02-15 20:09:14,635 - INFO - Analys End
2025-02-15 20:09:14,682 - INFO - Analys End
2025-02-15 20:09:14,730 - INFO - Analys End
2025-02-15 20:09:14,778 - INFO - Analys End
2025-02-15 20:09:14,825 - INFO - Analys End
2025-02-15 20:09:14,877 - INFO - Analys End
2025-02-15 20:09:14,926 - INFO - Analys End
2025-02-15 20:09:14,972 - INFO - Analys End
2025-02-15 20:09:15,019 - INFO - Analys End
2025-02-15 20:09:15,068 - INFO - Analys End
2025-02-15 20:09:15,114 - INFO - Analys End
2025-02-15 20:09:15,165 - INFO - Analys End
2025-02-15 20:09:15,212 - INFO - Analys End
2025-02-15 20:09:15,258 - INFO - Analys End
2025-02-15 20:09:15,305 - INFO - Analys End
2025-02-15 20:09:15,352 - INFO - Analys End
2025-02-15 20:09:15,399 - INFO - Analys End
2025-02-15 20:09:15,450 - INFO - Analys End
2025-02-15 20:09:15,498 - INFO - Analys End
2025-02-15 20:09:15,544 - INFO - Analys End
2025-02-15 20:09:15,591 - INFO - Analys End
2025-02-15 20:09:15,639 - INFO - Analys End
2025-02-15 20:09:15,686 - INFO - Analys End
2025-02-15 20:09:15,737 - INFO - Analys End
2025-02-15 20:09:15,784 - INFO - Analys End
2025-02-15 20:09:15,830 - INFO - Analys End
2025-02-15 20:09:15,878 - INFO - Analys End
2025-02-15 20:09:15,927 - INFO - Analys End
2025-02-15 20:09:15,973 - INFO - Analys End
2025-02-15 20:09:16,024 - INFO - Analys End
2025-02-15 20:09:16,070 - INFO - Analys End
2025-02-15 20:09:16,116 - INFO - Analys End
2025-02-15 20:09:16,163 - INFO - Analys End
2025-02-15 20:09:16,211 - INFO - Analys End
2025-02-15 20:09:16,259 - INFO - Analys End
2025-02-15 20:09:16,309 - INFO - Analys End
2025-02-15 20:09:16,357 - INFO - Analys End
2025-02-15 20:09:16,403 - INFO - Analys End
2025-02-15 20:09:16,449 - INFO - Analys End
2025-02-15 20:09:16,497 - INFO - Analys End
2025-02-15 20:09:16,545 - INFO - Analys End
2025-02-15 20:09:16,595 - INFO - Analys End
2025-02-15 20:09:16,642 - INFO - Analys End
2025-02-15 20:09:16,689 - INFO - Analys End
2025-02-15 20:09:16,736 - INFO - Analys End
2025-02-15 20:09:16,784 - INFO - Analys End
2025-02-15 20:09:16,832 - INFO - Analys End
2025-02-15 20:09:16,883 - INFO - Analys End
2025-02-15 20:09:16,931 - INFO - Analys End
2025-02-15 20:09:16,977 - INFO - Analys End
2025-02-15 20:09:17,024 - INFO - Analys End
2025-02-15 20:09:17,073 - INFO - Analys End
2025-02-15 20:09:17,119 - INFO - Analys End
2025-02-15 20:09:17,171 - INFO - Analys End
2025-02-15 20:09:17,218 - INFO - Analys End
2025-02-15 20:09:17,264 - INFO - Analys End
2025-02-15 20:09:17,313 - INFO - Analys End
2025-02-15 20:09:17,360 - INFO - Analys End
2025-02-15 20:09:17,407 - INFO - Analys End
2025-02-15 20:09:17,458 - INFO - Analys End
2025-02-15 20:09:17,505 - INFO - Analys End
2025-02-15 20:09:17,551 - INFO - Analys End
2025-02-15 20:09:17,598 - INFO - Analys End
2025-02-15 20:09:17,647 - INFO - Analys End
2025-02-15 20:09:17,695 - INFO - Analys End
2025-02-15 20:09:17,747 - INFO - Analys End
2025-02-15 20:09:17,795 - INFO - Analys End
2025-02-15 20:09:17,841 - INFO - Analys End
2025-02-15 20:09:17,888 - INFO - Analys End
2025-02-15 20:09:17,937 - INFO - Analys End
2025-02-15 20:09:17,984 - INFO - Analys End
2025-02-15 20:09:18,035 - INFO - Analys End
2025-02-15 20:09:18,082 - INFO - Analys End
2025-02-15 20:09:18,130 - INFO - Analys End
2025-02-15 20:09:18,178 - INFO - Analys End
2025-02-15 20:09:18,226 - INFO - Analys End
2025-02-15 20:09:18,273 - INFO - Analys End
2025-02-15 20:09:18,324 - INFO - Analys End
2025-02-15 20:09:18,370 - INFO - Analys End
2025-02-15 20:09:18,418 - INFO - Analys End
2025-02-15 20:09:18,465 - INFO - Analys End
2025-02-15 20:09:18,513 - INFO - Analys End
2025-02-15 20:09:18,560 - INFO - Analys End
2025-02-15 20:09:18,611 - INFO - Analys End
2025-02-15 20:09:18,659 - INFO - Analys End
2025-02-15 20:09:18,703 - INFO - Analys End
2025-02-15 20:09:18,750 - INFO - Analys End
2025-02-15 20:09:18,798 - INFO - Analys End
2025-02-15 20:09:18,845 - INFO - Analys End
2025-02-15 20:09:18,896 - INFO - Analys End
2025-02-15 20:09:18,944 - INFO - Analys End
2025-02-15 20:09:18,990 - INFO - Analys End
2025-02-15 20:09:19,037 - INFO - Analys End
2025-02-15 20:09:19,086 - INFO - Analys End
2025-02-15 20:09:19,132 - INFO - Analys End
2025-02-15 20:09:19,184 - INFO - Analys End
2025-02-15 20:09:19,231 - INFO - Analys End
2025-02-15 20:09:19,279 - INFO - cp identified 1
2025-02-15 20:09:19,280 - INFO - cb
2025-02-15 20:09:19,280 - INFO - cp identified 2: False Class Name: cb
2025-02-15 20:09:19,280 - INFO - cp identified 3
2025-02-15 20:09:19,280 - INFO - Analys End
2025-02-15 20:09:19,283 - INFO - New brush created with ID: 1
2025-02-15 20:09:19,283 - INFO - _________CB START_________
2025-02-15 20:09:19,284 - INFO - defect : False
2025-02-15 20:09:19,284 - INFO - any_defect_identified : False
2025-02-15 20:09:19,284 - INFO - cb_on_cam : True
2025-02-15 20:09:19,284 - INFO - cb_identified : True
2025-02-15 20:09:19,284 - INFO - _________CB END_________
2025-02-15 20:09:19,327 - INFO - Analys End
2025-02-15 20:09:19,375 - INFO - Analys End
2025-02-15 20:09:19,421 - INFO - Analys End
2025-02-15 20:09:19,471 - INFO - Analys End
2025-02-15 20:09:19,518 - INFO - Analys End
2025-02-15 20:09:19,566 - INFO - cp identified 1
2025-02-15 20:09:19,566 - INFO - Decfect identified 1
2025-02-15 20:09:19,566 - INFO - cb
2025-02-15 20:09:19,566 - INFO - cp identified 2: False Class Name: cb
2025-02-15 20:09:19,566 - INFO - cp identified 3
2025-02-15 20:09:19,566 - INFO - Analys End
2025-02-15 20:09:19,567 - INFO - ##############################Both identified####################################
2025-02-15 20:09:19,569 - INFO - _________CB START_________
2025-02-15 20:09:19,569 - INFO - defect : True
2025-02-15 20:09:19,569 - INFO - any_defect_identified : True
2025-02-15 20:09:19,569 - INFO - cb_on_cam : True
2025-02-15 20:09:19,569 - INFO - cb_identified : True
2025-02-15 20:09:19,569 - INFO - _________CB END_________
2025-02-15 20:09:19,569 - INFO - _________DEFECT START_________
2025-02-15 20:09:19,569 - INFO - defect : True
2025-02-15 20:09:19,569 - INFO - any_defect_identified : True
2025-02-15 20:09:19,569 - INFO - cb_on_cam : True
2025-02-15 20:09:19,569 - INFO - cb_identified : True
2025-02-15 20:09:19,569 - INFO - _________DEFECT END_________
2025-02-15 20:09:19,613 - INFO - Analys End
2025-02-15 20:09:19,661 - INFO - Analys End
2025-02-15 20:09:19,709 - INFO - Analys End
2025-02-15 20:09:19,760 - INFO - Analys End
2025-02-15 20:09:19,808 - INFO - Analys End
2025-02-15 20:09:19,855 - INFO - cp identified 1
2025-02-15 20:09:19,855 - INFO - Decfect identified 1
2025-02-15 20:09:19,856 - INFO - cb
2025-02-15 20:09:19,856 - INFO - cp identified 2: False Class Name: cb
2025-02-15 20:09:19,856 - INFO - cp identified 3
2025-02-15 20:09:19,856 - INFO - Analys End
2025-02-15 20:09:19,856 - INFO - ##############################Both identified####################################
2025-02-15 20:09:19,858 - INFO - _________CB START_________
2025-02-15 20:09:19,858 - INFO - defect : True
2025-02-15 20:09:19,858 - INFO - any_defect_identified : True
2025-02-15 20:09:19,858 - INFO - cb_on_cam : True
2025-02-15 20:09:19,858 - INFO - cb_identified : True
2025-02-15 20:09:19,858 - INFO - _________CB END_________
2025-02-15 20:09:19,858 - INFO - _________DEFECT START_________
2025-02-15 20:09:19,858 - INFO - defect : True
2025-02-15 20:09:19,858 - INFO - any_defect_identified : True
2025-02-15 20:09:19,858 - INFO - cb_on_cam : True
2025-02-15 20:09:19,858 - INFO - cb_identified : True
2025-02-15 20:09:19,858 - INFO - _________DEFECT END_________
2025-02-15 20:09:19,903 - INFO - Analys End
2025-02-15 20:09:19,950 - INFO - Analys End
2025-02-15 20:09:19,999 - INFO - Analys End
2025-02-15 20:09:20,050 - INFO - Analys End
2025-02-15 20:09:20,097 - INFO - Analys End
2025-02-15 20:09:20,146 - INFO - cp identified 1
2025-02-15 20:09:20,146 - INFO - Decfect identified 1
2025-02-15 20:09:20,146 - INFO - cb
2025-02-15 20:09:20,146 - INFO - cp identified 2: False Class Name: cb
2025-02-15 20:09:20,147 - INFO - cp identified 3
2025-02-15 20:09:20,147 - INFO - Analys End
2025-02-15 20:09:20,147 - INFO - ##############################Both identified####################################
2025-02-15 20:09:20,149 - INFO - _________CB START_________
2025-02-15 20:09:20,149 - INFO - defect : True
2025-02-15 20:09:20,149 - INFO - any_defect_identified : True
2025-02-15 20:09:20,149 - INFO - cb_on_cam : True
2025-02-15 20:09:20,149 - INFO - cb_identified : True
2025-02-15 20:09:20,149 - INFO - _________CB END_________
2025-02-15 20:09:20,149 - INFO - _________DEFECT START_________
2025-02-15 20:09:20,149 - INFO - defect : True
2025-02-15 20:09:20,149 - INFO - any_defect_identified : True
2025-02-15 20:09:20,149 - INFO - cb_on_cam : True
2025-02-15 20:09:20,149 - INFO - cb_identified : True
2025-02-15 20:09:20,149 - INFO - _________DEFECT END_________
2025-02-15 20:09:20,194 - INFO - Analys End
2025-02-15 20:09:20,242 - INFO - Analys End
2025-02-15 20:09:20,288 - INFO - Analys End
2025-02-15 20:09:20,338 - INFO - Analys End
2025-02-15 20:09:20,385 - INFO - Analys End
2025-02-15 20:09:20,432 - INFO - cp identified 1
2025-02-15 20:09:20,432 - INFO - Decfect identified 1
2025-02-15 20:09:20,432 - INFO - cb
2025-02-15 20:09:20,433 - INFO - cp identified 2: False Class Name: cb
2025-02-15 20:09:20,433 - INFO - cp identified 3
2025-02-15 20:09:20,433 - INFO - Analys End
2025-02-15 20:09:20,433 - INFO - ##############################Both identified####################################
2025-02-15 20:09:20,434 - INFO - _________CB START_________
2025-02-15 20:09:20,435 - INFO - defect : True
2025-02-15 20:09:20,435 - INFO - any_defect_identified : True
2025-02-15 20:09:20,435 - INFO - cb_on_cam : True
2025-02-15 20:09:20,435 - INFO - cb_identified : True
2025-02-15 20:09:20,435 - INFO - _________CB END_________
2025-02-15 20:09:20,435 - INFO - _________DEFECT START_________
2025-02-15 20:09:20,435 - INFO - defect : True
2025-02-15 20:09:20,435 - INFO - any_defect_identified : True
2025-02-15 20:09:20,435 - INFO - cb_on_cam : True
2025-02-15 20:09:20,435 - INFO - cb_identified : True
2025-02-15 20:09:20,435 - INFO - _________DEFECT END_________
2025-02-15 20:09:20,480 - INFO - Analys End
2025-02-15 20:09:20,528 - INFO - Analys End
2025-02-15 20:09:20,575 - INFO - Analys End
2025-02-15 20:09:20,626 - INFO - Analys End
2025-02-15 20:09:20,673 - INFO - Analys End
2025-02-15 20:09:20,720 - INFO - cp identified 1
2025-02-15 20:09:20,721 - INFO - cb
2025-02-15 20:09:20,721 - INFO - cp identified 2: False Class Name: cb
2025-02-15 20:09:20,721 - INFO - cp identified 3
2025-02-15 20:09:20,721 - INFO - Analys End
2025-02-15 20:09:20,725 - INFO - _________CB START_________
2025-02-15 20:09:20,725 - INFO - defect : False
2025-02-15 20:09:20,725 - INFO - any_defect_identified : True
2025-02-15 20:09:20,725 - INFO - cb_on_cam : True
2025-02-15 20:09:20,725 - INFO - cb_identified : True
2025-02-15 20:09:20,725 - INFO - _________CB END_________
2025-02-15 20:09:20,768 - INFO - Analys End
2025-02-15 20:09:20,816 - INFO - Analys End
2025-02-15 20:09:20,864 - INFO - Analys End
2025-02-15 20:09:20,915 - INFO - Analys End
2025-02-15 20:09:20,964 - INFO - Analys End
2025-02-15 20:09:21,009 - INFO - Analys End
2025-02-15 20:09:21,013 - INFO - Cam: 0 current brush ID: 1 Value: 1
2025-02-15 20:09:21,013 - INFO - brush left




2025-02-15 20:09:21,059 - INFO - Analys End
2025-02-15 20:09:21,110 - INFO - Analys End
2025-02-15 20:09:21,159 - INFO - Analys End
2025-02-15 20:09:21,212 - INFO - Analys End
2025-02-15 20:09:21,261 - INFO - Analys End
2025-02-15 20:09:21,310 - INFO - Analys End
2025-02-15 20:09:21,359 - INFO - Analys End
2025-02-15 20:09:21,407 - INFO - Analys End
2025-02-15 20:09:21,460 - INFO - Analys End
2025-02-15 20:09:21,508 - INFO - Analys End
2025-02-15 20:09:21,560 - INFO - Analys End
2025-02-15 20:09:21,609 - INFO - Analys End
2025-02-15 20:09:21,657 - INFO - Analys End
2025-02-15 20:09:21,711 - INFO - Analys End
2025-02-15 20:09:21,759 - INFO - Analys End
2025-02-15 20:09:21,810 - INFO - Analys End
2025-02-15 20:09:21,860 - INFO - Analys End
2025-02-15 20:09:21,908 - INFO - Analys End
2025-02-15 20:09:21,961 - INFO - Analys End
2025-02-15 20:09:22,010 - INFO - Analys End
2025-02-15 20:09:22,059 - INFO - Analys End
2025-02-15 20:09:22,110 - INFO - Analys End
2025-02-15 20:09:22,158 - INFO - Analys End
2025-02-15 20:09:22,211 - INFO - Analys End
2025-02-15 20:09:22,259 - INFO - Analys End
2025-02-15 20:09:22,310 - INFO - Analys End
2025-02-15 20:09:22,361 - INFO - Analys End
2025-02-15 20:09:22,407 - INFO - Analys End
2025-02-15 20:09:22,460 - INFO - Analys End
2025-02-15 20:09:22,509 - INFO - Analys End
2025-02-15 20:09:22,559 - INFO - Analys End
2025-02-15 20:09:22,610 - INFO - Analys End
2025-02-15 20:09:22,658 - INFO - Analys End
2025-02-15 20:09:22,711 - INFO - Analys End
2025-02-15 20:09:22,759 - INFO - Analys End
2025-02-15 20:09:22,809 - INFO - Analys End
2025-02-15 20:09:22,860 - INFO - Analys End
2025-02-15 20:09:22,908 - INFO - Analys End
2025-02-15 20:09:22,961 - INFO - Analys End
2025-02-15 20:09:23,010 - INFO - Analys End
2025-02-15 20:09:23,059 - INFO - Analys End
2025-02-15 20:09:23,107 - INFO - Analys End
2025-02-15 20:09:23,153 - INFO - Analys End
2025-02-15 20:09:23,203 - INFO - Analys End
2025-02-15 20:09:23,251 - INFO - Analys End
2025-02-15 20:09:23,297 - INFO - Analys End
2025-02-15 20:09:23,345 - INFO - Analys End
2025-02-15 20:09:23,393 - INFO - Analys End
2025-02-15 20:09:23,440 - INFO - Analys End
2025-02-15 20:09:23,490 - INFO - Analys End
2025-02-15 20:09:23,537 - INFO - Analys End
2025-02-15 20:09:23,583 - INFO - Analys End
2025-02-15 20:09:23,629 - INFO - Analys End
2025-02-15 20:09:23,677 - INFO - Analys End
2025-02-15 20:09:23,724 - INFO - Analys End
2025-02-15 20:09:23,775 - INFO - Analys End
2025-02-15 20:09:23,823 - INFO - Analys End
2025-02-15 20:09:23,869 - INFO - Analys End
2025-02-15 20:09:23,916 - INFO - Analys End
2025-02-15 20:09:23,963 - INFO - Analys End
2025-02-15 20:09:24,011 - INFO - Analys End
2025-02-15 20:09:24,063 - INFO - Analys End
2025-02-15 20:09:24,111 - INFO - Analys End
2025-02-15 20:09:24,158 - INFO - Analys End
2025-02-15 20:09:24,204 - INFO - Analys End
2025-02-15 20:09:24,251 - INFO - Analys End
2025-02-15 20:09:24,299 - INFO - Analys End
2025-02-15 20:09:24,350 - INFO - Analys End
2025-02-15 20:09:24,398 - INFO - Analys End
2025-02-15 20:09:24,445 - INFO - Analys End
2025-02-15 20:09:24,491 - INFO - Analys End
2025-02-15 20:09:24,540 - INFO - Analys End
2025-02-15 20:09:24,588 - INFO - Analys End
2025-02-15 20:09:24,637 - INFO - Analys End
2025-02-15 20:09:24,686 - INFO - Analys End
2025-02-15 20:09:24,732 - INFO - Analys End
2025-02-15 20:09:24,779 - INFO - Analys End
2025-02-15 20:09:24,827 - INFO - Analys End
2025-02-15 20:09:24,875 - INFO - Analys End
2025-02-15 20:09:24,926 - INFO - Analys End
2025-02-15 20:09:24,974 - INFO - Analys End
2025-02-15 20:09:25,020 - INFO - Analys End
2025-02-15 20:09:25,070 - INFO - Analys End
2025-02-15 20:09:25,117 - INFO - Analys End
2025-02-15 20:09:25,166 - INFO - Analys End
2025-02-15 20:09:25,218 - INFO - Analys End
2025-02-15 20:09:25,264 - INFO - Analys End
2025-02-15 20:09:25,311 - INFO - Analys End
2025-02-15 20:09:25,365 - INFO - cp identified 1
2025-02-15 20:09:25,365 - INFO - cb
2025-02-15 20:09:25,365 - INFO - cp identified 2: False Class Name: cb
2025-02-15 20:09:25,365 - INFO - cp identified 3
2025-02-15 20:09:25,365 - INFO - Analys End
2025-02-15 20:09:25,369 - INFO - _________CB START_________
2025-02-15 20:09:25,369 - INFO - defect : False
2025-02-15 20:09:25,369 - INFO - any_defect_identified : False
2025-02-15 20:09:25,369 - INFO - cb_on_cam : True
2025-02-15 20:09:25,369 - INFO - cb_identified : True
2025-02-15 20:09:25,369 - INFO - _________CB END_________
2025-02-15 20:09:25,415 - INFO - Analys End
2025-02-15 20:09:25,470 - INFO - Analys End
2025-02-15 20:09:25,525 - INFO - Analys End
2025-02-15 20:09:25,573 - INFO - Analys End
2025-02-15 20:09:25,622 - INFO - Analys End
2025-02-15 20:09:25,672 - INFO - cp identified 1
2025-02-15 20:09:25,672 - INFO - cb
2025-02-15 20:09:25,673 - INFO - cp identified 2: False Class Name: cb
2025-02-15 20:09:25,673 - INFO - cp identified 3
2025-02-15 20:09:25,673 - INFO - Analys End
2025-02-15 20:09:25,676 - INFO - _________CB START_________
2025-02-15 20:09:25,676 - INFO - defect : False
2025-02-15 20:09:25,676 - INFO - any_defect_identified : False
2025-02-15 20:09:25,676 - INFO - cb_on_cam : True
2025-02-15 20:09:25,676 - INFO - cb_identified : True
2025-02-15 20:09:25,676 - INFO - _________CB END_________
2025-02-15 20:09:25,722 - INFO - Analys End
2025-02-15 20:09:25,773 - INFO - Analys End
2025-02-15 20:09:25,826 - INFO - Analys End
2025-02-15 20:09:25,879 - INFO - Analys End
2025-02-15 20:09:25,932 - INFO - Analys End
2025-02-15 20:09:25,985 - INFO - cp identified 1
2025-02-15 20:09:25,985 - INFO - cb
2025-02-15 20:09:25,985 - INFO - cp identified 2: False Class Name: cb
2025-02-15 20:09:25,985 - INFO - cp identified 3
2025-02-15 20:09:25,985 - INFO - Analys End
2025-02-15 20:09:25,988 - INFO - _________CB START_________
2025-02-15 20:09:25,988 - INFO - defect : False
2025-02-15 20:09:25,988 - INFO - any_defect_identified : False
2025-02-15 20:09:25,988 - INFO - cb_on_cam : True
2025-02-15 20:09:25,988 - INFO - cb_identified : True
2025-02-15 20:09:25,988 - INFO - _________CB END_________
2025-02-15 20:09:26,033 - INFO - Analys End
2025-02-15 20:09:26,080 - INFO - Analys End
2025-02-15 20:09:26,133 - INFO - Analys End
2025-02-15 20:09:26,181 - INFO - Analys End
2025-02-15 20:09:26,227 - INFO - Analys End
2025-02-15 20:09:26,275 - INFO - cp identified 1
2025-02-15 20:09:26,275 - INFO - cb
2025-02-15 20:09:26,275 - INFO - cp identified 2: False Class Name: cb
2025-02-15 20:09:26,275 - INFO - cp identified 3
2025-02-15 20:09:26,275 - INFO - Analys End
2025-02-15 20:09:26,279 - INFO - _________CB START_________
2025-02-15 20:09:26,279 - INFO - defect : False
2025-02-15 20:09:26,279 - INFO - any_defect_identified : False
2025-02-15 20:09:26,279 - INFO - cb_on_cam : True
2025-02-15 20:09:26,279 - INFO - cb_identified : True
2025-02-15 20:09:26,279 - INFO - _________CB END_________
2025-02-15 20:09:26,323 - INFO - Analys End
2025-02-15 20:09:26,371 - INFO - Analys End
2025-02-15 20:09:26,422 - INFO - Analys End
2025-02-15 20:09:26,472 - INFO - Analys End
2025-02-15 20:09:26,518 - INFO - Analys End
2025-02-15 20:09:26,568 - INFO - cp identified 1
2025-02-15 20:09:26,569 - INFO - cb
2025-02-15 20:09:26,569 - INFO - cp identified 2: False Class Name: cb
2025-02-15 20:09:26,569 - INFO - cp identified 3
2025-02-15 20:09:26,569 - INFO - Analys End
2025-02-15 20:09:26,572 - INFO - _________CB START_________
2025-02-15 20:09:26,572 - INFO - defect : False
2025-02-15 20:09:26,572 - INFO - any_defect_identified : False
2025-02-15 20:09:26,572 - INFO - cb_on_cam : True
2025-02-15 20:09:26,572 - INFO - cb_identified : True
2025-02-15 20:09:26,572 - INFO - _________CB END_________
2025-02-15 20:09:26,616 - INFO - Analys End
2025-02-15 20:09:26,664 - INFO - Analys End
2025-02-15 20:09:26,717 - INFO - Analys End
2025-02-15 20:09:26,765 - INFO - Analys End
2025-02-15 20:09:26,812 - INFO - Analys End
2025-02-15 20:09:26,861 - INFO - cp identified 1
2025-02-15 20:09:26,861 - INFO - cb
2025-02-15 20:09:26,861 - INFO - cp identified 2: False Class Name: cb
2025-02-15 20:09:26,861 - INFO - cp identified 3
2025-02-15 20:09:26,861 - INFO - Analys End
2025-02-15 20:09:26,865 - INFO - _________CB START_________
2025-02-15 20:09:26,865 - INFO - defect : False
2025-02-15 20:09:26,865 - INFO - any_defect_identified : False
2025-02-15 20:09:26,865 - INFO - cb_on_cam : True
2025-02-15 20:09:26,865 - INFO - cb_identified : True
2025-02-15 20:09:26,865 - INFO - _________CB END_________
2025-02-15 20:09:26,909 - INFO - Analys End
2025-02-15 20:09:26,957 - INFO - Analys End
2025-02-15 20:09:27,008 - INFO - Analys End
2025-02-15 20:09:27,057 - INFO - Analys End
2025-02-15 20:09:27,105 - INFO - Analys End
2025-02-15 20:09:27,153 - INFO - Analys End
2025-02-15 20:09:27,157 - INFO - Cam: 1 current brush ID: 1 Value: 2
2025-02-15 20:09:27,157 - INFO - brush left




2025-02-15 20:09:27,206 - INFO - Analys End
2025-02-15 20:09:27,255 - INFO - Analys End
2025-02-15 20:09:27,309 - INFO - Analys End
2025-02-15 20:09:27,359 - INFO - Analys End
2025-02-15 20:09:27,408 - INFO - Analys End
2025-02-15 20:09:27,459 - INFO - Analys End
2025-02-15 20:09:27,510 - INFO - Analys End
2025-02-15 20:09:27,564 - INFO - Analys End
2025-02-15 20:09:27,616 - INFO - Analys End
2025-02-15 20:09:27,665 - INFO - Analys End
2025-02-15 20:09:27,718 - INFO - Analys End
2025-02-15 20:09:27,767 - INFO - Analys End
2025-02-15 20:09:27,823 - INFO - Analys End
2025-02-15 20:09:27,874 - INFO - Analys End
2025-02-15 20:09:27,923 - INFO - Analys End
2025-02-15 20:09:27,972 - INFO - Analys End
2025-02-15 20:09:28,022 - INFO - Analys End
2025-02-15 20:09:28,079 - INFO - Analys End
2025-02-15 20:09:28,132 - INFO - Analys End
2025-02-15 20:09:28,181 - INFO - Analys End
2025-02-15 20:09:28,233 - INFO - Analys End
2025-02-15 20:09:28,283 - INFO - Analys End
2025-02-15 20:09:28,339 - INFO - Analys End
2025-02-15 20:09:28,390 - INFO - Analys End
2025-02-15 20:09:28,438 - INFO - Analys End
2025-02-15 20:09:28,489 - INFO - Analys End
2025-02-15 20:09:28,539 - INFO - Analys End
2025-02-15 20:09:28,594 - INFO - Analys End
2025-02-15 20:09:28,644 - INFO - Analys End
2025-02-15 20:09:28,693 - INFO - Analys End
2025-02-15 20:09:28,743 - INFO - Analys End
2025-02-15 20:09:28,792 - INFO - Analys End
2025-02-15 20:09:28,845 - INFO - Analys End
2025-02-15 20:09:28,897 - INFO - Analys End
2025-02-15 20:09:28,947 - INFO - Analys End
2025-02-15 20:09:29,000 - INFO - Analys End
2025-02-15 20:09:29,052 - INFO - Analys End
2025-02-15 20:09:29,111 - INFO - Analys End
2025-02-15 20:09:29,164 - INFO - Analys End
2025-02-15 20:09:29,214 - INFO - Analys End
2025-02-15 20:09:29,263 - INFO - Analys End
2025-02-15 20:09:29,312 - INFO - Analys End
2025-02-15 20:09:29,363 - INFO - Analys End
2025-02-15 20:09:29,413 - INFO - Analys End
2025-02-15 20:09:29,461 - INFO - Analys End
2025-02-15 20:09:29,509 - INFO - Analys End
2025-02-15 20:09:29,558 - INFO - Analys End
2025-02-15 20:09:29,609 - INFO - Analys End
2025-02-15 20:09:29,660 - INFO - Analys End
2025-02-15 20:09:29,708 - INFO - Analys End
2025-02-15 20:09:29,756 - INFO - Analys End
2025-02-15 20:09:29,802 - INFO - Analys End
2025-02-15 20:09:29,850 - INFO - Analys End
2025-02-15 20:09:29,897 - INFO - Analys End
2025-02-15 20:09:29,950 - INFO - Analys End
2025-02-15 20:09:29,999 - INFO - Analys End
2025-02-15 20:09:30,047 - INFO - Analys End
2025-02-15 20:09:30,094 - INFO - Analys End
2025-02-15 20:09:30,143 - INFO - Analys End
2025-02-15 20:09:30,195 - INFO - Analys End
2025-02-15 20:09:30,253 - INFO - Analys End
2025-02-15 20:09:30,303 - INFO - Analys End
2025-02-15 20:09:30,356 - INFO - Analys End
2025-02-15 20:09:30,402 - INFO - Analys End
2025-02-15 20:09:30,449 - INFO - Analys End
2025-02-15 20:09:30,497 - INFO - Analys End
2025-02-15 20:09:30,551 - INFO - Analys End
2025-02-15 20:09:30,602 - INFO - Analys End
2025-02-15 20:09:30,650 - INFO - Analys End
2025-02-15 20:09:30,699 - INFO - Analys End
2025-02-15 20:09:30,750 - INFO - Analys End
2025-02-15 20:09:30,798 - INFO - Analys End
2025-02-15 20:09:30,849 - INFO - Analys End
2025-02-15 20:09:30,898 - INFO - Analys End
2025-02-15 20:09:30,946 - INFO - Analys End
2025-02-15 20:09:30,993 - INFO - Analys End
2025-02-15 20:09:31,042 - INFO - Analys End
2025-02-15 20:09:31,090 - INFO - Analys End
2025-02-15 20:09:31,143 - INFO - Analys End
2025-02-15 20:09:31,201 - INFO - Analys End
2025-02-15 20:09:31,261 - INFO - Analys End
2025-02-15 20:09:31,328 - INFO - Analys End
2025-02-15 20:09:31,391 - INFO - Analys End
2025-02-15 20:09:31,444 - INFO - Analys End
2025-02-15 20:09:31,504 - INFO - cp identified 1
2025-02-15 20:09:31,504 - INFO - cb
2025-02-15 20:09:31,504 - INFO - cp identified 2: False Class Name: cb
2025-02-15 20:09:31,504 - INFO - cp identified 3
2025-02-15 20:09:31,504 - INFO - Analys End
2025-02-15 20:09:31,506 - INFO - _________CB START_________
2025-02-15 20:09:31,506 - INFO - defect : False
2025-02-15 20:09:31,507 - INFO - any_defect_identified : False
2025-02-15 20:09:31,507 - INFO - cb_on_cam : True
2025-02-15 20:09:31,507 - INFO - cb_identified : True
2025-02-15 20:09:31,507 - INFO - _________CB END_________
2025-02-15 20:09:31,556 - INFO - Analys End
2025-02-15 20:09:31,608 - INFO - Analys End
2025-02-15 20:09:31,657 - INFO - Analys End
2025-02-15 20:09:31,707 - INFO - Analys End
2025-02-15 20:09:31,755 - INFO - Analys End
2025-02-15 20:09:31,808 - INFO - cp identified 1
2025-02-15 20:09:31,808 - INFO - cb
2025-02-15 20:09:31,809 - INFO - cp identified 2: False Class Name: cb
2025-02-15 20:09:31,809 - INFO - cp identified 3
2025-02-15 20:09:31,809 - INFO - Analys End
2025-02-15 20:09:31,812 - INFO - _________CB START_________
2025-02-15 20:09:31,812 - INFO - defect : False
2025-02-15 20:09:31,812 - INFO - any_defect_identified : False
2025-02-15 20:09:31,812 - INFO - cb_on_cam : True
2025-02-15 20:09:31,812 - INFO - cb_identified : True
2025-02-15 20:09:31,812 - INFO - _________CB END_________
2025-02-15 20:09:31,860 - INFO - Analys End
2025-02-15 20:09:31,910 - INFO - Analys End
2025-02-15 20:09:31,957 - INFO - Analys End
2025-02-15 20:09:32,006 - INFO - Analys End
2025-02-15 20:09:32,052 - INFO - Analys End
2025-02-15 20:09:32,105 - INFO - cp identified 1
2025-02-15 20:09:32,106 - INFO - cb
2025-02-15 20:09:32,106 - INFO - cp identified 2: False Class Name: cb
2025-02-15 20:09:32,106 - INFO - cp identified 3
2025-02-15 20:09:32,106 - INFO - Analys End
2025-02-15 20:09:32,108 - INFO - _________CB START_________
2025-02-15 20:09:32,109 - INFO - defect : False
2025-02-15 20:09:32,109 - INFO - any_defect_identified : False
2025-02-15 20:09:32,109 - INFO - cb_on_cam : True
2025-02-15 20:09:32,109 - INFO - cb_identified : True
2025-02-15 20:09:32,109 - INFO - _________CB END_________
2025-02-15 20:09:32,154 - INFO - Analys End
2025-02-15 20:09:32,203 - INFO - Analys End
2025-02-15 20:09:32,249 - INFO - Analys End
2025-02-15 20:09:32,298 - INFO - Analys End
2025-02-15 20:09:32,358 - INFO - Analys End
2025-02-15 20:09:32,422 - INFO - cp identified 1
2025-02-15 20:09:32,423 - INFO - Decfect identified 1
2025-02-15 20:09:32,423 - INFO - cb
2025-02-15 20:09:32,423 - INFO - cp identified 2: False Class Name: cb
2025-02-15 20:09:32,423 - INFO - cp identified 3
2025-02-15 20:09:32,423 - INFO - Analys End
2025-02-15 20:09:32,423 - INFO - ##############################Both identified####################################
2025-02-15 20:09:32,428 - INFO - _________CB START_________
2025-02-15 20:09:32,428 - INFO - defect : True
2025-02-15 20:09:32,428 - INFO - any_defect_identified : True
2025-02-15 20:09:32,428 - INFO - cb_on_cam : True
2025-02-15 20:09:32,428 - INFO - cb_identified : True
2025-02-15 20:09:32,428 - INFO - _________CB END_________
2025-02-15 20:09:32,428 - INFO - _________DEFECT START_________
2025-02-15 20:09:32,428 - INFO - defect : True
2025-02-15 20:09:32,428 - INFO - any_defect_identified : True
2025-02-15 20:09:32,428 - INFO - cb_on_cam : True
2025-02-15 20:09:32,428 - INFO - cb_identified : True
2025-02-15 20:09:32,428 - INFO - _________DEFECT END_________
2025-02-15 20:09:32,479 - INFO - Analys End
2025-02-15 20:09:32,543 - INFO - Analys End
2025-02-15 20:09:32,598 - INFO - Analys End
2025-02-15 20:09:32,651 - INFO - Analys End
2025-02-15 20:09:32,700 - INFO - Analys End
2025-02-15 20:09:32,753 - INFO - cp identified 1
2025-02-15 20:09:32,753 - INFO - Decfect identified 1
2025-02-15 20:09:32,753 - INFO - cb
2025-02-15 20:09:32,754 - INFO - cp identified 2: False Class Name: cb
2025-02-15 20:09:32,754 - INFO - cp identified 3
2025-02-15 20:09:32,754 - INFO - Analys End
2025-02-15 20:09:32,754 - INFO - ##############################Both identified####################################
2025-02-15 20:09:32,756 - INFO - _________CB START_________
2025-02-15 20:09:32,756 - INFO - defect : True
2025-02-15 20:09:32,757 - INFO - any_defect_identified : True
2025-02-15 20:09:32,757 - INFO - cb_on_cam : True
2025-02-15 20:09:32,757 - INFO - cb_identified : True
2025-02-15 20:09:32,757 - INFO - _________CB END_________
2025-02-15 20:09:32,757 - INFO - _________DEFECT START_________
2025-02-15 20:09:32,757 - INFO - defect : True
2025-02-15 20:09:32,757 - INFO - any_defect_identified : True
2025-02-15 20:09:32,757 - INFO - cb_on_cam : True
2025-02-15 20:09:32,757 - INFO - cb_identified : True
2025-02-15 20:09:32,757 - INFO - _________DEFECT END_________
2025-02-15 20:09:32,801 - INFO - Analys End
2025-02-15 20:09:32,849 - INFO - Analys End
2025-02-15 20:09:32,897 - INFO - Analys End
2025-02-15 20:09:32,945 - INFO - Analys End
2025-02-15 20:09:32,993 - INFO - Analys End
2025-02-15 20:09:33,045 - INFO - cp identified 1
2025-02-15 20:09:33,046 - INFO - cb
2025-02-15 20:09:33,046 - INFO - cp identified 2: False Class Name: cb
2025-02-15 20:09:33,046 - INFO - cp identified 3
2025-02-15 20:09:33,046 - INFO - Analys End
2025-02-15 20:09:33,049 - INFO - _________CB START_________
2025-02-15 20:09:33,049 - INFO - defect : False
2025-02-15 20:09:33,049 - INFO - any_defect_identified : True
2025-02-15 20:09:33,049 - INFO - cb_on_cam : True
2025-02-15 20:09:33,049 - INFO - cb_identified : True
2025-02-15 20:09:33,049 - INFO - _________CB END_________
2025-02-15 20:09:33,095 - INFO - Analys End
2025-02-15 20:09:33,143 - INFO - Analys End
2025-02-15 20:09:33,191 - INFO - Analys End
2025-02-15 20:09:33,240 - INFO - Analys End
2025-02-15 20:09:33,289 - INFO - Analys End
2025-02-15 20:09:33,341 - INFO - Analys End
2025-02-15 20:09:33,344 - INFO - Cam: 2 current brush ID: 1 Value: 1
2025-02-15 20:09:33,344 - INFO - brush left




2025-02-15 20:09:33,392 - INFO - Analys End
2025-02-15 20:09:33,457 - INFO - Analys End
2025-02-15 20:09:33,511 - INFO - Analys End
2025-02-15 20:09:33,564 - INFO - Analys End
2025-02-15 20:09:33,615 - INFO - Analys End
2025-02-15 20:09:33,669 - INFO - Analys End
2025-02-15 20:09:33,726 - INFO - Analys End
2025-02-15 20:09:33,781 - INFO - Analys End
2025-02-15 20:09:33,841 - INFO - Analys End
2025-02-15 20:09:33,905 - INFO - Analys End
2025-02-15 20:09:33,978 - INFO - Analys End
2025-02-15 20:09:34,055 - INFO - Analys End
2025-02-15 20:09:34,108 - INFO - Analys End
2025-02-15 20:09:34,164 - INFO - Analys End
2025-02-15 20:09:34,220 - INFO - Analys End
2025-02-15 20:09:34,272 - INFO - Analys End
2025-02-15 20:09:34,328 - INFO - Analys End
2025-02-15 20:09:34,380 - INFO - Analys End
2025-02-15 20:09:34,436 - INFO - Analys End
2025-02-15 20:09:34,498 - INFO - Analys End
2025-02-15 20:09:34,561 - INFO - Analys End
2025-02-15 20:09:34,618 - INFO - Analys End
2025-02-15 20:09:34,670 - INFO - Analys End
2025-02-15 20:09:34,727 - INFO - Analys End
2025-02-15 20:09:34,778 - INFO - Analys End
2025-02-15 20:09:34,829 - INFO - Analys End
2025-02-15 20:09:34,880 - INFO - Analys End
2025-02-15 20:09:34,933 - INFO - Analys End
2025-02-15 20:09:34,999 - INFO - cp identified 1
2025-02-15 20:09:34,999 - INFO - cb
2025-02-15 20:09:35,000 - INFO - cp identified 2: False Class Name: cb
2025-02-15 20:09:35,000 - INFO - cp identified 3
2025-02-15 20:09:35,000 - INFO - Analys End
2025-02-15 20:09:35,004 - INFO - _________CB START_________
2025-02-15 20:09:35,004 - INFO - defect : False
2025-02-15 20:09:35,004 - INFO - any_defect_identified : False
2025-02-15 20:09:35,004 - INFO - cb_on_cam : True
2025-02-15 20:09:35,004 - INFO - cb_identified : True
2025-02-15 20:09:35,004 - INFO - _________CB END_________
2025-02-15 20:09:35,051 - INFO - Analys End
2025-02-15 20:09:35,105 - INFO - Analys End
2025-02-15 20:09:35,159 - INFO - Analys End
2025-02-15 20:09:35,215 - INFO - Analys End
2025-02-15 20:09:35,276 - INFO - cp identified 1
2025-02-15 20:09:35,277 - INFO - cb
2025-02-15 20:09:35,277 - INFO - cp identified 2: False Class Name: cb
2025-02-15 20:09:35,277 - INFO - cp identified 3
2025-02-15 20:09:35,277 - INFO - Analys End
2025-02-15 20:09:35,279 - INFO - _________CB START_________
2025-02-15 20:09:35,279 - INFO - defect : False
2025-02-15 20:09:35,279 - INFO - any_defect_identified : False
2025-02-15 20:09:35,279 - INFO - cb_on_cam : True
2025-02-15 20:09:35,279 - INFO - cb_identified : True
2025-02-15 20:09:35,279 - INFO - _________CB END_________
2025-02-15 20:09:35,333 - INFO - Analys End
2025-02-15 20:09:35,398 - INFO - Analys End
2025-02-15 20:09:35,463 - INFO - Analys End
2025-02-15 20:09:35,532 - INFO - Analys End
2025-02-15 20:09:35,600 - INFO - cp identified 1
2025-02-15 20:09:35,601 - INFO - cb
2025-02-15 20:09:35,601 - INFO - cp identified 2: False Class Name: cb
2025-02-15 20:09:35,601 - INFO - cp identified 3
2025-02-15 20:09:35,601 - INFO - Analys End
2025-02-15 20:09:35,605 - INFO - _________CB START_________
2025-02-15 20:09:35,606 - INFO - defect : False
2025-02-15 20:09:35,606 - INFO - any_defect_identified : False
2025-02-15 20:09:35,606 - INFO - cb_on_cam : True
2025-02-15 20:09:35,606 - INFO - cb_identified : True
2025-02-15 20:09:35,606 - INFO - _________CB END_________
2025-02-15 20:09:35,659 - INFO - Analys End
2025-02-15 20:09:35,717 - INFO - Analys End
2025-02-15 20:09:35,771 - INFO - Analys End
2025-02-15 20:09:35,819 - INFO - Analys End
2025-02-15 20:09:35,865 - INFO - Analys End
2025-02-15 20:09:35,917 - INFO - cp identified 1
2025-02-15 20:09:35,918 - INFO - cb
2025-02-15 20:09:35,918 - INFO - cp identified 2: False Class Name: cb
2025-02-15 20:09:35,918 - INFO - cp identified 3
2025-02-15 20:09:35,918 - INFO - Analys End
2025-02-15 20:09:35,923 - INFO - _________CB START_________
2025-02-15 20:09:35,923 - INFO - defect : False
2025-02-15 20:09:35,923 - INFO - any_defect_identified : False
2025-02-15 20:09:35,923 - INFO - cb_on_cam : True
2025-02-15 20:09:35,923 - INFO - cb_identified : True
2025-02-15 20:09:35,923 - INFO - _________CB END_________
2025-02-15 20:09:35,966 - INFO - Analys End
2025-02-15 20:09:36,018 - INFO - Analys End
2025-02-15 20:09:36,068 - INFO - Analys End
2025-02-15 20:09:36,118 - INFO - Analys End
2025-02-15 20:09:36,165 - INFO - Analys End
2025-02-15 20:09:36,215 - INFO - cp identified 1
2025-02-15 20:09:36,216 - INFO - cb
2025-02-15 20:09:36,216 - INFO - cp identified 2: False Class Name: cb
2025-02-15 20:09:36,216 - INFO - cp identified 3
2025-02-15 20:09:36,216 - INFO - Analys End
2025-02-15 20:09:36,219 - INFO - _________CB START_________
2025-02-15 20:09:36,219 - INFO - defect : False
2025-02-15 20:09:36,219 - INFO - any_defect_identified : False
2025-02-15 20:09:36,219 - INFO - cb_on_cam : True
2025-02-15 20:09:36,219 - INFO - cb_identified : True
2025-02-15 20:09:36,219 - INFO - _________CB END_________
2025-02-15 20:09:36,264 - INFO - Analys End
2025-02-15 20:09:36,318 - INFO - Analys End
2025-02-15 20:09:36,368 - INFO - Analys End
2025-02-15 20:09:36,424 - INFO - Analys End
2025-02-15 20:09:36,470 - INFO - Analys End
2025-02-15 20:09:36,523 - INFO - cp identified 1
2025-02-15 20:09:36,523 - INFO - cb
2025-02-15 20:09:36,523 - INFO - cp identified 2: False Class Name: cb
2025-02-15 20:09:36,523 - INFO - cp identified 3
2025-02-15 20:09:36,524 - INFO - Analys End
2025-02-15 20:09:36,526 - INFO - _________CB START_________
2025-02-15 20:09:36,526 - INFO - defect : False
2025-02-15 20:09:36,526 - INFO - any_defect_identified : False
2025-02-15 20:09:36,526 - INFO - cb_on_cam : True
2025-02-15 20:09:36,526 - INFO - cb_identified : True
2025-02-15 20:09:36,526 - INFO - _________CB END_________
2025-02-15 20:09:36,572 - INFO - Analys End
2025-02-15 20:09:36,627 - INFO - Analys End
2025-02-15 20:09:36,686 - INFO - Analys End
2025-02-15 20:09:36,737 - INFO - Analys End
2025-02-15 20:09:36,784 - INFO - Analys End
2025-02-15 20:09:36,833 - INFO - cp identified 1
2025-02-15 20:09:36,834 - INFO - Decfect identified 1
2025-02-15 20:09:36,834 - INFO - cb
2025-02-15 20:09:36,834 - INFO - cp identified 2: False Class Name: cb
2025-02-15 20:09:36,834 - INFO - cp identified 3
2025-02-15 20:09:36,834 - INFO - Analys End
2025-02-15 20:09:36,834 - INFO - ##############################Both identified####################################
2025-02-15 20:09:36,838 - INFO - _________CB START_________
2025-02-15 20:09:36,838 - INFO - defect : True
2025-02-15 20:09:36,838 - INFO - any_defect_identified : True
2025-02-15 20:09:36,838 - INFO - cb_on_cam : True
2025-02-15 20:09:36,838 - INFO - cb_identified : True
2025-02-15 20:09:36,838 - INFO - _________CB END_________
2025-02-15 20:09:36,838 - INFO - _________DEFECT START_________
2025-02-15 20:09:36,838 - INFO - defect : True
2025-02-15 20:09:36,838 - INFO - any_defect_identified : True
2025-02-15 20:09:36,838 - INFO - cb_on_cam : True
2025-02-15 20:09:36,838 - INFO - cb_identified : True
2025-02-15 20:09:36,838 - INFO - _________DEFECT END_________
2025-02-15 20:09:36,882 - INFO - Analys End
2025-02-15 20:09:36,937 - INFO - Analys End
2025-02-15 20:09:36,985 - INFO - Analys End
2025-02-15 20:09:37,033 - INFO - Analys End
2025-02-15 20:09:37,080 - INFO - Analys End
2025-02-15 20:09:37,129 - INFO - cp identified 1
2025-02-15 20:09:37,129 - INFO - cb
2025-02-15 20:09:37,129 - INFO - cp identified 2: False Class Name: cb
2025-02-15 20:09:37,129 - INFO - cp identified 3
2025-02-15 20:09:37,129 - INFO - Analys End
2025-02-15 20:09:37,131 - INFO - _________CB START_________
2025-02-15 20:09:37,131 - INFO - defect : False
2025-02-15 20:09:37,131 - INFO - any_defect_identified : True
2025-02-15 20:09:37,131 - INFO - cb_on_cam : True
2025-02-15 20:09:37,131 - INFO - cb_identified : True
2025-02-15 20:09:37,131 - INFO - _________CB END_________
2025-02-15 20:09:37,177 - INFO - Analys End
2025-02-15 20:09:37,229 - INFO - Analys End
2025-02-15 20:09:37,279 - INFO - Analys End
2025-02-15 20:09:37,327 - INFO - Analys End
2025-02-15 20:09:37,375 - INFO - Analys End
2025-02-15 20:09:37,426 - INFO - cp identified 1
2025-02-15 20:09:37,427 - INFO - cb
2025-02-15 20:09:37,427 - INFO - cp identified 2: False Class Name: cb
2025-02-15 20:09:37,427 - INFO - cp identified 3
2025-02-15 20:09:37,427 - INFO - Analys End
2025-02-15 20:09:37,430 - INFO - _________CB START_________
2025-02-15 20:09:37,430 - INFO - defect : False
2025-02-15 20:09:37,430 - INFO - any_defect_identified : True
2025-02-15 20:09:37,430 - INFO - cb_on_cam : True
2025-02-15 20:09:37,430 - INFO - cb_identified : True
2025-02-15 20:09:37,430 - INFO - _________CB END_________
2025-02-15 20:09:37,474 - INFO - Analys End
2025-02-15 20:09:37,527 - INFO - Analys End
2025-02-15 20:09:37,576 - INFO - Analys End
2025-02-15 20:09:37,624 - INFO - Analys End
2025-02-15 20:09:37,669 - INFO - Analys End
2025-02-15 20:09:37,720 - INFO - cp identified 1
2025-02-15 20:09:37,720 - INFO - cb
2025-02-15 20:09:37,720 - INFO - cp identified 2: False Class Name: cb
2025-02-15 20:09:37,721 - INFO - cp identified 3
2025-02-15 20:09:37,721 - INFO - Analys End
2025-02-15 20:09:37,723 - INFO - _________CB START_________
2025-02-15 20:09:37,723 - INFO - defect : False
2025-02-15 20:09:37,723 - INFO - any_defect_identified : True
2025-02-15 20:09:37,723 - INFO - cb_on_cam : True
2025-02-15 20:09:37,723 - INFO - cb_identified : True
2025-02-15 20:09:37,723 - INFO - _________CB END_________
2025-02-15 20:09:37,768 - INFO - Analys End
2025-02-15 20:09:37,824 - INFO - Analys End
2025-02-15 20:09:37,873 - INFO - Analys End
2025-02-15 20:09:37,922 - INFO - Analys End
2025-02-15 20:09:37,967 - INFO - Analys End
2025-02-15 20:09:38,016 - INFO - cp identified 1
2025-02-15 20:09:38,017 - INFO - cb
2025-02-15 20:09:38,017 - INFO - cp identified 2: False Class Name: cb
2025-02-15 20:09:38,017 - INFO - cp identified 3
2025-02-15 20:09:38,017 - INFO - Analys End
2025-02-15 20:09:38,020 - INFO - _________CB START_________
2025-02-15 20:09:38,020 - INFO - defect : False
2025-02-15 20:09:38,020 - INFO - any_defect_identified : True
2025-02-15 20:09:38,021 - INFO - cb_on_cam : True
2025-02-15 20:09:38,021 - INFO - cb_identified : True
2025-02-15 20:09:38,021 - INFO - _________CB END_________
2025-02-15 20:09:38,063 - INFO - Analys End
2025-02-15 20:09:38,114 - INFO - Analys End
2025-02-15 20:09:38,163 - INFO - Analys End
2025-02-15 20:09:38,212 - INFO - Analys End
2025-02-15 20:09:38,259 - INFO - Analys End
2025-02-15 20:09:38,309 - INFO - Analys End
2025-02-15 20:09:38,312 - INFO - Cam: 3 current brush ID: 1 Value: 1
2025-02-15 20:09:38,312 - INFO - brush left




2025-02-15 20:09:38,360 - INFO - Analys End
2025-02-15 20:09:38,416 - INFO - Analys End
2025-02-15 20:09:38,468 - INFO - Analys End
2025-02-15 20:09:38,517 - INFO - Analys End
2025-02-15 20:09:38,567 - INFO - Analys End
2025-02-15 20:09:38,616 - INFO - Analys End
2025-02-15 20:09:38,673 - INFO - Analys End
2025-02-15 20:09:38,727 - INFO - Analys End
2025-02-15 20:09:38,779 - INFO - Analys End
2025-02-15 20:09:38,832 - INFO - Analys End
2025-02-15 20:09:38,889 - INFO - Analys End
2025-02-15 20:09:38,947 - INFO - Analys End
2025-02-15 20:09:38,998 - INFO - Analys End
2025-02-15 20:09:39,052 - INFO - Analys End
2025-02-15 20:09:39,101 - INFO - Analys End
2025-02-15 20:09:39,153 - INFO - Analys End
2025-02-15 20:09:39,209 - INFO - Analys End
2025-02-15 20:09:39,261 - INFO - Analys End
2025-02-15 20:09:39,309 - INFO - Analys End
2025-02-15 20:09:39,359 - INFO - Analys End
2025-02-15 20:09:39,408 - INFO - Analys End
2025-02-15 20:09:39,465 - INFO - Analys End
2025-02-15 20:09:39,523 - INFO - Analys End
2025-02-15 20:09:39,574 - INFO - Analys End
2025-02-15 20:09:39,623 - INFO - Analys End
2025-02-15 20:09:39,673 - INFO - Analys End
2025-02-15 20:09:39,729 - INFO - Analys End
2025-02-15 20:09:39,783 - INFO - Analys End
2025-02-15 20:09:39,833 - INFO - Analys End
2025-02-15 20:09:39,886 - INFO - Analys End
2025-02-15 20:09:39,946 - INFO - Analys End
2025-02-15 20:09:40,013 - INFO - Analys End
2025-02-15 20:09:40,066 - INFO - Analys End
2025-02-15 20:09:40,115 - INFO - Analys End
2025-02-15 20:09:40,164 - INFO - Analys End
2025-02-15 20:09:40,214 - INFO - Analys End
2025-02-15 20:09:40,271 - INFO - Analys End
2025-02-15 20:09:40,323 - INFO - Analys End
2025-02-15 20:09:40,374 - INFO - Analys End
2025-02-15 20:09:40,420 - INFO - Analys End
2025-02-15 20:09:40,468 - INFO - Analys End
2025-02-15 20:09:40,522 - INFO - Analys End
2025-02-15 20:09:40,571 - INFO - Analys End
2025-02-15 20:09:40,620 - INFO - Analys End
2025-02-15 20:09:40,667 - INFO - Analys End
2025-02-15 20:09:40,719 - INFO - Analys End
2025-02-15 20:09:40,771 - INFO - Analys End
2025-02-15 20:09:40,826 - INFO - Analys End
2025-02-15 20:09:40,876 - INFO - Analys End
2025-02-15 20:09:40,927 - INFO - Analys End
2025-02-15 20:09:40,980 - INFO - Analys End
2025-02-15 20:09:41,035 - INFO - Analys End
2025-02-15 20:09:41,086 - INFO - Analys End
2025-02-15 20:09:41,146 - INFO - Analys End
2025-02-15 20:09:41,195 - INFO - Analys End
2025-02-15 20:09:41,244 - INFO - Analys End
2025-02-15 20:09:41,292 - INFO - Analys End
2025-02-15 20:09:41,338 - INFO - Analys End
2025-02-15 20:09:41,385 - INFO - Analys End
2025-02-15 20:09:41,437 - INFO - Analys End
2025-02-15 20:09:41,486 - INFO - Analys End
2025-02-15 20:09:41,543 - INFO - Analys End
2025-02-15 20:09:41,594 - INFO - Analys End
2025-02-15 20:09:41,645 - INFO - Analys End
2025-02-15 20:09:41,694 - INFO - Analys End
2025-02-15 20:09:41,745 - INFO - Analys End
2025-02-15 20:09:41,795 - INFO - Analys End
2025-02-15 20:09:41,844 - INFO - Analys End
2025-02-15 20:09:41,892 - INFO - Analys End
2025-02-15 20:09:41,946 - INFO - Analys End
2025-02-15 20:09:41,996 - INFO - Analys End
2025-02-15 20:09:42,049 - INFO - Analys End
2025-02-15 20:09:42,097 - INFO - Analys End
2025-02-15 20:09:42,146 - INFO - Analys End
2025-02-15 20:09:42,194 - INFO - Analys End
2025-02-15 20:09:42,241 - INFO - Analys End
2025-02-15 20:09:42,288 - INFO - Analys End
2025-02-15 20:09:42,353 - INFO - Analys End
2025-02-15 20:09:42,401 - INFO - Analys End
2025-02-15 20:09:42,451 - INFO - Analys End
2025-02-15 20:09:42,497 - INFO - Analys End
2025-02-15 20:09:42,544 - INFO - Analys End
2025-02-15 20:09:42,592 - INFO - Analys End
2025-02-15 20:09:42,645 - INFO - Analys End
2025-02-15 20:09:42,697 - INFO - Analys End
2025-02-15 20:09:42,755 - INFO - Analys End
2025-02-15 20:09:42,803 - INFO - Analys End
2025-02-15 20:09:42,851 - INFO - Analys End
2025-02-15 20:09:42,898 - INFO - Analys End
2025-02-15 20:09:42,949 - INFO - Analys End
2025-02-15 20:09:42,999 - INFO - Analys End
2025-02-15 20:09:43,049 - INFO - Analys End
2025-02-15 20:09:43,103 - INFO - Analys End
2025-02-15 20:09:43,157 - INFO - Analys End
2025-02-15 20:09:43,208 - INFO - Analys End
2025-02-15 20:09:43,262 - INFO - Analys End
2025-02-15 20:09:43,310 - INFO - Analys End
2025-02-15 20:09:43,358 - INFO - Analys End
2025-02-15 20:09:43,406 - INFO - Analys End
2025-02-15 20:09:43,453 - INFO - Analys End
2025-02-15 20:09:43,502 - INFO - Analys End
2025-02-15 20:09:43,563 - INFO - Analys End
2025-02-15 20:09:43,615 - INFO - Analys End
2025-02-15 20:09:43,664 - INFO - Analys End
2025-02-15 20:09:43,712 - INFO - Analys End
2025-02-15 20:09:43,759 - INFO - Analys End
2025-02-15 20:09:43,807 - INFO - Analys End
2025-02-15 20:09:43,859 - INFO - Analys End
2025-02-15 20:09:43,909 - INFO - Analys End
2025-02-15 20:09:43,963 - INFO - Analys End
2025-02-15 20:09:44,013 - INFO - Analys End
2025-02-15 20:09:44,064 - INFO - Analys End
2025-02-15 20:09:44,113 - INFO - Analys End
2025-02-15 20:09:44,164 - INFO - Analys End
2025-02-15 20:09:44,213 - INFO - Analys End
2025-02-15 20:09:44,262 - INFO - Analys End
2025-02-15 20:09:44,310 - INFO - Analys End
2025-02-15 20:09:44,360 - INFO - Analys End
2025-02-15 20:09:44,409 - INFO - Analys End
2025-02-15 20:09:44,462 - INFO - Analys End
2025-02-15 20:09:44,512 - INFO - Analys End
2025-02-15 20:09:44,563 - INFO - Analys End
2025-02-15 20:09:44,611 - INFO - Analys End
2025-02-15 20:09:44,659 - INFO - Analys End
2025-02-15 20:09:44,707 - INFO - Analys End
2025-02-15 20:09:44,766 - INFO - Analys End
2025-02-15 20:09:44,816 - INFO - Analys End
2025-02-15 20:09:44,872 - INFO - Analys End
2025-02-15 20:09:44,919 - INFO - Analys End
2025-02-15 20:09:44,967 - INFO - Analys End
2025-02-15 20:09:45,015 - INFO - Analys End
2025-02-15 20:09:45,071 - INFO - Analys End
2025-02-15 20:09:45,122 - INFO - Analys End
2025-02-15 20:09:45,178 - INFO - Analys End
2025-02-15 20:09:45,227 - INFO - Analys End
2025-02-15 20:09:45,279 - INFO - Analys End
2025-02-15 20:09:45,332 - INFO - Analys End
2025-02-15 20:09:45,390 - INFO - Analys End
2025-02-15 20:09:45,441 - INFO - cp identified 1
2025-02-15 20:09:45,441 - INFO - cb
2025-02-15 20:09:45,441 - INFO - cp identified 2: False Class Name: cb
2025-02-15 20:09:45,441 - INFO - cp identified 3
2025-02-15 20:09:45,441 - INFO - Analys End
2025-02-15 20:09:45,445 - INFO - _________CB START_________
2025-02-15 20:09:45,445 - INFO - defect : False
2025-02-15 20:09:45,445 - INFO - any_defect_identified : False
2025-02-15 20:09:45,445 - INFO - cb_on_cam : True
2025-02-15 20:09:45,445 - INFO - cb_identified : True
2025-02-15 20:09:45,445 - INFO - _________CB END_________
2025-02-15 20:09:45,490 - INFO - Analys End
2025-02-15 20:09:45,541 - INFO - Analys End
2025-02-15 20:09:45,592 - INFO - Analys End
2025-02-15 20:09:45,640 - INFO - Analys End
2025-02-15 20:09:45,696 - INFO - Analys End
2025-02-15 20:09:45,745 - INFO - cp identified 1
2025-02-15 20:09:45,745 - INFO - cb
2025-02-15 20:09:45,746 - INFO - cp identified 2: False Class Name: cb
2025-02-15 20:09:45,746 - INFO - cp identified 3
2025-02-15 20:09:45,746 - INFO - Analys End
2025-02-15 20:09:45,749 - INFO - _________CB START_________
2025-02-15 20:09:45,749 - INFO - defect : False
2025-02-15 20:09:45,749 - INFO - any_defect_identified : False
2025-02-15 20:09:45,749 - INFO - cb_on_cam : True
2025-02-15 20:09:45,749 - INFO - cb_identified : True
2025-02-15 20:09:45,749 - INFO - _________CB END_________
2025-02-15 20:09:45,794 - INFO - Analys End
2025-02-15 20:09:45,841 - INFO - Analys End
2025-02-15 20:09:45,889 - INFO - Analys End
2025-02-15 20:09:45,936 - INFO - Analys End
2025-02-15 20:09:45,997 - INFO - Analys End
2025-02-15 20:09:46,048 - INFO - cp identified 1
2025-02-15 20:09:46,048 - INFO - cb
2025-02-15 20:09:46,048 - INFO - cp identified 2: False Class Name: cb
2025-02-15 20:09:46,048 - INFO - cp identified 3
2025-02-15 20:09:46,048 - INFO - Analys End
2025-02-15 20:09:46,052 - INFO - _________CB START_________
2025-02-15 20:09:46,052 - INFO - defect : False
2025-02-15 20:09:46,052 - INFO - any_defect_identified : False
2025-02-15 20:09:46,052 - INFO - cb_on_cam : True
2025-02-15 20:09:46,052 - INFO - cb_identified : True
2025-02-15 20:09:46,052 - INFO - _________CB END_________
2025-02-15 20:09:46,097 - INFO - Analys End
2025-02-15 20:09:46,147 - INFO - Analys End
2025-02-15 20:09:46,193 - INFO - Analys End
2025-02-15 20:09:46,241 - INFO - Analys End
2025-02-15 20:09:46,293 - INFO - Analys End
2025-02-15 20:09:46,344 - INFO - cp identified 1
2025-02-15 20:09:46,344 - INFO - cb
2025-02-15 20:09:46,344 - INFO - cp identified 2: False Class Name: cb
2025-02-15 20:09:46,344 - INFO - cp identified 3
2025-02-15 20:09:46,344 - INFO - Analys End
2025-02-15 20:09:46,348 - INFO - _________CB START_________
2025-02-15 20:09:46,348 - INFO - defect : False
2025-02-15 20:09:46,348 - INFO - any_defect_identified : False
2025-02-15 20:09:46,348 - INFO - cb_on_cam : True
2025-02-15 20:09:46,348 - INFO - cb_identified : True
2025-02-15 20:09:46,348 - INFO - _________CB END_________
2025-02-15 20:09:46,400 - INFO - Analys End
2025-02-15 20:09:46,448 - INFO - Analys End
2025-02-15 20:09:46,497 - INFO - Analys End
2025-02-15 20:09:46,546 - INFO - Analys End
2025-02-15 20:09:46,598 - INFO - Analys End
2025-02-15 20:09:46,647 - INFO - cp identified 1
2025-02-15 20:09:46,647 - INFO - cb
2025-02-15 20:09:46,647 - INFO - cp identified 2: False Class Name: cb
2025-02-15 20:09:46,647 - INFO - cp identified 3
2025-02-15 20:09:46,647 - INFO - Analys End
2025-02-15 20:09:46,651 - INFO - _________CB START_________
2025-02-15 20:09:46,651 - INFO - defect : False
2025-02-15 20:09:46,651 - INFO - any_defect_identified : False
2025-02-15 20:09:46,651 - INFO - cb_on_cam : True
2025-02-15 20:09:46,651 - INFO - cb_identified : True
2025-02-15 20:09:46,651 - INFO - _________CB END_________
2025-02-15 20:09:46,695 - INFO - Analys End
2025-02-15 20:09:46,743 - INFO - Analys End
2025-02-15 20:09:46,794 - INFO - Analys End
2025-02-15 20:09:46,843 - INFO - Analys End
2025-02-15 20:09:46,896 - INFO - Analys End
2025-02-15 20:09:46,947 - INFO - cp identified 1
2025-02-15 20:09:46,947 - INFO - cb
2025-02-15 20:09:46,947 - INFO - cp identified 2: False Class Name: cb
2025-02-15 20:09:46,947 - INFO - cp identified 3
2025-02-15 20:09:46,947 - INFO - Analys End
2025-02-15 20:09:46,951 - INFO - _________CB START_________
2025-02-15 20:09:46,951 - INFO - defect : False
2025-02-15 20:09:46,951 - INFO - any_defect_identified : False
2025-02-15 20:09:46,951 - INFO - cb_on_cam : True
2025-02-15 20:09:46,951 - INFO - cb_identified : True
2025-02-15 20:09:46,951 - INFO - _________CB END_________
2025-02-15 20:09:46,996 - INFO - Analys End
2025-02-15 20:09:47,044 - INFO - Analys End
2025-02-15 20:09:47,092 - INFO - Analys End
2025-02-15 20:09:47,139 - INFO - Analys End
2025-02-15 20:09:47,203 - INFO - Analys End
2025-02-15 20:09:47,254 - INFO - cp identified 1
2025-02-15 20:09:47,254 - INFO - cb
2025-02-15 20:09:47,254 - INFO - cp identified 2: False Class Name: cb
2025-02-15 20:09:47,254 - INFO - cp identified 3
2025-02-15 20:09:47,254 - INFO - Analys End
2025-02-15 20:09:47,258 - INFO - _________CB START_________
2025-02-15 20:09:47,258 - INFO - defect : False
2025-02-15 20:09:47,258 - INFO - any_defect_identified : False
2025-02-15 20:09:47,258 - INFO - cb_on_cam : True
2025-02-15 20:09:47,258 - INFO - cb_identified : True
2025-02-15 20:09:47,258 - INFO - _________CB END_________
2025-02-15 20:09:47,303 - INFO - Analys End
2025-02-15 20:09:47,351 - INFO - Analys End
2025-02-15 20:09:47,402 - INFO - Analys End
2025-02-15 20:09:47,457 - INFO - Analys End
2025-02-15 20:09:47,513 - INFO - Analys End
2025-02-15 20:09:47,564 - INFO - cp identified 1
2025-02-15 20:09:47,564 - INFO - cb
2025-02-15 20:09:47,565 - INFO - cp identified 2: False Class Name: cb
2025-02-15 20:09:47,565 - INFO - cp identified 3
2025-02-15 20:09:47,565 - INFO - Analys End
2025-02-15 20:09:47,566 - INFO - _________CB START_________
2025-02-15 20:09:47,567 - INFO - defect : False
2025-02-15 20:09:47,567 - INFO - any_defect_identified : False
2025-02-15 20:09:47,567 - INFO - cb_on_cam : True
2025-02-15 20:09:47,567 - INFO - cb_identified : True
2025-02-15 20:09:47,567 - INFO - _________CB END_________
2025-02-15 20:09:47,618 - INFO - Analys End
2025-02-15 20:09:47,666 - INFO - Analys End
2025-02-15 20:09:47,714 - INFO - Analys End
2025-02-15 20:09:47,764 - INFO - Analys End
2025-02-15 20:09:47,816 - INFO - Analys End
2025-02-15 20:09:47,866 - INFO - Analys End
2025-02-15 20:09:47,869 - INFO - Cam: 4 current brush ID: 1 Value: 2
2025-02-15 20:09:47,869 - INFO - brush left




2025-02-15 20:09:47,921 - INFO - Analys End
2025-02-15 20:09:47,971 - INFO - Analys End
2025-02-15 20:09:48,025 - INFO - Analys End
2025-02-15 20:09:48,073 - INFO - Analys End
2025-02-15 20:09:48,128 - INFO - Analys End
2025-02-15 20:09:48,181 - INFO - Analys End
2025-02-15 20:09:48,232 - INFO - Analys End
2025-02-15 20:09:48,279 - INFO - Analys End
2025-02-15 20:09:48,328 - INFO - Analys End
2025-02-15 20:09:48,381 - INFO - Analys End
2025-02-15 20:09:48,438 - INFO - Analys End
2025-02-15 20:09:48,487 - INFO - Analys End
2025-02-15 20:09:48,538 - INFO - Analys End
2025-02-15 20:09:48,584 - INFO - Analys End
2025-02-15 20:09:48,639 - INFO - Analys End
2025-02-15 20:09:48,690 - INFO - Analys End
2025-02-15 20:09:48,738 - INFO - Analys End
2025-02-15 20:09:48,787 - INFO - Analys End
2025-02-15 20:09:48,841 - INFO - Analys End
2025-02-15 20:09:48,895 - INFO - Analys End
2025-02-15 20:09:48,948 - INFO - Analys End
2025-02-15 20:09:48,998 - INFO - Analys End
2025-02-15 20:09:49,048 - INFO - Analys End
2025-02-15 20:09:49,097 - INFO - Analys End
2025-02-15 20:09:49,151 - INFO - Analys End
2025-02-15 20:09:49,202 - INFO - Analys End
2025-02-15 20:09:49,258 - INFO - Analys End
2025-02-15 20:09:49,305 - INFO - Analys End
2025-02-15 20:09:49,356 - INFO - Analys End
2025-02-15 20:09:49,414 - INFO - Analys End
2025-02-15 20:09:49,470 - INFO - Analys End
2025-02-15 20:09:49,521 - INFO - Analys End
2025-02-15 20:09:49,576 - INFO - Analys End
2025-02-15 20:09:49,638 - INFO - Analys End
2025-02-15 20:09:49,698 - INFO - Analys End
2025-02-15 20:09:49,750 - INFO - Analys End
2025-02-15 20:09:49,801 - INFO - Analys End
2025-02-15 20:09:49,854 - INFO - Analys End
2025-02-15 20:09:49,902 - INFO - Analys End
2025-02-15 20:09:49,954 - INFO - Analys End
2025-02-15 20:09:50,004 - INFO - Analys End
2025-02-15 20:09:50,057 - INFO - Analys End
2025-02-15 20:09:50,103 - INFO - Analys End
2025-02-15 20:09:50,152 - INFO - Analys End
2025-02-15 20:09:50,201 - INFO - Analys End
2025-02-15 20:09:50,258 - INFO - Analys End
2025-02-15 20:09:50,305 - INFO - Analys End
2025-02-15 20:09:50,353 - INFO - Analys End
2025-02-15 20:09:50,399 - INFO - Analys End
2025-02-15 20:09:50,449 - INFO - Analys End
2025-02-15 20:09:50,500 - INFO - Analys End
2025-02-15 20:09:50,554 - INFO - Analys End
2025-02-15 20:09:50,603 - INFO - Analys End
2025-02-15 20:09:50,651 - INFO - Analys End
2025-02-15 20:09:50,698 - INFO - Analys End
2025-02-15 20:09:50,745 - INFO - Analys End
2025-02-15 20:09:50,795 - INFO - Analys End
2025-02-15 20:09:50,855 - INFO - Analys End
2025-02-15 20:09:50,906 - INFO - Analys End
2025-02-15 20:09:50,955 - INFO - Analys End
2025-02-15 20:09:51,001 - INFO - Analys End
2025-02-15 20:09:51,048 - INFO - Analys End
2025-02-15 20:09:51,097 - INFO - Analys End
2025-02-15 20:09:51,148 - INFO - Analys End
2025-02-15 20:09:51,196 - INFO - Analys End
2025-02-15 20:09:51,245 - INFO - Analys End
2025-02-15 20:09:51,298 - INFO - Analys End
2025-02-15 20:09:51,345 - INFO - Analys End
2025-02-15 20:09:51,395 - INFO - Analys End
2025-02-15 20:09:51,449 - INFO - Analys End
2025-02-15 20:09:51,503 - INFO - Analys End
2025-02-15 20:09:51,551 - INFO - Analys End
2025-02-15 20:09:51,597 - INFO - Analys End
2025-02-15 20:09:51,648 - INFO - cp identified 1
2025-02-15 20:09:51,648 - INFO - cb
2025-02-15 20:09:51,648 - INFO - cp identified 2: False Class Name: cb
2025-02-15 20:09:51,648 - INFO - cp identified 3
2025-02-15 20:09:51,648 - INFO - Analys End
2025-02-15 20:09:51,651 - INFO - _________CB START_________
2025-02-15 20:09:51,651 - INFO - defect : False
2025-02-15 20:09:51,651 - INFO - any_defect_identified : False
2025-02-15 20:09:51,651 - INFO - cb_on_cam : True
2025-02-15 20:09:51,651 - INFO - cb_identified : True
2025-02-15 20:09:51,651 - INFO - _________CB END_________
2025-02-15 20:09:51,704 - INFO - Analys End
2025-02-15 20:09:51,762 - INFO - Analys End
2025-02-15 20:09:51,814 - INFO - Analys End
2025-02-15 20:09:51,861 - INFO - Analys End
2025-02-15 20:09:51,909 - INFO - Analys End
2025-02-15 20:09:51,957 - INFO - cp identified 1
2025-02-15 20:09:51,957 - INFO - cb
2025-02-15 20:09:51,957 - INFO - cp identified 2: False Class Name: cb
2025-02-15 20:09:51,957 - INFO - cp identified 3
2025-02-15 20:09:51,957 - INFO - Analys End
2025-02-15 20:09:51,959 - INFO - _________CB START_________
2025-02-15 20:09:51,959 - INFO - defect : False
2025-02-15 20:09:51,959 - INFO - any_defect_identified : False
2025-02-15 20:09:51,959 - INFO - cb_on_cam : True
2025-02-15 20:09:51,959 - INFO - cb_identified : True
2025-02-15 20:09:51,959 - INFO - _________CB END_________
2025-02-15 20:09:52,009 - INFO - Analys End
2025-02-15 20:09:52,070 - INFO - Analys End
2025-02-15 20:09:52,118 - INFO - Analys End
2025-02-15 20:09:52,166 - INFO - Analys End
2025-02-15 20:09:52,213 - INFO - Analys End
2025-02-15 20:09:52,261 - INFO - cp identified 1
2025-02-15 20:09:52,262 - INFO - cb
2025-02-15 20:09:52,262 - INFO - cp identified 2: False Class Name: cb
2025-02-15 20:09:52,262 - INFO - cp identified 3
2025-02-15 20:09:52,262 - INFO - Analys End
2025-02-15 20:09:52,264 - INFO - _________CB START_________
2025-02-15 20:09:52,264 - INFO - defect : False
2025-02-15 20:09:52,264 - INFO - any_defect_identified : False
2025-02-15 20:09:52,264 - INFO - cb_on_cam : True
2025-02-15 20:09:52,264 - INFO - cb_identified : True
2025-02-15 20:09:52,264 - INFO - _________CB END_________
2025-02-15 20:09:52,314 - INFO - Analys End
2025-02-15 20:09:52,366 - INFO - Analys End
2025-02-15 20:09:52,414 - INFO - Analys End
2025-02-15 20:09:52,466 - INFO - Analys End
2025-02-15 20:09:52,514 - INFO - Analys End
2025-02-15 20:09:52,563 - INFO - cp identified 1
2025-02-15 20:09:52,564 - INFO - Decfect identified 1
2025-02-15 20:09:52,564 - INFO - cb
2025-02-15 20:09:52,564 - INFO - cp identified 2: False Class Name: cb
2025-02-15 20:09:52,564 - INFO - cp identified 3
2025-02-15 20:09:52,564 - INFO - Analys End
2025-02-15 20:09:52,564 - INFO - ##############################Both identified####################################
2025-02-15 20:09:52,566 - INFO - _________CB START_________
2025-02-15 20:09:52,566 - INFO - defect : True
2025-02-15 20:09:52,566 - INFO - any_defect_identified : True
2025-02-15 20:09:52,566 - INFO - cb_on_cam : True
2025-02-15 20:09:52,566 - INFO - cb_identified : True
2025-02-15 20:09:52,566 - INFO - _________CB END_________
2025-02-15 20:09:52,566 - INFO - _________DEFECT START_________
2025-02-15 20:09:52,566 - INFO - defect : True
2025-02-15 20:09:52,566 - INFO - any_defect_identified : True
2025-02-15 20:09:52,566 - INFO - cb_on_cam : True
2025-02-15 20:09:52,566 - INFO - cb_identified : True
2025-02-15 20:09:52,567 - INFO - _________DEFECT END_________
2025-02-15 20:09:52,613 - INFO - Analys End
2025-02-15 20:09:52,663 - INFO - Analys End
2025-02-15 20:09:52,713 - INFO - Analys End
2025-02-15 20:09:52,761 - INFO - Analys End
2025-02-15 20:09:52,808 - INFO - Analys End
2025-02-15 20:09:52,861 - INFO - cp identified 1
2025-02-15 20:09:52,861 - INFO - cb
2025-02-15 20:09:52,861 - INFO - cp identified 2: False Class Name: cb
2025-02-15 20:09:52,861 - INFO - cp identified 3
2025-02-15 20:09:52,861 - INFO - Analys End
2025-02-15 20:09:52,865 - INFO - _________CB START_________
2025-02-15 20:09:52,865 - INFO - defect : False
2025-02-15 20:09:52,865 - INFO - any_defect_identified : True
2025-02-15 20:09:52,865 - INFO - cb_on_cam : True
2025-02-15 20:09:52,865 - INFO - cb_identified : True
2025-02-15 20:09:52,865 - INFO - _________CB END_________
2025-02-15 20:09:52,911 - INFO - Analys End
2025-02-15 20:09:52,963 - INFO - Analys End
2025-02-15 20:09:53,011 - INFO - Analys End
2025-02-15 20:09:53,061 - INFO - Analys End
2025-02-15 20:09:53,108 - INFO - Analys End
2025-02-15 20:09:53,156 - INFO - cp identified 1
2025-02-15 20:09:53,156 - INFO - cb
2025-02-15 20:09:53,157 - INFO - cp identified 2: False Class Name: cb
2025-02-15 20:09:53,157 - INFO - cp identified 3
2025-02-15 20:09:53,157 - INFO - Analys End
2025-02-15 20:09:53,160 - INFO - _________CB START_________
2025-02-15 20:09:53,160 - INFO - defect : False
2025-02-15 20:09:53,160 - INFO - any_defect_identified : True
2025-02-15 20:09:53,160 - INFO - cb_on_cam : True
2025-02-15 20:09:53,160 - INFO - cb_identified : True
2025-02-15 20:09:53,160 - INFO - _________CB END_________
2025-02-15 20:09:53,205 - INFO - Analys End
2025-02-15 20:09:53,264 - INFO - Analys End
2025-02-15 20:09:53,314 - INFO - Analys End
2025-02-15 20:09:53,367 - INFO - Analys End
2025-02-15 20:09:53,413 - INFO - Analys End
2025-02-15 20:09:53,462 - INFO - cp identified 1
2025-02-15 20:09:53,462 - INFO - cb
2025-02-15 20:09:53,462 - INFO - cp identified 2: False Class Name: cb
2025-02-15 20:09:53,462 - INFO - cp identified 3
2025-02-15 20:09:53,463 - INFO - Analys End
2025-02-15 20:09:53,466 - INFO - _________CB START_________
2025-02-15 20:09:53,466 - INFO - defect : False
2025-02-15 20:09:53,466 - INFO - any_defect_identified : True
2025-02-15 20:09:53,466 - INFO - cb_on_cam : True
2025-02-15 20:09:53,466 - INFO - cb_identified : True
2025-02-15 20:09:53,466 - INFO - _________CB END_________
2025-02-15 20:09:53,512 - INFO - Analys End
2025-02-15 20:09:53,563 - INFO - Analys End
2025-02-15 20:09:53,612 - INFO - Analys End
2025-02-15 20:09:53,664 - INFO - Analys End
2025-02-15 20:09:53,712 - INFO - Analys End
2025-02-15 20:09:53,761 - INFO - Analys End
2025-02-15 20:09:53,764 - INFO - Cam: 5 current brush ID: 1 Value: 1
2025-02-15 20:09:53,765 - INFO - Inside Servo control
2025-02-15 20:09:53,765 - INFO - brush status: [1, 2, 1, 1, 2, 1]
2025-02-15 20:09:53,765 - INFO - brush left




2025-02-15 20:09:53,813 - INFO - Analys End
2025-02-15 20:09:53,872 - INFO - Analys End
2025-02-15 20:09:53,928 - INFO - Analys End
2025-02-15 20:09:53,981 - INFO - Analys End
2025-02-15 20:09:54,034 - INFO - Analys End
2025-02-15 20:09:54,092 - INFO - Analys End
2025-02-15 20:09:54,146 - INFO - Analys End
2025-02-15 20:09:54,197 - INFO - Analys End
2025-02-15 20:09:54,250 - INFO - Analys End
2025-02-15 20:09:54,271 - INFO - Sent command: Rejected
2025-02-15 20:09:54,304 - INFO - Analys End
2025-02-15 20:09:54,357 - INFO - Analys End
2025-02-15 20:09:54,413 - INFO - Analys End
2025-02-15 20:09:54,466 - INFO - Analys End
2025-02-15 20:09:54,522 - INFO - Analys End
2025-02-15 20:09:54,572 - INFO - Analys End
2025-02-15 20:09:54,625 - INFO - Analys End
2025-02-15 20:09:54,677 - INFO - Analys End
2025-02-15 20:09:54,728 - INFO - Analys End
2025-02-15 20:09:54,778 - INFO - Analys End
2025-02-15 20:09:54,831 - INFO - Analys End
2025-02-15 20:09:54,884 - INFO - Analys End
2025-02-15 20:09:54,948 - INFO - Analys End
2025-02-15 20:09:55,000 - INFO - Analys End
2025-02-15 20:09:55,055 - INFO - Analys End
2025-02-15 20:09:55,106 - INFO - Analys End
2025-02-15 20:09:55,158 - INFO - Analys End
2025-02-15 20:09:55,210 - INFO - Analys End
2025-02-15 20:09:55,261 - INFO - Analys End
2025-02-15 20:09:55,315 - INFO - Analys End
2025-02-15 20:09:55,370 - INFO - Analys End
2025-02-15 20:09:55,423 - INFO - Analys End
2025-02-15 20:09:55,476 - INFO - Analys End
2025-02-15 20:09:55,529 - INFO - Analys End
2025-02-15 20:09:55,582 - INFO - Analys End
2025-02-15 20:09:55,636 - INFO - Analys End
2025-02-15 20:09:55,688 - INFO - Analys End
2025-02-15 20:09:55,750 - INFO - Analys End
2025-02-15 20:09:55,801 - INFO - Analys End
2025-02-15 20:09:55,849 - INFO - Analys End
2025-02-15 20:09:55,896 - INFO - Analys End
2025-02-15 20:09:55,945 - INFO - Analys End
2025-02-15 20:09:55,996 - INFO - Analys End
2025-02-15 20:09:56,053 - INFO - Analys End
2025-02-15 20:09:56,106 - INFO - Analys End
2025-02-15 20:09:56,157 - INFO - Analys End
2025-02-15 20:09:56,205 - INFO - Analys End
2025-02-15 20:09:56,255 - INFO - Analys End
2025-02-15 20:09:56,304 - INFO - Analys End
2025-02-15 20:09:56,351 - INFO - Analys End
2025-02-15 20:09:56,401 - INFO - Analys End
2025-02-15 20:09:56,450 - INFO - Analys End
2025-02-15 20:09:56,498 - INFO - Analys End
2025-02-15 20:09:56,552 - INFO - Analys End
2025-02-15 20:09:56,603 - INFO - Analys End
2025-02-15 20:09:56,651 - INFO - Analys End
2025-02-15 20:09:56,700 - INFO - Analys End
2025-02-15 20:09:56,749 - INFO - Analys End
2025-02-15 20:09:56,795 - INFO - Analys End
2025-02-15 20:09:56,844 - INFO - Analys End
2025-02-15 20:09:56,896 - INFO - Analys End
2025-02-15 20:09:56,952 - INFO - Analys End
2025-02-15 20:09:57,002 - INFO - Analys End
2025-02-15 20:09:57,050 - INFO - Analys End
2025-02-15 20:09:57,097 - INFO - Analys End
2025-02-15 20:09:57,149 - INFO - Analys End
2025-02-15 20:09:57,201 - INFO - Analys End
2025-02-15 20:09:57,250 - INFO - Analys End
2025-02-15 20:09:57,301 - INFO - Analys End
2025-02-15 20:09:57,355 - INFO - Analys End
2025-02-15 20:09:57,404 - INFO - Analys End
2025-02-15 20:09:57,454 - INFO - Analys End
2025-02-15 20:09:57,506 - INFO - Analys End
2025-02-15 20:09:57,553 - INFO - Analys End
2025-02-15 20:09:57,616 - INFO - Analys End
2025-02-15 20:09:57,665 - INFO - Analys End
2025-02-15 20:09:57,717 - INFO - Analys End
2025-02-15 20:09:57,774 - INFO - Analys End
2025-02-15 20:09:57,828 - INFO - Analys End
2025-02-15 20:09:57,878 - INFO - Analys End
2025-02-15 20:09:57,928 - INFO - Analys End
2025-02-15 20:09:57,976 - INFO - Analys End
2025-02-15 20:09:58,024 - INFO - Analys End
2025-02-15 20:09:58,072 - INFO - Analys End
2025-02-15 20:09:58,128 - INFO - Analys End
2025-02-15 20:09:58,185 - INFO - Analys End
2025-02-15 20:09:58,238 - INFO - Analys End
2025-02-15 20:09:58,286 - INFO - Analys End
2025-02-15 20:09:58,334 - INFO - Analys End
2025-02-15 20:09:58,383 - INFO - Analys End
2025-02-15 20:09:58,435 - INFO - Analys End
2025-02-15 20:09:58,482 - INFO - Analys End
2025-02-15 20:09:58,534 - INFO - Analys End
2025-02-15 20:09:58,586 - INFO - Analys End
2025-02-15 20:09:58,633 - INFO - Analys End
2025-02-15 20:09:58,682 - INFO - Analys End
2025-02-15 20:09:58,747 - INFO - Analys End
2025-02-15 20:09:58,796 - INFO - Analys End
2025-02-15 20:09:58,850 - INFO - Analys End
2025-02-15 20:09:58,898 - INFO - Analys End
2025-02-15 20:09:58,948 - INFO - Analys End
2025-02-15 20:09:59,004 - INFO - Analys End
2025-02-15 20:09:59,056 - INFO - Analys End
2025-02-15 20:09:59,103 - INFO - Analys End
2025-02-15 20:09:59,153 - INFO - Analys End
2025-02-15 20:09:59,200 - INFO - Analys End
2025-02-15 20:09:59,247 - INFO - Analys End
2025-02-15 20:09:59,296 - INFO - Analys End
2025-02-15 20:09:59,347 - INFO - Analys End
2025-02-15 20:09:59,398 - INFO - Analys End
2025-02-15 20:09:59,449 - INFO - Analys End
2025-02-15 20:09:59,498 - INFO - Analys End
2025-02-15 20:09:59,547 - INFO - Analys End
2025-02-15 20:09:59,598 - INFO - Analys End
2025-02-15 20:09:59,655 - INFO - Analys End
2025-02-15 20:09:59,702 - INFO - Analys End
2025-02-15 20:09:59,751 - INFO - Analys End
2025-02-15 20:09:59,808 - INFO - Analys End
2025-02-15 20:09:59,855 - INFO - Analys End
2025-02-15 20:09:59,905 - INFO - Analys End
2025-02-15 20:09:59,960 - INFO - Analys End
2025-02-15 20:10:00,008 - INFO - Analys End
2025-02-15 20:10:00,061 - INFO - Analys End
2025-02-15 20:10:00,114 - INFO - Analys End
2025-02-15 20:10:00,165 - INFO - Analys End
2025-02-15 20:10:00,220 - INFO - Analys End
2025-02-15 20:10:00,271 - INFO - Analys End
2025-02-15 20:10:00,323 - INFO - Analys End
2025-02-15 20:10:00,376 - INFO - Analys End
2025-02-15 20:10:00,425 - INFO - Analys End
2025-02-15 20:10:00,472 - INFO - Analys End
2025-02-15 20:10:00,521 - INFO - Analys End
2025-02-15 20:10:00,579 - INFO - Analys End
2025-02-15 20:10:00,635 - INFO - Analys End
2025-02-15 20:10:00,683 - INFO - Analys End
2025-02-15 20:10:00,731 - INFO - Analys End
2025-02-15 20:10:00,779 - INFO - Analys End
2025-02-15 20:10:00,827 - INFO - Analys End
2025-02-15 20:10:00,879 - INFO - Analys End
2025-02-15 20:10:00,926 - INFO - Analys End
2025-02-15 20:10:00,989 - INFO - Analys End
2025-02-15 20:10:01,048 - INFO - Analys End
2025-02-15 20:10:01,104 - INFO - Analys End
2025-02-15 20:10:01,160 - INFO - Analys End
2025-02-15 20:10:01,213 - INFO - Analys End
2025-02-15 20:10:01,261 - INFO - Analys End
2025-02-15 20:10:01,311 - INFO - Analys End
2025-02-15 20:10:01,360 - INFO - Analys End
2025-02-15 20:10:01,410 - INFO - Analys End
2025-02-15 20:10:01,461 - INFO - Analys End
2025-02-15 20:10:01,513 - INFO - Analys End
2025-02-15 20:10:01,562 - INFO - Analys End
2025-02-15 20:10:01,614 - INFO - Analys End
2025-02-15 20:10:01,665 - INFO - Analys End
2025-02-15 20:10:01,713 - INFO - Analys End
2025-02-15 20:10:01,764 - INFO - Analys End
2025-02-15 20:10:01,819 - INFO - Analys End
2025-02-15 20:10:01,866 - INFO - Analys End
2025-02-15 20:10:01,915 - INFO - Analys End
2025-02-15 20:10:01,963 - INFO - Analys End
2025-02-15 20:10:02,011 - INFO - Analys End
2025-02-15 20:10:02,071 - INFO - Analys End
2025-02-15 20:10:02,128 - INFO - Analys End
2025-02-15 20:10:02,181 - INFO - Analys End
2025-02-15 20:10:02,241 - INFO - Analys End
2025-02-15 20:10:02,294 - INFO - Analys End
2025-02-15 20:10:02,345 - INFO - Analys End
2025-02-15 20:10:02,395 - INFO - Analys End
2025-02-15 20:10:02,449 - INFO - Analys End
2025-02-15 20:10:02,497 - INFO - Analys End
2025-02-15 20:10:02,546 - INFO - Analys End
2025-02-15 20:10:02,595 - INFO - Analys End
2025-02-15 20:10:02,643 - INFO - Analys End
2025-02-15 20:10:02,693 - INFO - Analys End
2025-02-15 20:10:02,747 - INFO - Analys End
2025-02-15 20:10:02,795 - INFO - Analys End
2025-02-15 20:10:02,844 - INFO - Analys End
2025-02-15 20:10:02,893 - INFO - Analys End
2025-02-15 20:10:02,940 - INFO - Analys End
2025-02-15 20:10:02,989 - INFO - Analys End
2025-02-15 20:10:03,044 - INFO - Analys End
2025-02-15 20:10:03,094 - INFO - Analys End
2025-02-15 20:10:03,145 - INFO - Analys End
2025-02-15 20:10:03,196 - INFO - Analys End
2025-02-15 20:10:03,245 - INFO - Analys End
2025-02-15 20:10:03,296 - INFO - Analys End
2025-02-15 20:10:03,347 - INFO - Analys End
2025-02-15 20:10:03,395 - INFO - Analys End
2025-02-15 20:10:03,450 - INFO - Analys End
2025-02-15 20:10:03,497 - INFO - Analys End
2025-02-15 20:10:03,546 - INFO - Analys End
2025-02-15 20:10:03,597 - INFO - Analys End
2025-02-15 20:10:03,648 - INFO - Analys End
2025-02-15 20:10:03,695 - INFO - Analys End
2025-02-15 20:10:03,745 - INFO - Analys End
2025-02-15 20:10:03,793 - INFO - Analys End
2025-02-15 20:10:03,844 - INFO - Analys End
2025-02-15 20:10:03,893 - INFO - Analys End
2025-02-15 20:10:03,944 - INFO - Analys End
2025-02-15 20:10:03,992 - INFO - Analys End
2025-02-15 20:10:04,042 - INFO - Analys End
2025-02-15 20:10:04,089 - INFO - Analys End
2025-02-15 20:10:04,140 - INFO - Analys End
2025-02-15 20:10:04,190 - INFO - Analys End
2025-02-15 20:10:04,245 - INFO - Analys End
2025-02-15 20:10:04,294 - INFO - Analys End
2025-02-15 20:10:04,346 - INFO - Analys End
2025-02-15 20:10:04,395 - INFO - Analys End
2025-02-15 20:10:04,444 - INFO - Analys End
2025-02-15 20:10:04,495 - INFO - Analys End
2025-02-15 20:10:04,556 - INFO - Analys End
2025-02-15 20:10:04,605 - INFO - Analys End
2025-02-15 20:10:04,656 - INFO - Analys End
2025-02-15 20:10:04,704 - INFO - Analys End
2025-02-15 20:10:04,753 - INFO - Analys End
2025-02-15 20:10:04,801 - INFO - Analys End
2025-02-15 20:10:04,804 - INFO - Closing All Cameras.
2025-02-15 20:10:04,964 - INFO - Analys End
2025-02-15 20:10:05,086 - INFO - Analys End
2025-02-15 20:10:05,206 - INFO - Analys End
2025-02-15 20:10:05,322 - INFO - Analys End
2025-02-15 20:10:05,430 - INFO - Analys End
2025-02-15 20:10:25,482 - INFO - All camera daily operations are closed
