2025-02-15 23:52:19,667 - INFO - Servo set to home position.
2025-02-15 23:52:30,104 - INFO - cp identified 1
2025-02-15 23:52:30,104 - INFO - cb
2025-02-15 23:52:30,104 - INFO - Cb Dimention wXh: (35.300000000000004, 31.900000000000002)
2025-02-15 23:52:30,105 - INFO - cp identified 2: False Class Name: cb
2025-02-15 23:52:30,105 - INFO - cp identified 3
2025-02-15 23:52:30,402 - INFO - New brush created with ID: 1
2025-02-15 23:52:30,403 - INFO - _________CB START_________
2025-02-15 23:52:30,403 - INFO - defect : False
2025-02-15 23:52:30,403 - INFO - any_defect_identified : False
2025-02-15 23:52:30,404 - INFO - cb_on_cam : True
2025-02-15 23:52:30,405 - INFO - cb_identified : True
2025-02-15 23:52:30,405 - INFO - _________CB END_________
2025-02-15 23:52:30,669 - INFO - cp identified 1
2025-02-15 23:52:30,669 - INFO - cb
2025-02-15 23:52:30,669 - INFO - Cb Dimention wXh: (35.7, 32.4)
2025-02-15 23:52:30,669 - INFO - cp identified 2: False Class Name: cb
2025-02-15 23:52:30,669 - INFO - cp identified 3
2025-02-15 23:52:30,677 - INFO - _________CB START_________
2025-02-15 23:52:30,677 - INFO - defect : False
2025-02-15 23:52:30,677 - INFO - any_defect_identified : False
2025-02-15 23:52:30,677 - INFO - cb_on_cam : True
2025-02-15 23:52:30,677 - INFO - cb_identified : True
2025-02-15 23:52:30,677 - INFO - _________CB END_________
2025-02-15 23:52:30,956 - INFO - cp identified 1
2025-02-15 23:52:30,957 - INFO - cb
2025-02-15 23:52:30,957 - INFO - Cb Dimention wXh: (36.5, 22.0)
2025-02-15 23:52:30,957 - INFO - cp identified 2: False Class Name: cb
2025-02-15 23:52:30,957 - INFO - cp identified 3
2025-02-15 23:52:30,962 - INFO - _________CB START_________
2025-02-15 23:52:30,963 - INFO - defect : False
2025-02-15 23:52:30,963 - INFO - any_defect_identified : True
2025-02-15 23:52:30,963 - INFO - cb_on_cam : True
2025-02-15 23:52:30,963 - INFO - cb_identified : True
2025-02-15 23:52:30,963 - INFO - _________CB END_________
2025-02-15 23:52:31,248 - INFO - Cam: 0 current brush ID: 1 Value: 1
2025-02-15 23:52:31,248 - INFO - brush left




2025-02-15 23:52:44,480 - INFO - cp identified 1
2025-02-15 23:52:44,480 - INFO - cb
2025-02-15 23:52:44,480 - INFO - Cb Dimention wXh: (39.800000000000004, 30.0)
2025-02-15 23:52:44,481 - INFO - cp identified 2: False Class Name: cb
2025-02-15 23:52:44,481 - INFO - cp identified 3
2025-02-15 23:52:44,486 - INFO - New brush created with ID: 2
2025-02-15 23:52:44,486 - INFO - _________CB START_________
2025-02-15 23:52:44,486 - INFO - defect : False
2025-02-15 23:52:44,486 - INFO - any_defect_identified : True
2025-02-15 23:52:44,486 - INFO - cb_on_cam : True
2025-02-15 23:52:44,487 - INFO - cb_identified : True
2025-02-15 23:52:44,487 - INFO - _________CB END_________
2025-02-15 23:52:44,768 - INFO - cp identified 1
2025-02-15 23:52:44,768 - INFO - cb
2025-02-15 23:52:44,768 - INFO - Cb Dimention wXh: (32.300000000000004, 34.300000000000004)
2025-02-15 23:52:44,768 - INFO - cp identified 2: False Class Name: cb
2025-02-15 23:52:44,768 - INFO - cp identified 3
2025-02-15 23:52:44,774 - INFO - _________CB START_________
2025-02-15 23:52:44,774 - INFO - defect : False
2025-02-15 23:52:44,774 - INFO - any_defect_identified : True
2025-02-15 23:52:44,774 - INFO - cb_on_cam : True
2025-02-15 23:52:44,775 - INFO - cb_identified : True
2025-02-15 23:52:44,775 - INFO - _________CB END_________
2025-02-15 23:52:45,055 - INFO - cp identified 1
2025-02-15 23:52:45,055 - INFO - cb
2025-02-15 23:52:45,055 - INFO - Cb Dimention wXh: (33.4, 34.800000000000004)
2025-02-15 23:52:45,056 - INFO - cp identified 2: False Class Name: cb
2025-02-15 23:52:45,056 - INFO - cp identified 3
2025-02-15 23:52:45,061 - INFO - _________CB START_________
2025-02-15 23:52:45,061 - INFO - defect : False
2025-02-15 23:52:45,061 - INFO - any_defect_identified : True
2025-02-15 23:52:45,061 - INFO - cb_on_cam : True
2025-02-15 23:52:45,061 - INFO - cb_identified : True
2025-02-15 23:52:45,061 - INFO - _________CB END_________
2025-02-15 23:52:45,340 - INFO - cp identified 1
2025-02-15 23:52:45,341 - INFO - cb
2025-02-15 23:52:45,341 - INFO - Cb Dimention wXh: (34.2, 28.6)
2025-02-15 23:52:45,341 - INFO - cp identified 2: False Class Name: cb
2025-02-15 23:52:45,341 - INFO - cp identified 3
2025-02-15 23:52:45,346 - INFO - _________CB START_________
2025-02-15 23:52:45,346 - INFO - defect : False
2025-02-15 23:52:45,346 - INFO - any_defect_identified : True
2025-02-15 23:52:45,346 - INFO - cb_on_cam : True
2025-02-15 23:52:45,346 - INFO - cb_identified : True
2025-02-15 23:52:45,346 - INFO - _________CB END_________
2025-02-15 23:52:45,628 - INFO - cp identified 1
2025-02-15 23:52:45,628 - INFO - cb
2025-02-15 23:52:45,628 - INFO - Cb Dimention wXh: (32.5, 21.3)
2025-02-15 23:52:45,628 - INFO - cp identified 2: False Class Name: cb
2025-02-15 23:52:45,628 - INFO - cp identified 3
2025-02-15 23:52:45,633 - INFO - _________CB START_________
2025-02-15 23:52:45,633 - INFO - defect : False
2025-02-15 23:52:45,633 - INFO - any_defect_identified : True
2025-02-15 23:52:45,633 - INFO - cb_on_cam : True
2025-02-15 23:52:45,633 - INFO - cb_identified : True
2025-02-15 23:52:45,633 - INFO - _________CB END_________
2025-02-15 23:52:45,919 - INFO - Cam: 0 current brush ID: 2 Value: 1
2025-02-15 23:52:45,919 - INFO - brush left




2025-02-15 23:52:51,674 - INFO - Closing All Cameras.
2025-02-15 23:52:52,330 - INFO - All camera daily operations are closed
