2025-02-16 00:36:10,861 - INFO - Servo set to home position.
2025-02-16 00:36:12,980 - INFO - cp identified 1
2025-02-16 00:36:12,980 - INFO - cb
2025-02-16 00:36:12,980 - INFO - Cb Dimention wXh: (20.400000000000002, 26.400000000000002)
2025-02-16 00:36:12,981 - INFO - cp identified 2: False Class Name: cb
2025-02-16 00:36:12,981 - INFO - cp identified 3
2025-02-16 00:36:13,033 - INFO - _________CB START_________
2025-02-16 00:36:13,033 - INFO - defect : False
2025-02-16 00:36:13,033 - INFO - any_defect_identified : False
2025-02-16 00:36:13,033 - INFO - cb_on_cam : True
2025-02-16 00:36:13,034 - INFO - cb_identified : True
2025-02-16 00:36:13,034 - INFO - _________CB END_________
2025-02-16 00:36:13,324 - INFO - cp identified 1
2025-02-16 00:36:13,325 - INFO - Decfect identified 1
2025-02-16 00:36:13,325 - INFO - cb
2025-02-16 00:36:13,325 - INFO - Cb Dimention wXh: (20.400000000000002, 26.400000000000002)
2025-02-16 00:36:13,325 - INFO - cp identified 2: False Class Name: cb
2025-02-16 00:36:13,325 - INFO - cp identified 3
2025-02-16 00:36:13,326 - INFO - ##############################Both identified####################################
2025-02-16 00:36:13,328 - INFO - _________CB START_________
2025-02-16 00:36:13,328 - INFO - defect : True
2025-02-16 00:36:13,328 - INFO - any_defect_identified : True
2025-02-16 00:36:13,329 - INFO - cb_on_cam : True
2025-02-16 00:36:13,329 - INFO - cb_identified : True
2025-02-16 00:36:13,329 - INFO - _________CB END_________
2025-02-16 00:36:13,329 - INFO - _________DEFECT START_________
2025-02-16 00:36:13,329 - INFO - defect : True
2025-02-16 00:36:13,329 - INFO - any_defect_identified : True
2025-02-16 00:36:13,329 - INFO - cb_on_cam : True
2025-02-16 00:36:13,329 - INFO - cb_identified : True
2025-02-16 00:36:13,329 - INFO - _________DEFECT END_________
2025-02-16 00:36:13,623 - INFO - cp identified 1
2025-02-16 00:36:13,624 - INFO - cb
2025-02-16 00:36:13,624 - INFO - Cb Dimention wXh: (20.3, 26.400000000000002)
2025-02-16 00:36:13,624 - INFO - cp identified 2: False Class Name: cb
2025-02-16 00:36:13,624 - INFO - cp identified 3
2025-02-16 00:36:13,625 - INFO - _________CB START_________
2025-02-16 00:36:13,626 - INFO - defect : False
2025-02-16 00:36:13,626 - INFO - any_defect_identified : True
2025-02-16 00:36:13,626 - INFO - cb_on_cam : True
2025-02-16 00:36:13,626 - INFO - cb_identified : True
2025-02-16 00:36:13,626 - INFO - _________CB END_________
2025-02-16 00:36:13,910 - INFO - cp identified 1
2025-02-16 00:36:13,911 - INFO - cb
2025-02-16 00:36:13,911 - INFO - Cb Dimention wXh: (20.3, 26.400000000000002)
2025-02-16 00:36:13,911 - INFO - cp identified 2: False Class Name: cb
2025-02-16 00:36:13,911 - INFO - cp identified 3
2025-02-16 00:36:13,913 - INFO - _________CB START_________
2025-02-16 00:36:13,913 - INFO - defect : False
2025-02-16 00:36:13,913 - INFO - any_defect_identified : True
2025-02-16 00:36:13,913 - INFO - cb_on_cam : True
2025-02-16 00:36:13,913 - INFO - cb_identified : True
2025-02-16 00:36:13,914 - INFO - _________CB END_________
2025-02-16 00:36:14,201 - INFO - cp identified 1
2025-02-16 00:36:14,201 - INFO - Decfect identified 1
2025-02-16 00:36:14,202 - INFO - cb
2025-02-16 00:36:14,202 - INFO - Cb Dimention wXh: (20.400000000000002, 26.400000000000002)
2025-02-16 00:36:14,202 - INFO - cp identified 2: False Class Name: cb
2025-02-16 00:36:14,202 - INFO - cp identified 3
2025-02-16 00:36:14,202 - INFO - ##############################Both identified####################################
2025-02-16 00:36:14,205 - INFO - _________CB START_________
2025-02-16 00:36:14,205 - INFO - defect : True
2025-02-16 00:36:14,205 - INFO - any_defect_identified : True
2025-02-16 00:36:14,205 - INFO - cb_on_cam : True
2025-02-16 00:36:14,205 - INFO - cb_identified : True
2025-02-16 00:36:14,205 - INFO - _________CB END_________
2025-02-16 00:36:14,205 - INFO - _________DEFECT START_________
2025-02-16 00:36:14,205 - INFO - defect : True
2025-02-16 00:36:14,205 - INFO - any_defect_identified : True
2025-02-16 00:36:14,205 - INFO - cb_on_cam : True
2025-02-16 00:36:14,205 - INFO - cb_identified : True
2025-02-16 00:36:14,206 - INFO - _________DEFECT END_________
2025-02-16 00:36:14,486 - INFO - cp identified 1
2025-02-16 00:36:14,487 - INFO - Decfect identified 1
2025-02-16 00:36:14,487 - INFO - cb
2025-02-16 00:36:14,487 - INFO - Cb Dimention wXh: (20.3, 26.400000000000002)
2025-02-16 00:36:14,487 - INFO - cp identified 2: False Class Name: cb
2025-02-16 00:36:14,487 - INFO - cp identified 3
2025-02-16 00:36:14,487 - INFO - ##############################Both identified####################################
2025-02-16 00:36:14,490 - INFO - _________CB START_________
2025-02-16 00:36:14,490 - INFO - defect : True
2025-02-16 00:36:14,490 - INFO - any_defect_identified : True
2025-02-16 00:36:14,490 - INFO - cb_on_cam : True
2025-02-16 00:36:14,490 - INFO - cb_identified : True
2025-02-16 00:36:14,490 - INFO - _________CB END_________
2025-02-16 00:36:14,490 - INFO - _________DEFECT START_________
2025-02-16 00:36:14,490 - INFO - defect : True
2025-02-16 00:36:14,490 - INFO - any_defect_identified : True
2025-02-16 00:36:14,490 - INFO - cb_on_cam : True
2025-02-16 00:36:14,490 - INFO - cb_identified : True
2025-02-16 00:36:14,490 - INFO - _________DEFECT END_________
2025-02-16 00:36:14,784 - INFO - cp identified 1
2025-02-16 00:36:14,784 - INFO - Decfect identified 1
2025-02-16 00:36:14,785 - INFO - cb
2025-02-16 00:36:14,785 - INFO - Cb Dimention wXh: (20.400000000000002, 26.400000000000002)
2025-02-16 00:36:14,785 - INFO - cp identified 2: False Class Name: cb
2025-02-16 00:36:14,785 - INFO - cp identified 3
2025-02-16 00:36:14,785 - INFO - ##############################Both identified####################################
2025-02-16 00:36:14,787 - INFO - _________CB START_________
2025-02-16 00:36:14,788 - INFO - defect : True
2025-02-16 00:36:14,788 - INFO - any_defect_identified : True
2025-02-16 00:36:14,788 - INFO - cb_on_cam : True
2025-02-16 00:36:14,788 - INFO - cb_identified : True
2025-02-16 00:36:14,788 - INFO - _________CB END_________
2025-02-16 00:36:14,788 - INFO - _________DEFECT START_________
2025-02-16 00:36:14,788 - INFO - defect : True
2025-02-16 00:36:14,788 - INFO - any_defect_identified : True
2025-02-16 00:36:14,788 - INFO - cb_on_cam : True
2025-02-16 00:36:14,788 - INFO - cb_identified : True
2025-02-16 00:36:14,788 - INFO - _________DEFECT END_________
2025-02-16 00:36:15,106 - INFO - cp identified 1
2025-02-16 00:36:15,107 - INFO - cb
2025-02-16 00:36:15,107 - INFO - Cb Dimention wXh: (20.3, 26.400000000000002)
2025-02-16 00:36:15,107 - INFO - cp identified 2: False Class Name: cb
2025-02-16 00:36:15,107 - INFO - cp identified 3
2025-02-16 00:36:15,110 - INFO - _________CB START_________
2025-02-16 00:36:15,111 - INFO - defect : False
2025-02-16 00:36:15,111 - INFO - any_defect_identified : True
2025-02-16 00:36:15,111 - INFO - cb_on_cam : True
2025-02-16 00:36:15,111 - INFO - cb_identified : True
2025-02-16 00:36:15,111 - INFO - _________CB END_________
2025-02-16 00:36:15,429 - INFO - cp identified 1
2025-02-16 00:36:15,429 - INFO - cb
2025-02-16 00:36:15,429 - INFO - Cb Dimention wXh: (20.3, 26.400000000000002)
2025-02-16 00:36:15,430 - INFO - cp identified 2: False Class Name: cb
2025-02-16 00:36:15,430 - INFO - cp identified 3
2025-02-16 00:36:15,432 - INFO - _________CB START_________
2025-02-16 00:36:15,432 - INFO - defect : False
2025-02-16 00:36:15,432 - INFO - any_defect_identified : True
2025-02-16 00:36:15,432 - INFO - cb_on_cam : True
2025-02-16 00:36:15,432 - INFO - cb_identified : True
2025-02-16 00:36:15,432 - INFO - _________CB END_________
2025-02-16 00:36:15,745 - INFO - cp identified 1
2025-02-16 00:36:15,745 - INFO - cb
2025-02-16 00:36:15,746 - INFO - Cb Dimention wXh: (20.400000000000002, 26.400000000000002)
2025-02-16 00:36:15,746 - INFO - cp identified 2: False Class Name: cb
2025-02-16 00:36:15,746 - INFO - cp identified 3
2025-02-16 00:36:15,750 - INFO - _________CB START_________
2025-02-16 00:36:15,750 - INFO - defect : False
2025-02-16 00:36:15,750 - INFO - any_defect_identified : True
2025-02-16 00:36:15,750 - INFO - cb_on_cam : True
2025-02-16 00:36:15,750 - INFO - cb_identified : True
2025-02-16 00:36:15,750 - INFO - _________CB END_________
2025-02-16 00:36:16,064 - INFO - cp identified 1
2025-02-16 00:36:16,064 - INFO - cb
2025-02-16 00:36:16,064 - INFO - Cb Dimention wXh: (20.400000000000002, 26.400000000000002)
2025-02-16 00:36:16,064 - INFO - cp identified 2: False Class Name: cb
2025-02-16 00:36:16,064 - INFO - cp identified 3
2025-02-16 00:36:16,067 - INFO - _________CB START_________
2025-02-16 00:36:16,067 - INFO - defect : False
2025-02-16 00:36:16,067 - INFO - any_defect_identified : True
2025-02-16 00:36:16,067 - INFO - cb_on_cam : True
2025-02-16 00:36:16,068 - INFO - cb_identified : True
2025-02-16 00:36:16,068 - INFO - _________CB END_________
2025-02-16 00:36:16,357 - INFO - cp identified 1
2025-02-16 00:36:16,358 - INFO - Decfect identified 1
2025-02-16 00:36:16,358 - INFO - cb
2025-02-16 00:36:16,358 - INFO - Cb Dimention wXh: (20.3, 26.400000000000002)
2025-02-16 00:36:16,358 - INFO - cp identified 2: False Class Name: cb
2025-02-16 00:36:16,358 - INFO - cp identified 3
2025-02-16 00:36:16,358 - INFO - ##############################Both identified####################################
2025-02-16 00:36:16,361 - INFO - _________CB START_________
2025-02-16 00:36:16,361 - INFO - defect : True
2025-02-16 00:36:16,361 - INFO - any_defect_identified : True
2025-02-16 00:36:16,361 - INFO - cb_on_cam : True
2025-02-16 00:36:16,361 - INFO - cb_identified : True
2025-02-16 00:36:16,361 - INFO - _________CB END_________
2025-02-16 00:36:16,361 - INFO - _________DEFECT START_________
2025-02-16 00:36:16,361 - INFO - defect : True
2025-02-16 00:36:16,362 - INFO - any_defect_identified : True
2025-02-16 00:36:16,362 - INFO - cb_on_cam : True
2025-02-16 00:36:16,362 - INFO - cb_identified : True
2025-02-16 00:36:16,362 - INFO - _________DEFECT END_________
2025-02-16 00:36:16,666 - INFO - cp identified 1
2025-02-16 00:36:16,666 - INFO - cb
2025-02-16 00:36:16,666 - INFO - Cb Dimention wXh: (20.3, 26.400000000000002)
2025-02-16 00:36:16,667 - INFO - cp identified 2: False Class Name: cb
2025-02-16 00:36:16,667 - INFO - cp identified 3
2025-02-16 00:36:16,670 - INFO - _________CB START_________
2025-02-16 00:36:16,670 - INFO - defect : False
2025-02-16 00:36:16,670 - INFO - any_defect_identified : True
2025-02-16 00:36:16,670 - INFO - cb_on_cam : True
2025-02-16 00:36:16,670 - INFO - cb_identified : True
2025-02-16 00:36:16,670 - INFO - _________CB END_________
2025-02-16 00:36:16,961 - INFO - cp identified 1
2025-02-16 00:36:16,962 - INFO - Decfect identified 1
2025-02-16 00:36:16,962 - INFO - cb
2025-02-16 00:36:16,962 - INFO - Cb Dimention wXh: (20.400000000000002, 26.400000000000002)
2025-02-16 00:36:16,962 - INFO - cp identified 2: False Class Name: cb
2025-02-16 00:36:16,962 - INFO - cp identified 3
2025-02-16 00:36:16,962 - INFO - ##############################Both identified####################################
2025-02-16 00:36:16,973 - INFO - _________CB START_________
2025-02-16 00:36:16,973 - INFO - defect : True
2025-02-16 00:36:16,973 - INFO - any_defect_identified : True
2025-02-16 00:36:16,974 - INFO - cb_on_cam : True
2025-02-16 00:36:16,974 - INFO - cb_identified : True
2025-02-16 00:36:16,974 - INFO - _________CB END_________
2025-02-16 00:36:16,974 - INFO - _________DEFECT START_________
2025-02-16 00:36:16,974 - INFO - defect : True
2025-02-16 00:36:16,974 - INFO - any_defect_identified : True
2025-02-16 00:36:16,974 - INFO - cb_on_cam : True
2025-02-16 00:36:16,974 - INFO - cb_identified : True
2025-02-16 00:36:16,974 - INFO - _________DEFECT END_________
2025-02-16 00:36:17,255 - INFO - cp identified 1
2025-02-16 00:36:17,256 - INFO - Decfect identified 1
2025-02-16 00:36:17,256 - INFO - cb
2025-02-16 00:36:17,256 - INFO - Cb Dimention wXh: (20.400000000000002, 26.400000000000002)
2025-02-16 00:36:17,256 - INFO - cp identified 2: False Class Name: cb
2025-02-16 00:36:17,256 - INFO - cp identified 3
2025-02-16 00:36:17,256 - INFO - ##############################Both identified####################################
2025-02-16 00:36:17,260 - INFO - _________CB START_________
2025-02-16 00:36:17,261 - INFO - defect : True
2025-02-16 00:36:17,261 - INFO - any_defect_identified : True
2025-02-16 00:36:17,261 - INFO - cb_on_cam : True
2025-02-16 00:36:17,261 - INFO - cb_identified : True
2025-02-16 00:36:17,261 - INFO - _________CB END_________
2025-02-16 00:36:17,261 - INFO - _________DEFECT START_________
2025-02-16 00:36:17,261 - INFO - defect : True
2025-02-16 00:36:17,261 - INFO - any_defect_identified : True
2025-02-16 00:36:17,261 - INFO - cb_on_cam : True
2025-02-16 00:36:17,261 - INFO - cb_identified : True
2025-02-16 00:36:17,261 - INFO - _________DEFECT END_________
2025-02-16 00:36:17,545 - INFO - cp identified 1
2025-02-16 00:36:17,546 - INFO - cb
2025-02-16 00:36:17,546 - INFO - Cb Dimention wXh: (20.3, 26.400000000000002)
2025-02-16 00:36:17,546 - INFO - cp identified 2: False Class Name: cb
2025-02-16 00:36:17,546 - INFO - cp identified 3
2025-02-16 00:36:17,550 - INFO - _________CB START_________
2025-02-16 00:36:17,550 - INFO - defect : False
2025-02-16 00:36:17,550 - INFO - any_defect_identified : True
2025-02-16 00:36:17,550 - INFO - cb_on_cam : True
2025-02-16 00:36:17,550 - INFO - cb_identified : True
2025-02-16 00:36:17,550 - INFO - _________CB END_________
2025-02-16 00:36:17,831 - INFO - cp identified 1
2025-02-16 00:36:17,831 - INFO - Decfect identified 1
2025-02-16 00:36:17,831 - INFO - cb
2025-02-16 00:36:17,832 - INFO - Cb Dimention wXh: (20.3, 26.400000000000002)
2025-02-16 00:36:17,832 - INFO - cp identified 2: False Class Name: cb
2025-02-16 00:36:17,832 - INFO - cp identified 3
2025-02-16 00:36:17,832 - INFO - ##############################Both identified####################################
2025-02-16 00:36:17,834 - INFO - _________CB START_________
2025-02-16 00:36:17,834 - INFO - defect : True
2025-02-16 00:36:17,834 - INFO - any_defect_identified : True
2025-02-16 00:36:17,834 - INFO - cb_on_cam : True
2025-02-16 00:36:17,834 - INFO - cb_identified : True
2025-02-16 00:36:17,834 - INFO - _________CB END_________
2025-02-16 00:36:17,834 - INFO - _________DEFECT START_________
2025-02-16 00:36:17,834 - INFO - defect : True
2025-02-16 00:36:17,834 - INFO - any_defect_identified : True
2025-02-16 00:36:17,834 - INFO - cb_on_cam : True
2025-02-16 00:36:17,834 - INFO - cb_identified : True
2025-02-16 00:36:17,834 - INFO - _________DEFECT END_________
2025-02-16 00:36:18,116 - INFO - cp identified 1
2025-02-16 00:36:18,117 - INFO - Decfect identified 1
2025-02-16 00:36:18,117 - INFO - cb
2025-02-16 00:36:18,117 - INFO - Cb Dimention wXh: (20.3, 26.400000000000002)
2025-02-16 00:36:18,117 - INFO - cp identified 2: False Class Name: cb
2025-02-16 00:36:18,117 - INFO - cp identified 3
2025-02-16 00:36:18,118 - INFO - ##############################Both identified####################################
2025-02-16 00:36:18,120 - INFO - _________CB START_________
2025-02-16 00:36:18,120 - INFO - defect : True
2025-02-16 00:36:18,120 - INFO - any_defect_identified : True
2025-02-16 00:36:18,120 - INFO - cb_on_cam : True
2025-02-16 00:36:18,120 - INFO - cb_identified : True
2025-02-16 00:36:18,120 - INFO - _________CB END_________
2025-02-16 00:36:18,120 - INFO - _________DEFECT START_________
2025-02-16 00:36:18,120 - INFO - defect : True
2025-02-16 00:36:18,121 - INFO - any_defect_identified : True
2025-02-16 00:36:18,121 - INFO - cb_on_cam : True
2025-02-16 00:36:18,121 - INFO - cb_identified : True
2025-02-16 00:36:18,121 - INFO - _________DEFECT END_________
2025-02-16 00:36:18,400 - INFO - cp identified 1
2025-02-16 00:36:18,400 - INFO - Decfect identified 1
2025-02-16 00:36:18,400 - INFO - cb
2025-02-16 00:36:18,400 - INFO - Cb Dimention wXh: (20.400000000000002, 26.400000000000002)
2025-02-16 00:36:18,400 - INFO - cp identified 2: False Class Name: cb
2025-02-16 00:36:18,401 - INFO - cp identified 3
2025-02-16 00:36:18,401 - INFO - ##############################Both identified####################################
2025-02-16 00:36:18,405 - INFO - _________CB START_________
2025-02-16 00:36:18,405 - INFO - defect : True
2025-02-16 00:36:18,405 - INFO - any_defect_identified : True
2025-02-16 00:36:18,405 - INFO - cb_on_cam : True
2025-02-16 00:36:18,405 - INFO - cb_identified : True
2025-02-16 00:36:18,405 - INFO - _________CB END_________
2025-02-16 00:36:18,405 - INFO - _________DEFECT START_________
2025-02-16 00:36:18,405 - INFO - defect : True
2025-02-16 00:36:18,405 - INFO - any_defect_identified : True
2025-02-16 00:36:18,405 - INFO - cb_on_cam : True
2025-02-16 00:36:18,405 - INFO - cb_identified : True
2025-02-16 00:36:18,405 - INFO - _________DEFECT END_________
2025-02-16 00:36:18,683 - INFO - cp identified 1
2025-02-16 00:36:18,684 - INFO - cb
2025-02-16 00:36:18,684 - INFO - Cb Dimention wXh: (20.400000000000002, 26.400000000000002)
2025-02-16 00:36:18,684 - INFO - cp identified 2: False Class Name: cb
2025-02-16 00:36:18,684 - INFO - cp identified 3
2025-02-16 00:36:18,686 - INFO - _________CB START_________
2025-02-16 00:36:18,686 - INFO - defect : False
2025-02-16 00:36:18,686 - INFO - any_defect_identified : True
2025-02-16 00:36:18,686 - INFO - cb_on_cam : True
2025-02-16 00:36:18,686 - INFO - cb_identified : True
2025-02-16 00:36:18,686 - INFO - _________CB END_________
2025-02-16 00:36:18,965 - INFO - cp identified 1
2025-02-16 00:36:18,965 - INFO - Decfect identified 1
2025-02-16 00:36:18,965 - INFO - cb
2025-02-16 00:36:18,966 - INFO - Cb Dimention wXh: (20.3, 26.400000000000002)
2025-02-16 00:36:18,966 - INFO - cp identified 2: False Class Name: cb
2025-02-16 00:36:18,966 - INFO - cp identified 3
2025-02-16 00:36:18,966 - INFO - ##############################Both identified####################################
2025-02-16 00:36:18,967 - INFO - _________CB START_________
2025-02-16 00:36:18,967 - INFO - defect : True
2025-02-16 00:36:18,968 - INFO - any_defect_identified : True
2025-02-16 00:36:18,968 - INFO - cb_on_cam : True
2025-02-16 00:36:18,968 - INFO - cb_identified : True
2025-02-16 00:36:18,968 - INFO - _________CB END_________
2025-02-16 00:36:18,968 - INFO - _________DEFECT START_________
2025-02-16 00:36:18,968 - INFO - defect : True
2025-02-16 00:36:18,968 - INFO - any_defect_identified : True
2025-02-16 00:36:18,968 - INFO - cb_on_cam : True
2025-02-16 00:36:18,968 - INFO - cb_identified : True
2025-02-16 00:36:18,968 - INFO - _________DEFECT END_________
2025-02-16 00:36:19,250 - INFO - cp identified 1
2025-02-16 00:36:19,250 - INFO - Decfect identified 1
2025-02-16 00:36:19,250 - INFO - cb
2025-02-16 00:36:19,250 - INFO - Cb Dimention wXh: (20.400000000000002, 26.400000000000002)
2025-02-16 00:36:19,251 - INFO - cp identified 2: False Class Name: cb
2025-02-16 00:36:19,251 - INFO - cp identified 3
2025-02-16 00:36:19,251 - INFO - ##############################Both identified####################################
2025-02-16 00:36:19,253 - INFO - _________CB START_________
2025-02-16 00:36:19,253 - INFO - defect : True
2025-02-16 00:36:19,253 - INFO - any_defect_identified : True
2025-02-16 00:36:19,253 - INFO - cb_on_cam : True
2025-02-16 00:36:19,253 - INFO - cb_identified : True
2025-02-16 00:36:19,253 - INFO - _________CB END_________
2025-02-16 00:36:19,253 - INFO - _________DEFECT START_________
2025-02-16 00:36:19,253 - INFO - defect : True
2025-02-16 00:36:19,253 - INFO - any_defect_identified : True
2025-02-16 00:36:19,253 - INFO - cb_on_cam : True
2025-02-16 00:36:19,254 - INFO - cb_identified : True
2025-02-16 00:36:19,254 - INFO - _________DEFECT END_________
2025-02-16 00:36:19,530 - INFO - cp identified 1
2025-02-16 00:36:19,530 - INFO - cb
2025-02-16 00:36:19,530 - INFO - Cb Dimention wXh: (20.3, 26.400000000000002)
2025-02-16 00:36:19,531 - INFO - cp identified 2: False Class Name: cb
2025-02-16 00:36:19,531 - INFO - cp identified 3
2025-02-16 00:36:19,532 - INFO - _________CB START_________
2025-02-16 00:36:19,533 - INFO - defect : False
2025-02-16 00:36:19,533 - INFO - any_defect_identified : True
2025-02-16 00:36:19,533 - INFO - cb_on_cam : True
2025-02-16 00:36:19,533 - INFO - cb_identified : True
2025-02-16 00:36:19,533 - INFO - _________CB END_________
2025-02-16 00:36:19,813 - INFO - Decfect identified 1
2025-02-16 00:36:19,817 - INFO - _________DEFECT START_________
2025-02-16 00:36:19,817 - INFO - defect : True
2025-02-16 00:36:19,817 - INFO - any_defect_identified : True
2025-02-16 00:36:19,817 - INFO - cb_on_cam : True
2025-02-16 00:36:19,817 - INFO - cb_identified : False
2025-02-16 00:36:19,817 - INFO - _________DEFECT END_________
2025-02-16 00:36:20,193 - ERROR - Error in append_and_rotate - Brush Id not found
2025-02-16 00:36:20,193 - INFO - brush left




2025-02-16 00:36:22,492 - INFO - cp identified 1
2025-02-16 00:36:22,492 - INFO - cb
2025-02-16 00:36:22,492 - INFO - Cb Dimention wXh: (22.5, 23.3)
2025-02-16 00:36:22,493 - INFO - cp identified 2: False Class Name: cb
2025-02-16 00:36:22,493 - INFO - cp identified 3
2025-02-16 00:36:22,495 - INFO - _________CB START_________
2025-02-16 00:36:22,495 - INFO - defect : False
2025-02-16 00:36:22,495 - INFO - any_defect_identified : False
2025-02-16 00:36:22,495 - INFO - cb_on_cam : True
2025-02-16 00:36:22,495 - INFO - cb_identified : True
2025-02-16 00:36:22,495 - INFO - _________CB END_________
2025-02-16 00:36:22,778 - INFO - cp identified 1
2025-02-16 00:36:22,778 - INFO - cb
2025-02-16 00:36:22,778 - INFO - Cb Dimention wXh: (22.5, 23.3)
2025-02-16 00:36:22,779 - INFO - cp identified 2: False Class Name: cb
2025-02-16 00:36:22,779 - INFO - cp identified 3
2025-02-16 00:36:22,782 - INFO - _________CB START_________
2025-02-16 00:36:22,782 - INFO - defect : False
2025-02-16 00:36:22,782 - INFO - any_defect_identified : False
2025-02-16 00:36:22,782 - INFO - cb_on_cam : True
2025-02-16 00:36:22,782 - INFO - cb_identified : True
2025-02-16 00:36:22,782 - INFO - _________CB END_________
2025-02-16 00:36:23,062 - INFO - cp identified 1
2025-02-16 00:36:23,062 - INFO - cb
2025-02-16 00:36:23,062 - INFO - Cb Dimention wXh: (22.6, 23.3)
2025-02-16 00:36:23,062 - INFO - cp identified 2: False Class Name: cb
2025-02-16 00:36:23,062 - INFO - cp identified 3
2025-02-16 00:36:23,066 - INFO - _________CB START_________
2025-02-16 00:36:23,066 - INFO - defect : False
2025-02-16 00:36:23,066 - INFO - any_defect_identified : False
2025-02-16 00:36:23,066 - INFO - cb_on_cam : True
2025-02-16 00:36:23,066 - INFO - cb_identified : True
2025-02-16 00:36:23,066 - INFO - _________CB END_________
2025-02-16 00:36:23,347 - ERROR - Error in append_and_rotate - Brush Id not found
2025-02-16 00:36:23,347 - INFO - brush left




2025-02-16 00:36:25,612 - INFO - cp identified 1
2025-02-16 00:36:25,612 - INFO - cb
2025-02-16 00:36:25,612 - INFO - Cb Dimention wXh: (14.8, 32.4)
2025-02-16 00:36:25,612 - INFO - cp identified 2: False Class Name: cb
2025-02-16 00:36:25,612 - INFO - cp identified 3
2025-02-16 00:36:25,614 - INFO - _________CB START_________
2025-02-16 00:36:25,614 - INFO - defect : False
2025-02-16 00:36:25,615 - INFO - any_defect_identified : False
2025-02-16 00:36:25,615 - INFO - cb_on_cam : True
2025-02-16 00:36:25,615 - INFO - cb_identified : True
2025-02-16 00:36:25,615 - INFO - _________CB END_________
2025-02-16 00:36:25,897 - ERROR - Error in append_and_rotate - Brush Id not found
2025-02-16 00:36:25,897 - INFO - brush left




2025-02-16 00:36:29,296 - INFO - cp identified 1
2025-02-16 00:36:29,297 - INFO - cb
2025-02-16 00:36:29,297 - INFO - Cb Dimention wXh: (13.100000000000001, 25.1)
2025-02-16 00:36:29,297 - INFO - cp identified 2: False Class Name: cb
2025-02-16 00:36:29,297 - INFO - cp identified 3
2025-02-16 00:36:29,300 - INFO - _________CB START_________
2025-02-16 00:36:29,300 - INFO - defect : False
2025-02-16 00:36:29,300 - INFO - any_defect_identified : False
2025-02-16 00:36:29,300 - INFO - cb_on_cam : True
2025-02-16 00:36:29,300 - INFO - cb_identified : True
2025-02-16 00:36:29,300 - INFO - _________CB END_________
2025-02-16 00:36:29,580 - INFO - cp identified 1
2025-02-16 00:36:29,580 - INFO - cb
2025-02-16 00:36:29,581 - INFO - Cb Dimention wXh: (13.100000000000001, 25.1)
2025-02-16 00:36:29,581 - INFO - cp identified 2: False Class Name: cb
2025-02-16 00:36:29,581 - INFO - cp identified 3
2025-02-16 00:36:29,584 - INFO - _________CB START_________
2025-02-16 00:36:29,584 - INFO - defect : False
2025-02-16 00:36:29,584 - INFO - any_defect_identified : False
2025-02-16 00:36:29,584 - INFO - cb_on_cam : True
2025-02-16 00:36:29,584 - INFO - cb_identified : True
2025-02-16 00:36:29,584 - INFO - _________CB END_________
2025-02-16 00:36:29,864 - INFO - cp identified 1
2025-02-16 00:36:29,864 - INFO - cb
2025-02-16 00:36:29,864 - INFO - Cb Dimention wXh: (13.200000000000001, 25.1)
2025-02-16 00:36:29,864 - INFO - cp identified 2: False Class Name: cb
2025-02-16 00:36:29,864 - INFO - cp identified 3
2025-02-16 00:36:29,866 - INFO - _________CB START_________
2025-02-16 00:36:29,867 - INFO - defect : False
2025-02-16 00:36:29,867 - INFO - any_defect_identified : False
2025-02-16 00:36:29,867 - INFO - cb_on_cam : True
2025-02-16 00:36:29,867 - INFO - cb_identified : True
2025-02-16 00:36:29,867 - INFO - _________CB END_________
2025-02-16 00:36:30,149 - INFO - cp identified 1
2025-02-16 00:36:30,149 - INFO - cb
2025-02-16 00:36:30,149 - INFO - Cb Dimention wXh: (13.100000000000001, 25.1)
2025-02-16 00:36:30,149 - INFO - cp identified 2: False Class Name: cb
2025-02-16 00:36:30,149 - INFO - cp identified 3
2025-02-16 00:36:30,153 - INFO - _________CB START_________
2025-02-16 00:36:30,153 - INFO - defect : False
2025-02-16 00:36:30,153 - INFO - any_defect_identified : False
2025-02-16 00:36:30,153 - INFO - cb_on_cam : True
2025-02-16 00:36:30,153 - INFO - cb_identified : True
2025-02-16 00:36:30,153 - INFO - _________CB END_________
2025-02-16 00:36:30,434 - INFO - cp identified 1
2025-02-16 00:36:30,434 - INFO - cb
2025-02-16 00:36:30,434 - INFO - Cb Dimention wXh: (13.100000000000001, 25.1)
2025-02-16 00:36:30,434 - INFO - cp identified 2: False Class Name: cb
2025-02-16 00:36:30,434 - INFO - cp identified 3
2025-02-16 00:36:30,438 - INFO - _________CB START_________
2025-02-16 00:36:30,438 - INFO - defect : False
2025-02-16 00:36:30,438 - INFO - any_defect_identified : False
2025-02-16 00:36:30,438 - INFO - cb_on_cam : True
2025-02-16 00:36:30,438 - INFO - cb_identified : True
2025-02-16 00:36:30,438 - INFO - _________CB END_________
2025-02-16 00:36:30,718 - INFO - cp identified 1
2025-02-16 00:36:30,719 - INFO - cb
2025-02-16 00:36:30,719 - INFO - Cb Dimention wXh: (13.100000000000001, 25.1)
2025-02-16 00:36:30,719 - INFO - cp identified 2: False Class Name: cb
2025-02-16 00:36:30,719 - INFO - cp identified 3
2025-02-16 00:36:30,723 - INFO - _________CB START_________
2025-02-16 00:36:30,723 - INFO - defect : False
2025-02-16 00:36:30,723 - INFO - any_defect_identified : False
2025-02-16 00:36:30,723 - INFO - cb_on_cam : True
2025-02-16 00:36:30,723 - INFO - cb_identified : True
2025-02-16 00:36:30,723 - INFO - _________CB END_________
2025-02-16 00:36:31,002 - INFO - cp identified 1
2025-02-16 00:36:31,003 - INFO - cb
2025-02-16 00:36:31,003 - INFO - Cb Dimention wXh: (12.9, 25.200000000000003)
2025-02-16 00:36:31,003 - INFO - cp identified 2: False Class Name: cb
2025-02-16 00:36:31,003 - INFO - cp identified 3
2025-02-16 00:36:31,007 - INFO - _________CB START_________
2025-02-16 00:36:31,007 - INFO - defect : False
2025-02-16 00:36:31,007 - INFO - any_defect_identified : False
2025-02-16 00:36:31,007 - INFO - cb_on_cam : True
2025-02-16 00:36:31,007 - INFO - cb_identified : True
2025-02-16 00:36:31,007 - INFO - _________CB END_________
2025-02-16 00:36:31,286 - INFO - cp identified 1
2025-02-16 00:36:31,286 - INFO - cb
2025-02-16 00:36:31,286 - INFO - Cb Dimention wXh: (13.0, 25.1)
2025-02-16 00:36:31,286 - INFO - cp identified 2: False Class Name: cb
2025-02-16 00:36:31,287 - INFO - cp identified 3
2025-02-16 00:36:31,290 - INFO - _________CB START_________
2025-02-16 00:36:31,290 - INFO - defect : False
2025-02-16 00:36:31,290 - INFO - any_defect_identified : False
2025-02-16 00:36:31,290 - INFO - cb_on_cam : True
2025-02-16 00:36:31,290 - INFO - cb_identified : True
2025-02-16 00:36:31,290 - INFO - _________CB END_________
2025-02-16 00:36:31,571 - INFO - cp identified 1
2025-02-16 00:36:31,571 - INFO - cb
2025-02-16 00:36:31,571 - INFO - Cb Dimention wXh: (13.100000000000001, 25.1)
2025-02-16 00:36:31,572 - INFO - cp identified 2: False Class Name: cb
2025-02-16 00:36:31,572 - INFO - cp identified 3
2025-02-16 00:36:31,575 - INFO - _________CB START_________
2025-02-16 00:36:31,575 - INFO - defect : False
2025-02-16 00:36:31,575 - INFO - any_defect_identified : False
2025-02-16 00:36:31,575 - INFO - cb_on_cam : True
2025-02-16 00:36:31,575 - INFO - cb_identified : True
2025-02-16 00:36:31,575 - INFO - _________CB END_________
2025-02-16 00:36:31,856 - INFO - cp identified 1
2025-02-16 00:36:31,857 - INFO - cb
2025-02-16 00:36:31,857 - INFO - Cb Dimention wXh: (13.0, 25.3)
2025-02-16 00:36:31,857 - INFO - cp identified 2: False Class Name: cb
2025-02-16 00:36:31,857 - INFO - cp identified 3
2025-02-16 00:36:31,859 - INFO - _________CB START_________
2025-02-16 00:36:31,860 - INFO - defect : False
2025-02-16 00:36:31,860 - INFO - any_defect_identified : False
2025-02-16 00:36:31,860 - INFO - cb_on_cam : True
2025-02-16 00:36:31,860 - INFO - cb_identified : True
2025-02-16 00:36:31,860 - INFO - _________CB END_________
2025-02-16 00:36:32,149 - INFO - cp identified 1
2025-02-16 00:36:32,149 - INFO - cb
2025-02-16 00:36:32,149 - INFO - Cb Dimention wXh: (13.0, 25.200000000000003)
2025-02-16 00:36:32,150 - INFO - cp identified 2: False Class Name: cb
2025-02-16 00:36:32,150 - INFO - cp identified 3
2025-02-16 00:36:32,153 - INFO - _________CB START_________
2025-02-16 00:36:32,153 - INFO - defect : False
2025-02-16 00:36:32,153 - INFO - any_defect_identified : False
2025-02-16 00:36:32,153 - INFO - cb_on_cam : True
2025-02-16 00:36:32,153 - INFO - cb_identified : True
2025-02-16 00:36:32,153 - INFO - _________CB END_________
2025-02-16 00:36:32,438 - INFO - cp identified 1
2025-02-16 00:36:32,438 - INFO - cb
2025-02-16 00:36:32,438 - INFO - Cb Dimention wXh: (13.100000000000001, 25.3)
2025-02-16 00:36:32,439 - INFO - cp identified 2: False Class Name: cb
2025-02-16 00:36:32,439 - INFO - cp identified 3
2025-02-16 00:36:32,440 - INFO - _________CB START_________
2025-02-16 00:36:32,441 - INFO - defect : False
2025-02-16 00:36:32,441 - INFO - any_defect_identified : False
2025-02-16 00:36:32,441 - INFO - cb_on_cam : True
2025-02-16 00:36:32,441 - INFO - cb_identified : True
2025-02-16 00:36:32,441 - INFO - _________CB END_________
2025-02-16 00:36:32,725 - INFO - cp identified 1
2025-02-16 00:36:32,725 - INFO - cb
2025-02-16 00:36:32,726 - INFO - Cb Dimention wXh: (13.100000000000001, 25.200000000000003)
2025-02-16 00:36:32,726 - INFO - cp identified 2: False Class Name: cb
2025-02-16 00:36:32,726 - INFO - cp identified 3
2025-02-16 00:36:32,728 - INFO - _________CB START_________
2025-02-16 00:36:32,728 - INFO - defect : False
2025-02-16 00:36:32,728 - INFO - any_defect_identified : False
2025-02-16 00:36:32,728 - INFO - cb_on_cam : True
2025-02-16 00:36:32,728 - INFO - cb_identified : True
2025-02-16 00:36:32,728 - INFO - _________CB END_________
2025-02-16 00:36:33,009 - INFO - cp identified 1
2025-02-16 00:36:33,009 - INFO - cb
2025-02-16 00:36:33,010 - INFO - Cb Dimention wXh: (13.100000000000001, 25.1)
2025-02-16 00:36:33,010 - INFO - cp identified 2: False Class Name: cb
2025-02-16 00:36:33,010 - INFO - cp identified 3
2025-02-16 00:36:33,013 - INFO - _________CB START_________
2025-02-16 00:36:33,013 - INFO - defect : False
2025-02-16 00:36:33,013 - INFO - any_defect_identified : False
2025-02-16 00:36:33,013 - INFO - cb_on_cam : True
2025-02-16 00:36:33,013 - INFO - cb_identified : True
2025-02-16 00:36:33,013 - INFO - _________CB END_________
2025-02-16 00:36:33,295 - INFO - cp identified 1
2025-02-16 00:36:33,295 - INFO - cb
2025-02-16 00:36:33,295 - INFO - Cb Dimention wXh: (12.9, 25.3)
2025-02-16 00:36:33,295 - INFO - cp identified 2: False Class Name: cb
2025-02-16 00:36:33,295 - INFO - cp identified 3
2025-02-16 00:36:33,299 - INFO - _________CB START_________
2025-02-16 00:36:33,299 - INFO - defect : False
2025-02-16 00:36:33,299 - INFO - any_defect_identified : False
2025-02-16 00:36:33,299 - INFO - cb_on_cam : True
2025-02-16 00:36:33,299 - INFO - cb_identified : True
2025-02-16 00:36:33,299 - INFO - _________CB END_________
2025-02-16 00:36:33,578 - INFO - cp identified 1
2025-02-16 00:36:33,579 - INFO - cb
2025-02-16 00:36:33,579 - INFO - Cb Dimention wXh: (13.0, 25.3)
2025-02-16 00:36:33,579 - INFO - cp identified 2: False Class Name: cb
2025-02-16 00:36:33,579 - INFO - cp identified 3
2025-02-16 00:36:33,583 - INFO - _________CB START_________
2025-02-16 00:36:33,583 - INFO - defect : False
2025-02-16 00:36:33,583 - INFO - any_defect_identified : False
2025-02-16 00:36:33,583 - INFO - cb_on_cam : True
2025-02-16 00:36:33,583 - INFO - cb_identified : True
2025-02-16 00:36:33,583 - INFO - _________CB END_________
2025-02-16 00:36:33,863 - INFO - cp identified 1
2025-02-16 00:36:33,863 - INFO - cb
2025-02-16 00:36:33,864 - INFO - Cb Dimention wXh: (13.100000000000001, 25.3)
2025-02-16 00:36:33,864 - INFO - cp identified 2: False Class Name: cb
2025-02-16 00:36:33,864 - INFO - cp identified 3
2025-02-16 00:36:33,867 - INFO - _________CB START_________
2025-02-16 00:36:33,867 - INFO - defect : False
2025-02-16 00:36:33,867 - INFO - any_defect_identified : False
2025-02-16 00:36:33,867 - INFO - cb_on_cam : True
2025-02-16 00:36:33,867 - INFO - cb_identified : True
2025-02-16 00:36:33,867 - INFO - _________CB END_________
2025-02-16 00:36:34,146 - INFO - cp identified 1
2025-02-16 00:36:34,147 - INFO - cb
2025-02-16 00:36:34,147 - INFO - Cb Dimention wXh: (13.100000000000001, 25.3)
2025-02-16 00:36:34,147 - INFO - cp identified 2: False Class Name: cb
2025-02-16 00:36:34,147 - INFO - cp identified 3
2025-02-16 00:36:34,150 - INFO - _________CB START_________
2025-02-16 00:36:34,150 - INFO - defect : False
2025-02-16 00:36:34,150 - INFO - any_defect_identified : False
2025-02-16 00:36:34,150 - INFO - cb_on_cam : True
2025-02-16 00:36:34,150 - INFO - cb_identified : True
2025-02-16 00:36:34,150 - INFO - _________CB END_________
2025-02-16 00:36:34,430 - INFO - cp identified 1
2025-02-16 00:36:34,431 - INFO - cb
2025-02-16 00:36:34,431 - INFO - Cb Dimention wXh: (13.0, 25.3)
2025-02-16 00:36:34,431 - INFO - cp identified 2: False Class Name: cb
2025-02-16 00:36:34,431 - INFO - cp identified 3
2025-02-16 00:36:34,433 - INFO - _________CB START_________
2025-02-16 00:36:34,433 - INFO - defect : False
2025-02-16 00:36:34,433 - INFO - any_defect_identified : False
2025-02-16 00:36:34,433 - INFO - cb_on_cam : True
2025-02-16 00:36:34,433 - INFO - cb_identified : True
2025-02-16 00:36:34,433 - INFO - _________CB END_________
2025-02-16 00:36:34,714 - INFO - cp identified 1
2025-02-16 00:36:34,714 - INFO - cb
2025-02-16 00:36:34,715 - INFO - Cb Dimention wXh: (12.9, 25.3)
2025-02-16 00:36:34,715 - INFO - cp identified 2: False Class Name: cb
2025-02-16 00:36:34,715 - INFO - cp identified 3
2025-02-16 00:36:34,718 - INFO - _________CB START_________
2025-02-16 00:36:34,718 - INFO - defect : False
2025-02-16 00:36:34,718 - INFO - any_defect_identified : False
2025-02-16 00:36:34,718 - INFO - cb_on_cam : True
2025-02-16 00:36:34,718 - INFO - cb_identified : True
2025-02-16 00:36:34,718 - INFO - _________CB END_________
2025-02-16 00:36:34,998 - INFO - cp identified 1
2025-02-16 00:36:34,998 - INFO - cb
2025-02-16 00:36:34,999 - INFO - Cb Dimention wXh: (13.100000000000001, 25.3)
2025-02-16 00:36:34,999 - INFO - cp identified 2: False Class Name: cb
2025-02-16 00:36:34,999 - INFO - cp identified 3
2025-02-16 00:36:35,002 - INFO - _________CB START_________
2025-02-16 00:36:35,002 - INFO - defect : False
2025-02-16 00:36:35,002 - INFO - any_defect_identified : False
2025-02-16 00:36:35,002 - INFO - cb_on_cam : True
2025-02-16 00:36:35,002 - INFO - cb_identified : True
2025-02-16 00:36:35,002 - INFO - _________CB END_________
2025-02-16 00:36:35,284 - INFO - cp identified 1
2025-02-16 00:36:35,285 - INFO - cb
2025-02-16 00:36:35,285 - INFO - Cb Dimention wXh: (13.0, 25.200000000000003)
2025-02-16 00:36:35,285 - INFO - cp identified 2: False Class Name: cb
2025-02-16 00:36:35,285 - INFO - cp identified 3
2025-02-16 00:36:35,288 - INFO - _________CB START_________
2025-02-16 00:36:35,288 - INFO - defect : False
2025-02-16 00:36:35,288 - INFO - any_defect_identified : False
2025-02-16 00:36:35,288 - INFO - cb_on_cam : True
2025-02-16 00:36:35,288 - INFO - cb_identified : True
2025-02-16 00:36:35,288 - INFO - _________CB END_________
2025-02-16 00:36:35,618 - INFO - cp identified 1
2025-02-16 00:36:35,619 - INFO - cb
2025-02-16 00:36:35,619 - INFO - Cb Dimention wXh: (13.0, 25.200000000000003)
2025-02-16 00:36:35,619 - INFO - cp identified 2: False Class Name: cb
2025-02-16 00:36:35,619 - INFO - cp identified 3
2025-02-16 00:36:35,624 - INFO - _________CB START_________
2025-02-16 00:36:35,624 - INFO - defect : False
2025-02-16 00:36:35,624 - INFO - any_defect_identified : False
2025-02-16 00:36:35,624 - INFO - cb_on_cam : True
2025-02-16 00:36:35,624 - INFO - cb_identified : True
2025-02-16 00:36:35,624 - INFO - _________CB END_________
2025-02-16 00:36:35,922 - INFO - cp identified 1
2025-02-16 00:36:35,923 - INFO - cb
2025-02-16 00:36:35,923 - INFO - Cb Dimention wXh: (13.0, 25.200000000000003)
2025-02-16 00:36:35,923 - INFO - cp identified 2: False Class Name: cb
2025-02-16 00:36:35,923 - INFO - cp identified 3
2025-02-16 00:36:35,925 - INFO - _________CB START_________
2025-02-16 00:36:35,925 - INFO - defect : False
2025-02-16 00:36:35,925 - INFO - any_defect_identified : False
2025-02-16 00:36:35,925 - INFO - cb_on_cam : True
2025-02-16 00:36:35,925 - INFO - cb_identified : True
2025-02-16 00:36:35,925 - INFO - _________CB END_________
2025-02-16 00:36:36,219 - INFO - cp identified 1
2025-02-16 00:36:36,219 - INFO - cb
2025-02-16 00:36:36,219 - INFO - Cb Dimention wXh: (13.100000000000001, 25.3)
2025-02-16 00:36:36,220 - INFO - cp identified 2: False Class Name: cb
2025-02-16 00:36:36,220 - INFO - cp identified 3
2025-02-16 00:36:36,223 - INFO - _________CB START_________
2025-02-16 00:36:36,223 - INFO - defect : False
2025-02-16 00:36:36,223 - INFO - any_defect_identified : False
2025-02-16 00:36:36,223 - INFO - cb_on_cam : True
2025-02-16 00:36:36,223 - INFO - cb_identified : True
2025-02-16 00:36:36,223 - INFO - _________CB END_________
2025-02-16 00:36:36,552 - INFO - cp identified 1
2025-02-16 00:36:36,552 - INFO - cb
2025-02-16 00:36:36,552 - INFO - Cb Dimention wXh: (12.9, 25.1)
2025-02-16 00:36:36,553 - INFO - cp identified 2: False Class Name: cb
2025-02-16 00:36:36,553 - INFO - cp identified 3
2025-02-16 00:36:36,555 - INFO - _________CB START_________
2025-02-16 00:36:36,556 - INFO - defect : False
2025-02-16 00:36:36,556 - INFO - any_defect_identified : False
2025-02-16 00:36:36,556 - INFO - cb_on_cam : True
2025-02-16 00:36:36,556 - INFO - cb_identified : True
2025-02-16 00:36:36,556 - INFO - _________CB END_________
2025-02-16 00:36:36,931 - INFO - cp identified 1
2025-02-16 00:36:36,931 - INFO - cb
2025-02-16 00:36:36,931 - INFO - Cb Dimention wXh: (13.0, 25.200000000000003)
2025-02-16 00:36:36,931 - INFO - cp identified 2: False Class Name: cb
2025-02-16 00:36:36,931 - INFO - cp identified 3
2025-02-16 00:36:36,933 - INFO - _________CB START_________
2025-02-16 00:36:36,933 - INFO - defect : False
2025-02-16 00:36:36,933 - INFO - any_defect_identified : False
2025-02-16 00:36:36,933 - INFO - cb_on_cam : True
2025-02-16 00:36:36,933 - INFO - cb_identified : True
2025-02-16 00:36:36,934 - INFO - _________CB END_________
2025-02-16 00:36:37,243 - INFO - cp identified 1
2025-02-16 00:36:37,244 - INFO - cb
2025-02-16 00:36:37,244 - INFO - Cb Dimention wXh: (13.100000000000001, 25.200000000000003)
2025-02-16 00:36:37,244 - INFO - cp identified 2: False Class Name: cb
2025-02-16 00:36:37,244 - INFO - cp identified 3
2025-02-16 00:36:37,246 - INFO - _________CB START_________
2025-02-16 00:36:37,247 - INFO - defect : False
2025-02-16 00:36:37,247 - INFO - any_defect_identified : False
2025-02-16 00:36:37,247 - INFO - cb_on_cam : True
2025-02-16 00:36:37,247 - INFO - cb_identified : True
2025-02-16 00:36:37,247 - INFO - _________CB END_________
2025-02-16 00:36:37,554 - INFO - cp identified 1
2025-02-16 00:36:37,554 - INFO - cb
2025-02-16 00:36:37,555 - INFO - Cb Dimention wXh: (12.9, 25.200000000000003)
2025-02-16 00:36:37,555 - INFO - cp identified 2: False Class Name: cb
2025-02-16 00:36:37,555 - INFO - cp identified 3
2025-02-16 00:36:37,557 - INFO - _________CB START_________
2025-02-16 00:36:37,557 - INFO - defect : False
2025-02-16 00:36:37,557 - INFO - any_defect_identified : False
2025-02-16 00:36:37,557 - INFO - cb_on_cam : True
2025-02-16 00:36:37,557 - INFO - cb_identified : True
2025-02-16 00:36:37,557 - INFO - _________CB END_________
2025-02-16 00:36:37,863 - INFO - cp identified 1
2025-02-16 00:36:37,863 - INFO - cb
2025-02-16 00:36:37,863 - INFO - Cb Dimention wXh: (13.0, 25.3)
2025-02-16 00:36:37,864 - INFO - cp identified 2: False Class Name: cb
2025-02-16 00:36:37,864 - INFO - cp identified 3
2025-02-16 00:36:37,866 - INFO - _________CB START_________
2025-02-16 00:36:37,866 - INFO - defect : False
2025-02-16 00:36:37,866 - INFO - any_defect_identified : False
2025-02-16 00:36:37,866 - INFO - cb_on_cam : True
2025-02-16 00:36:37,866 - INFO - cb_identified : True
2025-02-16 00:36:37,866 - INFO - _________CB END_________
2025-02-16 00:36:38,183 - INFO - cp identified 1
2025-02-16 00:36:38,183 - INFO - cb
2025-02-16 00:36:38,184 - INFO - Cb Dimention wXh: (13.0, 25.200000000000003)
2025-02-16 00:36:38,184 - INFO - cp identified 2: False Class Name: cb
2025-02-16 00:36:38,184 - INFO - cp identified 3
2025-02-16 00:36:38,186 - INFO - _________CB START_________
2025-02-16 00:36:38,186 - INFO - defect : False
2025-02-16 00:36:38,186 - INFO - any_defect_identified : False
2025-02-16 00:36:38,186 - INFO - cb_on_cam : True
2025-02-16 00:36:38,186 - INFO - cb_identified : True
2025-02-16 00:36:38,186 - INFO - _________CB END_________
2025-02-16 00:36:38,481 - INFO - cp identified 1
2025-02-16 00:36:38,481 - INFO - cb
2025-02-16 00:36:38,481 - INFO - Cb Dimention wXh: (13.100000000000001, 25.200000000000003)
2025-02-16 00:36:38,481 - INFO - cp identified 2: False Class Name: cb
2025-02-16 00:36:38,481 - INFO - cp identified 3
2025-02-16 00:36:38,485 - INFO - _________CB START_________
2025-02-16 00:36:38,485 - INFO - defect : False
2025-02-16 00:36:38,485 - INFO - any_defect_identified : False
2025-02-16 00:36:38,485 - INFO - cb_on_cam : True
2025-02-16 00:36:38,485 - INFO - cb_identified : True
2025-02-16 00:36:38,485 - INFO - _________CB END_________
2025-02-16 00:36:38,770 - INFO - cp identified 1
2025-02-16 00:36:38,770 - INFO - cb
2025-02-16 00:36:38,771 - INFO - Cb Dimention wXh: (13.0, 25.200000000000003)
2025-02-16 00:36:38,771 - INFO - cp identified 2: False Class Name: cb
2025-02-16 00:36:38,771 - INFO - cp identified 3
2025-02-16 00:36:38,775 - INFO - _________CB START_________
2025-02-16 00:36:38,775 - INFO - defect : False
2025-02-16 00:36:38,775 - INFO - any_defect_identified : False
2025-02-16 00:36:38,775 - INFO - cb_on_cam : True
2025-02-16 00:36:38,775 - INFO - cb_identified : True
2025-02-16 00:36:38,775 - INFO - _________CB END_________
2025-02-16 00:36:39,065 - INFO - cp identified 1
2025-02-16 00:36:39,065 - INFO - cb
2025-02-16 00:36:39,065 - INFO - Cb Dimention wXh: (13.0, 25.1)
2025-02-16 00:36:39,066 - INFO - cp identified 2: False Class Name: cb
2025-02-16 00:36:39,066 - INFO - cp identified 3
2025-02-16 00:36:39,067 - INFO - _________CB START_________
2025-02-16 00:36:39,068 - INFO - defect : False
2025-02-16 00:36:39,068 - INFO - any_defect_identified : False
2025-02-16 00:36:39,068 - INFO - cb_on_cam : True
2025-02-16 00:36:39,068 - INFO - cb_identified : True
2025-02-16 00:36:39,068 - INFO - _________CB END_________
2025-02-16 00:36:39,357 - INFO - cp identified 1
2025-02-16 00:36:39,357 - INFO - cb
2025-02-16 00:36:39,357 - INFO - Cb Dimention wXh: (12.9, 25.200000000000003)
2025-02-16 00:36:39,357 - INFO - cp identified 2: False Class Name: cb
2025-02-16 00:36:39,358 - INFO - cp identified 3
2025-02-16 00:36:39,360 - INFO - _________CB START_________
2025-02-16 00:36:39,360 - INFO - defect : False
2025-02-16 00:36:39,360 - INFO - any_defect_identified : False
2025-02-16 00:36:39,360 - INFO - cb_on_cam : True
2025-02-16 00:36:39,360 - INFO - cb_identified : True
2025-02-16 00:36:39,360 - INFO - _________CB END_________
2025-02-16 00:36:39,657 - INFO - cp identified 1
2025-02-16 00:36:39,657 - INFO - cb
2025-02-16 00:36:39,657 - INFO - Cb Dimention wXh: (13.100000000000001, 25.1)
2025-02-16 00:36:39,657 - INFO - cp identified 2: False Class Name: cb
2025-02-16 00:36:39,658 - INFO - cp identified 3
2025-02-16 00:36:39,659 - INFO - _________CB START_________
2025-02-16 00:36:39,660 - INFO - defect : False
2025-02-16 00:36:39,660 - INFO - any_defect_identified : False
2025-02-16 00:36:39,660 - INFO - cb_on_cam : True
2025-02-16 00:36:39,660 - INFO - cb_identified : True
2025-02-16 00:36:39,660 - INFO - _________CB END_________
2025-02-16 00:36:39,961 - INFO - cp identified 1
2025-02-16 00:36:39,962 - INFO - cb
2025-02-16 00:36:39,962 - INFO - Cb Dimention wXh: (13.0, 25.200000000000003)
2025-02-16 00:36:39,962 - INFO - cp identified 2: False Class Name: cb
2025-02-16 00:36:39,962 - INFO - cp identified 3
2025-02-16 00:36:39,966 - INFO - _________CB START_________
2025-02-16 00:36:39,966 - INFO - defect : False
2025-02-16 00:36:39,966 - INFO - any_defect_identified : False
2025-02-16 00:36:39,966 - INFO - cb_on_cam : True
2025-02-16 00:36:39,966 - INFO - cb_identified : True
2025-02-16 00:36:39,966 - INFO - _________CB END_________
2025-02-16 00:36:40,255 - INFO - cp identified 1
2025-02-16 00:36:40,256 - INFO - cb
2025-02-16 00:36:40,256 - INFO - Cb Dimention wXh: (13.100000000000001, 25.200000000000003)
2025-02-16 00:36:40,256 - INFO - cp identified 2: False Class Name: cb
2025-02-16 00:36:40,256 - INFO - cp identified 3
2025-02-16 00:36:40,258 - INFO - _________CB START_________
2025-02-16 00:36:40,258 - INFO - defect : False
2025-02-16 00:36:40,258 - INFO - any_defect_identified : False
2025-02-16 00:36:40,258 - INFO - cb_on_cam : True
2025-02-16 00:36:40,258 - INFO - cb_identified : True
2025-02-16 00:36:40,258 - INFO - _________CB END_________
2025-02-16 00:36:40,545 - INFO - cp identified 1
2025-02-16 00:36:40,545 - INFO - cb
2025-02-16 00:36:40,545 - INFO - Cb Dimention wXh: (12.9, 25.200000000000003)
2025-02-16 00:36:40,545 - INFO - cp identified 2: False Class Name: cb
2025-02-16 00:36:40,546 - INFO - cp identified 3
2025-02-16 00:36:40,547 - INFO - _________CB START_________
2025-02-16 00:36:40,548 - INFO - defect : False
2025-02-16 00:36:40,548 - INFO - any_defect_identified : False
2025-02-16 00:36:40,548 - INFO - cb_on_cam : True
2025-02-16 00:36:40,548 - INFO - cb_identified : True
2025-02-16 00:36:40,548 - INFO - _________CB END_________
2025-02-16 00:36:40,965 - INFO - cp identified 1
2025-02-16 00:36:40,966 - INFO - cb
2025-02-16 00:36:40,966 - INFO - Cb Dimention wXh: (12.9, 25.200000000000003)
2025-02-16 00:36:40,966 - INFO - cp identified 2: False Class Name: cb
2025-02-16 00:36:40,966 - INFO - cp identified 3
2025-02-16 00:36:40,968 - INFO - _________CB START_________
2025-02-16 00:36:40,968 - INFO - defect : False
2025-02-16 00:36:40,968 - INFO - any_defect_identified : False
2025-02-16 00:36:40,968 - INFO - cb_on_cam : True
2025-02-16 00:36:40,969 - INFO - cb_identified : True
2025-02-16 00:36:40,969 - INFO - _________CB END_________
2025-02-16 00:36:41,298 - INFO - cp identified 1
2025-02-16 00:36:41,298 - INFO - cb
2025-02-16 00:36:41,299 - INFO - Cb Dimention wXh: (13.100000000000001, 25.3)
2025-02-16 00:36:41,299 - INFO - cp identified 2: False Class Name: cb
2025-02-16 00:36:41,299 - INFO - cp identified 3
2025-02-16 00:36:41,301 - INFO - _________CB START_________
2025-02-16 00:36:41,301 - INFO - defect : False
2025-02-16 00:36:41,301 - INFO - any_defect_identified : False
2025-02-16 00:36:41,301 - INFO - cb_on_cam : True
2025-02-16 00:36:41,301 - INFO - cb_identified : True
2025-02-16 00:36:41,301 - INFO - _________CB END_________
2025-02-16 00:36:41,591 - INFO - cp identified 1
2025-02-16 00:36:41,593 - INFO - cb
2025-02-16 00:36:41,593 - INFO - Cb Dimention wXh: (12.9, 25.1)
2025-02-16 00:36:41,593 - INFO - cp identified 2: False Class Name: cb
2025-02-16 00:36:41,593 - INFO - cp identified 3
2025-02-16 00:36:41,603 - INFO - _________CB START_________
2025-02-16 00:36:41,603 - INFO - defect : False
2025-02-16 00:36:41,603 - INFO - any_defect_identified : False
2025-02-16 00:36:41,603 - INFO - cb_on_cam : True
2025-02-16 00:36:41,603 - INFO - cb_identified : True
2025-02-16 00:36:41,603 - INFO - _________CB END_________
2025-02-16 00:36:41,881 - INFO - cp identified 1
2025-02-16 00:36:41,881 - INFO - cb
2025-02-16 00:36:41,881 - INFO - Cb Dimention wXh: (13.0, 25.200000000000003)
2025-02-16 00:36:41,881 - INFO - cp identified 2: False Class Name: cb
2025-02-16 00:36:41,881 - INFO - cp identified 3
2025-02-16 00:36:41,883 - INFO - _________CB START_________
2025-02-16 00:36:41,884 - INFO - defect : False
2025-02-16 00:36:41,884 - INFO - any_defect_identified : False
2025-02-16 00:36:41,884 - INFO - cb_on_cam : True
2025-02-16 00:36:41,884 - INFO - cb_identified : True
2025-02-16 00:36:41,884 - INFO - _________CB END_________
2025-02-16 00:36:42,176 - INFO - cp identified 1
2025-02-16 00:36:42,176 - INFO - cb
2025-02-16 00:36:42,176 - INFO - Cb Dimention wXh: (13.100000000000001, 25.3)
2025-02-16 00:36:42,177 - INFO - cp identified 2: False Class Name: cb
2025-02-16 00:36:42,177 - INFO - cp identified 3
2025-02-16 00:36:42,179 - INFO - _________CB START_________
2025-02-16 00:36:42,179 - INFO - defect : False
2025-02-16 00:36:42,179 - INFO - any_defect_identified : False
2025-02-16 00:36:42,179 - INFO - cb_on_cam : True
2025-02-16 00:36:42,179 - INFO - cb_identified : True
2025-02-16 00:36:42,179 - INFO - _________CB END_________
2025-02-16 00:36:42,466 - INFO - cp identified 1
2025-02-16 00:36:42,467 - INFO - cb
2025-02-16 00:36:42,467 - INFO - Cb Dimention wXh: (13.100000000000001, 25.3)
2025-02-16 00:36:42,467 - INFO - cp identified 2: False Class Name: cb
2025-02-16 00:36:42,467 - INFO - cp identified 3
2025-02-16 00:36:42,469 - INFO - _________CB START_________
2025-02-16 00:36:42,469 - INFO - defect : False
2025-02-16 00:36:42,469 - INFO - any_defect_identified : False
2025-02-16 00:36:42,470 - INFO - cb_on_cam : True
2025-02-16 00:36:42,470 - INFO - cb_identified : True
2025-02-16 00:36:42,470 - INFO - _________CB END_________
2025-02-16 00:36:42,753 - INFO - cp identified 1
2025-02-16 00:36:42,753 - INFO - cb
2025-02-16 00:36:42,753 - INFO - Cb Dimention wXh: (13.100000000000001, 25.3)
2025-02-16 00:36:42,753 - INFO - cp identified 2: False Class Name: cb
2025-02-16 00:36:42,754 - INFO - cp identified 3
2025-02-16 00:36:42,756 - INFO - _________CB START_________
2025-02-16 00:36:42,756 - INFO - defect : False
2025-02-16 00:36:42,756 - INFO - any_defect_identified : False
2025-02-16 00:36:42,756 - INFO - cb_on_cam : True
2025-02-16 00:36:42,756 - INFO - cb_identified : True
2025-02-16 00:36:42,756 - INFO - _________CB END_________
2025-02-16 00:36:43,051 - INFO - cp identified 1
2025-02-16 00:36:43,051 - INFO - cb
2025-02-16 00:36:43,051 - INFO - Cb Dimention wXh: (13.0, 25.3)
2025-02-16 00:36:43,052 - INFO - cp identified 2: False Class Name: cb
2025-02-16 00:36:43,052 - INFO - cp identified 3
2025-02-16 00:36:43,071 - INFO - _________CB START_________
2025-02-16 00:36:43,071 - INFO - defect : False
2025-02-16 00:36:43,071 - INFO - any_defect_identified : False
2025-02-16 00:36:43,071 - INFO - cb_on_cam : True
2025-02-16 00:36:43,071 - INFO - cb_identified : True
2025-02-16 00:36:43,071 - INFO - _________CB END_________
2025-02-16 00:36:43,346 - INFO - cp identified 1
2025-02-16 00:36:43,346 - INFO - cb
2025-02-16 00:36:43,346 - INFO - Cb Dimention wXh: (12.9, 25.200000000000003)
2025-02-16 00:36:43,347 - INFO - cp identified 2: False Class Name: cb
2025-02-16 00:36:43,347 - INFO - cp identified 3
2025-02-16 00:36:43,349 - INFO - _________CB START_________
2025-02-16 00:36:43,349 - INFO - defect : False
2025-02-16 00:36:43,349 - INFO - any_defect_identified : False
2025-02-16 00:36:43,349 - INFO - cb_on_cam : True
2025-02-16 00:36:43,349 - INFO - cb_identified : True
2025-02-16 00:36:43,349 - INFO - _________CB END_________
2025-02-16 00:36:43,634 - INFO - cp identified 1
2025-02-16 00:36:43,634 - INFO - cb
2025-02-16 00:36:43,634 - INFO - Cb Dimention wXh: (13.0, 25.3)
2025-02-16 00:36:43,635 - INFO - cp identified 2: False Class Name: cb
2025-02-16 00:36:43,635 - INFO - cp identified 3
2025-02-16 00:36:43,652 - INFO - _________CB START_________
2025-02-16 00:36:43,652 - INFO - defect : False
2025-02-16 00:36:43,652 - INFO - any_defect_identified : False
2025-02-16 00:36:43,652 - INFO - cb_on_cam : True
2025-02-16 00:36:43,652 - INFO - cb_identified : True
2025-02-16 00:36:43,652 - INFO - _________CB END_________
2025-02-16 00:36:43,922 - INFO - cp identified 1
2025-02-16 00:36:43,922 - INFO - cb
2025-02-16 00:36:43,922 - INFO - Cb Dimention wXh: (12.9, 25.1)
2025-02-16 00:36:43,923 - INFO - cp identified 2: False Class Name: cb
2025-02-16 00:36:43,923 - INFO - cp identified 3
2025-02-16 00:36:43,925 - INFO - _________CB START_________
2025-02-16 00:36:43,925 - INFO - defect : False
2025-02-16 00:36:43,925 - INFO - any_defect_identified : False
2025-02-16 00:36:43,925 - INFO - cb_on_cam : True
2025-02-16 00:36:43,925 - INFO - cb_identified : True
2025-02-16 00:36:43,925 - INFO - _________CB END_________
2025-02-16 00:36:44,213 - INFO - cp identified 1
2025-02-16 00:36:44,214 - INFO - cb
2025-02-16 00:36:44,214 - INFO - Cb Dimention wXh: (13.0, 25.200000000000003)
2025-02-16 00:36:44,214 - INFO - cp identified 2: False Class Name: cb
2025-02-16 00:36:44,214 - INFO - cp identified 3
2025-02-16 00:36:44,216 - INFO - _________CB START_________
2025-02-16 00:36:44,216 - INFO - defect : False
2025-02-16 00:36:44,216 - INFO - any_defect_identified : False
2025-02-16 00:36:44,216 - INFO - cb_on_cam : True
2025-02-16 00:36:44,216 - INFO - cb_identified : True
2025-02-16 00:36:44,216 - INFO - _________CB END_________
2025-02-16 00:36:44,501 - INFO - cp identified 1
2025-02-16 00:36:44,502 - INFO - cb
2025-02-16 00:36:44,502 - INFO - Cb Dimention wXh: (13.100000000000001, 25.3)
2025-02-16 00:36:44,502 - INFO - cp identified 2: False Class Name: cb
2025-02-16 00:36:44,502 - INFO - cp identified 3
2025-02-16 00:36:44,514 - INFO - _________CB START_________
2025-02-16 00:36:44,514 - INFO - defect : False
2025-02-16 00:36:44,514 - INFO - any_defect_identified : False
2025-02-16 00:36:44,514 - INFO - cb_on_cam : True
2025-02-16 00:36:44,514 - INFO - cb_identified : True
2025-02-16 00:36:44,514 - INFO - _________CB END_________
2025-02-16 00:36:44,788 - INFO - cp identified 1
2025-02-16 00:36:44,788 - INFO - cb
2025-02-16 00:36:44,788 - INFO - Cb Dimention wXh: (12.9, 25.200000000000003)
2025-02-16 00:36:44,788 - INFO - cp identified 2: False Class Name: cb
2025-02-16 00:36:44,788 - INFO - cp identified 3
2025-02-16 00:36:44,800 - INFO - _________CB START_________
2025-02-16 00:36:44,800 - INFO - defect : False
2025-02-16 00:36:44,800 - INFO - any_defect_identified : False
2025-02-16 00:36:44,800 - INFO - cb_on_cam : True
2025-02-16 00:36:44,800 - INFO - cb_identified : True
2025-02-16 00:36:44,800 - INFO - _________CB END_________
2025-02-16 00:36:45,077 - INFO - cp identified 1
2025-02-16 00:36:45,077 - INFO - cb
2025-02-16 00:36:45,078 - INFO - Cb Dimention wXh: (13.100000000000001, 25.200000000000003)
2025-02-16 00:36:45,078 - INFO - cp identified 2: False Class Name: cb
2025-02-16 00:36:45,078 - INFO - cp identified 3
2025-02-16 00:36:45,080 - INFO - _________CB START_________
2025-02-16 00:36:45,080 - INFO - defect : False
2025-02-16 00:36:45,080 - INFO - any_defect_identified : False
2025-02-16 00:36:45,080 - INFO - cb_on_cam : True
2025-02-16 00:36:45,080 - INFO - cb_identified : True
2025-02-16 00:36:45,080 - INFO - _________CB END_________
2025-02-16 00:36:45,365 - INFO - cp identified 1
2025-02-16 00:36:45,365 - INFO - cb
2025-02-16 00:36:45,365 - INFO - Cb Dimention wXh: (13.0, 25.200000000000003)
2025-02-16 00:36:45,365 - INFO - cp identified 2: False Class Name: cb
2025-02-16 00:36:45,365 - INFO - cp identified 3
2025-02-16 00:36:45,368 - INFO - _________CB START_________
2025-02-16 00:36:45,368 - INFO - defect : False
2025-02-16 00:36:45,368 - INFO - any_defect_identified : False
2025-02-16 00:36:45,368 - INFO - cb_on_cam : True
2025-02-16 00:36:45,368 - INFO - cb_identified : True
2025-02-16 00:36:45,368 - INFO - _________CB END_________
2025-02-16 00:36:45,655 - INFO - cp identified 1
2025-02-16 00:36:45,655 - INFO - cb
2025-02-16 00:36:45,655 - INFO - Cb Dimention wXh: (13.100000000000001, 25.200000000000003)
2025-02-16 00:36:45,656 - INFO - cp identified 2: False Class Name: cb
2025-02-16 00:36:45,656 - INFO - cp identified 3
2025-02-16 00:36:45,658 - INFO - _________CB START_________
2025-02-16 00:36:45,658 - INFO - defect : False
2025-02-16 00:36:45,658 - INFO - any_defect_identified : False
2025-02-16 00:36:45,658 - INFO - cb_on_cam : True
2025-02-16 00:36:45,658 - INFO - cb_identified : True
2025-02-16 00:36:45,658 - INFO - _________CB END_________
2025-02-16 00:36:45,944 - INFO - cp identified 1
2025-02-16 00:36:45,944 - INFO - cb
2025-02-16 00:36:45,945 - INFO - Cb Dimention wXh: (13.100000000000001, 25.200000000000003)
2025-02-16 00:36:45,945 - INFO - cp identified 2: False Class Name: cb
2025-02-16 00:36:45,945 - INFO - cp identified 3
2025-02-16 00:36:45,947 - INFO - _________CB START_________
2025-02-16 00:36:45,947 - INFO - defect : False
2025-02-16 00:36:45,947 - INFO - any_defect_identified : False
2025-02-16 00:36:45,947 - INFO - cb_on_cam : True
2025-02-16 00:36:45,947 - INFO - cb_identified : True
2025-02-16 00:36:45,947 - INFO - _________CB END_________
2025-02-16 00:36:46,244 - INFO - cp identified 1
2025-02-16 00:36:46,244 - INFO - cb
2025-02-16 00:36:46,244 - INFO - Cb Dimention wXh: (13.0, 25.200000000000003)
2025-02-16 00:36:46,244 - INFO - cp identified 2: False Class Name: cb
2025-02-16 00:36:46,244 - INFO - cp identified 3
2025-02-16 00:36:46,246 - INFO - _________CB START_________
2025-02-16 00:36:46,247 - INFO - defect : False
2025-02-16 00:36:46,247 - INFO - any_defect_identified : False
2025-02-16 00:36:46,247 - INFO - cb_on_cam : True
2025-02-16 00:36:46,247 - INFO - cb_identified : True
2025-02-16 00:36:46,247 - INFO - _________CB END_________
2025-02-16 00:36:46,532 - INFO - cp identified 1
2025-02-16 00:36:46,532 - INFO - cb
2025-02-16 00:36:46,532 - INFO - Cb Dimention wXh: (13.0, 25.3)
2025-02-16 00:36:46,532 - INFO - cp identified 2: False Class Name: cb
2025-02-16 00:36:46,532 - INFO - cp identified 3
2025-02-16 00:36:46,534 - INFO - _________CB START_________
2025-02-16 00:36:46,534 - INFO - defect : False
2025-02-16 00:36:46,535 - INFO - any_defect_identified : False
2025-02-16 00:36:46,535 - INFO - cb_on_cam : True
2025-02-16 00:36:46,535 - INFO - cb_identified : True
2025-02-16 00:36:46,535 - INFO - _________CB END_________
2025-02-16 00:36:46,824 - INFO - cp identified 1
2025-02-16 00:36:46,824 - INFO - cb
2025-02-16 00:36:46,824 - INFO - Cb Dimention wXh: (13.100000000000001, 25.3)
2025-02-16 00:36:46,824 - INFO - cp identified 2: False Class Name: cb
2025-02-16 00:36:46,824 - INFO - cp identified 3
2025-02-16 00:36:46,826 - INFO - _________CB START_________
2025-02-16 00:36:46,827 - INFO - defect : False
2025-02-16 00:36:46,827 - INFO - any_defect_identified : False
2025-02-16 00:36:46,827 - INFO - cb_on_cam : True
2025-02-16 00:36:46,827 - INFO - cb_identified : True
2025-02-16 00:36:46,827 - INFO - _________CB END_________
2025-02-16 00:36:47,129 - INFO - cp identified 1
2025-02-16 00:36:47,130 - INFO - cb
2025-02-16 00:36:47,130 - INFO - Cb Dimention wXh: (13.0, 25.200000000000003)
2025-02-16 00:36:47,130 - INFO - cp identified 2: False Class Name: cb
2025-02-16 00:36:47,130 - INFO - cp identified 3
2025-02-16 00:36:47,132 - INFO - _________CB START_________
2025-02-16 00:36:47,132 - INFO - defect : False
2025-02-16 00:36:47,132 - INFO - any_defect_identified : False
2025-02-16 00:36:47,132 - INFO - cb_on_cam : True
2025-02-16 00:36:47,132 - INFO - cb_identified : True
2025-02-16 00:36:47,132 - INFO - _________CB END_________
2025-02-16 00:36:47,421 - INFO - cp identified 1
2025-02-16 00:36:47,422 - INFO - cb
2025-02-16 00:36:47,422 - INFO - Cb Dimention wXh: (13.0, 25.200000000000003)
2025-02-16 00:36:47,422 - INFO - cp identified 2: False Class Name: cb
2025-02-16 00:36:47,422 - INFO - cp identified 3
2025-02-16 00:36:47,424 - INFO - _________CB START_________
2025-02-16 00:36:47,424 - INFO - defect : False
2025-02-16 00:36:47,424 - INFO - any_defect_identified : False
2025-02-16 00:36:47,424 - INFO - cb_on_cam : True
2025-02-16 00:36:47,424 - INFO - cb_identified : True
2025-02-16 00:36:47,424 - INFO - _________CB END_________
2025-02-16 00:36:47,721 - INFO - cp identified 1
2025-02-16 00:36:47,721 - INFO - cb
2025-02-16 00:36:47,721 - INFO - Cb Dimention wXh: (13.0, 25.200000000000003)
2025-02-16 00:36:47,721 - INFO - cp identified 2: False Class Name: cb
2025-02-16 00:36:47,721 - INFO - cp identified 3
2025-02-16 00:36:47,724 - INFO - _________CB START_________
2025-02-16 00:36:47,724 - INFO - defect : False
2025-02-16 00:36:47,724 - INFO - any_defect_identified : False
2025-02-16 00:36:47,724 - INFO - cb_on_cam : True
2025-02-16 00:36:47,724 - INFO - cb_identified : True
2025-02-16 00:36:47,724 - INFO - _________CB END_________
2025-02-16 00:36:48,018 - INFO - cp identified 1
2025-02-16 00:36:48,019 - INFO - cb
2025-02-16 00:36:48,019 - INFO - Cb Dimention wXh: (13.0, 25.1)
2025-02-16 00:36:48,019 - INFO - cp identified 2: False Class Name: cb
2025-02-16 00:36:48,019 - INFO - cp identified 3
2025-02-16 00:36:48,021 - INFO - _________CB START_________
2025-02-16 00:36:48,021 - INFO - defect : False
2025-02-16 00:36:48,021 - INFO - any_defect_identified : False
2025-02-16 00:36:48,021 - INFO - cb_on_cam : True
2025-02-16 00:36:48,021 - INFO - cb_identified : True
2025-02-16 00:36:48,021 - INFO - _________CB END_________
2025-02-16 00:36:48,313 - INFO - cp identified 1
2025-02-16 00:36:48,313 - INFO - cb
2025-02-16 00:36:48,313 - INFO - Cb Dimention wXh: (12.9, 25.1)
2025-02-16 00:36:48,314 - INFO - cp identified 2: False Class Name: cb
2025-02-16 00:36:48,314 - INFO - cp identified 3
2025-02-16 00:36:48,316 - INFO - _________CB START_________
2025-02-16 00:36:48,316 - INFO - defect : False
2025-02-16 00:36:48,316 - INFO - any_defect_identified : False
2025-02-16 00:36:48,316 - INFO - cb_on_cam : True
2025-02-16 00:36:48,316 - INFO - cb_identified : True
2025-02-16 00:36:48,316 - INFO - _________CB END_________
2025-02-16 00:36:48,601 - INFO - cp identified 1
2025-02-16 00:36:48,602 - INFO - cb
2025-02-16 00:36:48,602 - INFO - Cb Dimention wXh: (13.0, 25.3)
2025-02-16 00:36:48,602 - INFO - cp identified 2: False Class Name: cb
2025-02-16 00:36:48,602 - INFO - cp identified 3
2025-02-16 00:36:48,604 - INFO - _________CB START_________
2025-02-16 00:36:48,604 - INFO - defect : False
2025-02-16 00:36:48,604 - INFO - any_defect_identified : False
2025-02-16 00:36:48,604 - INFO - cb_on_cam : True
2025-02-16 00:36:48,604 - INFO - cb_identified : True
2025-02-16 00:36:48,604 - INFO - _________CB END_________
2025-02-16 00:36:48,839 - INFO - Closing All Cameras.
2025-02-16 00:36:49,049 - INFO - cp identified 1
2025-02-16 00:36:49,049 - INFO - cb
2025-02-16 00:36:49,049 - INFO - Cb Dimention wXh: (13.100000000000001, 25.200000000000003)
2025-02-16 00:36:49,050 - INFO - cp identified 2: False Class Name: cb
2025-02-16 00:36:49,050 - INFO - cp identified 3
2025-02-16 00:36:49,068 - INFO - _________CB START_________
2025-02-16 00:36:49,069 - INFO - defect : False
2025-02-16 00:36:49,069 - INFO - any_defect_identified : False
2025-02-16 00:36:49,069 - INFO - cb_on_cam : True
2025-02-16 00:36:49,069 - INFO - cb_identified : True
2025-02-16 00:36:49,069 - INFO - _________CB END_________
2025-02-16 00:36:49,659 - INFO - All camera daily operations are closed
